This file contains any messages produced by compilers while
running configure, to aid debugging if configure makes a mistake.

It was created by ld configure 2.27, which was
generated by GNU Autoconf 2.64.  Invocation command line was

  $ /home/users/ktran20/lab3/tools/gcc-mips/build/binutils-2.27/ld/configure --srcdir=../../binutils-2.27/ld --cache-file=./config.cache --with-gnu-as --with-gnu-ld --prefix=/home/users/ktran20/lab3/tools/gcc-mips/mips_tc --disable-nls --program-transform-name=s&^&mips-elf-& --disable-option-checking --build=x86_64-pc-linux-gnu --host=x86_64-pc-linux-gnu --target=mips-elf

## --------- ##
## Platform. ##
## --------- ##

hostname = iron-03
uname -m = x86_64
uname -r = 6.8.0-49-generic
uname -s = Linux
uname -v = #49~22.04.1-Ubuntu SMP PREEMPT_DYNAMIC Wed Nov  6 17:42:15 UTC 2

/usr/bin/uname -p = x86_64
/bin/uname -X     = unknown

/bin/arch              = x86_64
/usr/bin/arch -k       = unknown
/usr/convex/getsysinfo = unknown
/usr/bin/hostinfo      = unknown
/bin/machine           = unknown
/usr/bin/oslevel       = unknown
/bin/universe          = unknown

PATH: /usr/share/Modules/bin
PATH: /usr/local/sbin
PATH: /usr/local/bin
PATH: /usr/sbin
PATH: /usr/bin
PATH: /sbin
PATH: /bin


## ----------- ##
## Core tests. ##
## ----------- ##

configure:2535: creating cache ./config.cache
configure:2640: checking build system type
configure:2654: result: x86_64-pc-linux-gnu
configure:2674: checking host system type
configure:2687: result: x86_64-pc-linux-gnu
configure:2707: checking target system type
configure:2720: result: mips-unknown-elf
configure:2755: checking for x86_64-pc-linux-gnu-gcc
configure:2782: result: gcc
configure:3051: checking for C compiler version
configure:3060: gcc --version >&5
gcc (GCC) 8.5.0 20210514 (Red Hat 8.5.0-22)
Copyright (C) 2018 Free Software Foundation, Inc.
This is free software; see the source for copying conditions.  There is NO
warranty; not even for MERCHANTABILITY or FITNESS FOR A PARTICULAR PURPOSE.

configure:3071: $? = 0
configure:3060: gcc -v >&5
Using built-in specs.
COLLECT_GCC=gcc
COLLECT_LTO_WRAPPER=/usr/libexec/gcc/x86_64-redhat-linux/8/lto-wrapper
OFFLOAD_TARGET_NAMES=nvptx-none
OFFLOAD_TARGET_DEFAULT=1
Target: x86_64-redhat-linux
Configured with: ../configure --enable-bootstrap --enable-languages=c,c++,fortran,lto --prefix=/usr --mandir=/usr/share/man --infodir=/usr/share/info --with-bugurl=https://bugs.rockylinux.org/ --enable-shared --enable-threads=posix --enable-checking=release --enable-multilib --with-system-zlib --enable-__cxa_atexit --disable-libunwind-exceptions --enable-gnu-unique-object --enable-linker-build-id --with-gcc-major-version-only --with-linker-hash-style=gnu --enable-plugin --enable-initfini-array --with-isl --disable-libmpx --enable-offload-targets=nvptx-none --without-cuda-driver --enable-gnu-indirect-function --enable-cet --with-tune=generic --with-arch_32=x86-64 --build=x86_64-redhat-linux
Thread model: posix
gcc version 8.5.0 20210514 (Red Hat 8.5.0-22) (GCC) 
configure:3071: $? = 0
configure:3060: gcc -V >&5
gcc: error: unrecognized command line option '-V'
gcc: fatal error: no input files
compilation terminated.
configure:3071: $? = 1
configure:3060: gcc -qversion >&5
gcc: error: unrecognized command line option '-qversion'; did you mean '--version'?
gcc: fatal error: no input files
compilation terminated.
configure:3071: $? = 1
configure:3091: checking for C compiler default output file name
configure:3113: gcc -g -O2    conftest.c  >&5
configure:3117: $? = 0
configure:3154: result: a.out
configure:3170: checking whether the C compiler works
configure:3179: ./a.out
configure:3183: $? = 0
configure:3198: result: yes
configure:3205: checking whether we are cross compiling
configure:3207: result: no
configure:3210: checking for suffix of executables
configure:3217: gcc -o conftest -g -O2    conftest.c  >&5
configure:3221: $? = 0
configure:3243: result: 
configure:3249: checking for suffix of object files
configure:3271: gcc -c -g -O2  conftest.c >&5
configure:3275: $? = 0
configure:3296: result: o
configure:3300: checking whether we are using the GNU C compiler
configure:3319: gcc -c -g -O2  conftest.c >&5
configure:3319: $? = 0
configure:3328: result: yes
configure:3337: checking whether gcc accepts -g
configure:3357: gcc -c -g  conftest.c >&5
configure:3357: $? = 0
configure:3398: result: yes
configure:3415: checking for gcc option to accept ISO C89
configure:3479: gcc  -c -g -O2  conftest.c >&5
configure:3479: $? = 0
configure:3492: result: none needed
configure:3513: checking for library containing strerror
configure:3544: gcc -o conftest -g -O2    conftest.c  >&5
configure:3544: $? = 0
configure:3561: result: none required
configure:3586: checking for a BSD-compatible install
configure:3654: result: /usr/bin/install -c
configure:3665: checking whether build environment is sane
configure:3715: result: yes
configure:3856: checking for a thread-safe mkdir -p
configure:3895: result: /usr/bin/mkdir -p
configure:3908: checking for gawk
configure:3935: result: gawk
configure:3946: checking whether make sets $(MAKE)
configure:3968: result: yes
configure:3998: checking for style of include used by make
configure:4026: result: GNU
configure:4112: checking dependency style of gcc
configure:4223: result: gcc3
configure:4240: checking whether to enable maintainer-specific portions of Makefiles
configure:4249: result: no
configure:4271: checking for x86_64-pc-linux-gnu-gcc
configure:4298: result: gcc
configure:4567: checking for C compiler version
configure:4576: gcc --version >&5
gcc (GCC) 8.5.0 20210514 (Red Hat 8.5.0-22)
Copyright (C) 2018 Free Software Foundation, Inc.
This is free software; see the source for copying conditions.  There is NO
warranty; not even for MERCHANTABILITY or FITNESS FOR A PARTICULAR PURPOSE.

configure:4587: $? = 0
configure:4576: gcc -v >&5
Using built-in specs.
COLLECT_GCC=gcc
COLLECT_LTO_WRAPPER=/usr/libexec/gcc/x86_64-redhat-linux/8/lto-wrapper
OFFLOAD_TARGET_NAMES=nvptx-none
OFFLOAD_TARGET_DEFAULT=1
Target: x86_64-redhat-linux
Configured with: ../configure --enable-bootstrap --enable-languages=c,c++,fortran,lto --prefix=/usr --mandir=/usr/share/man --infodir=/usr/share/info --with-bugurl=https://bugs.rockylinux.org/ --enable-shared --enable-threads=posix --enable-checking=release --enable-multilib --with-system-zlib --enable-__cxa_atexit --disable-libunwind-exceptions --enable-gnu-unique-object --enable-linker-build-id --with-gcc-major-version-only --with-linker-hash-style=gnu --enable-plugin --enable-initfini-array --with-isl --disable-libmpx --enable-offload-targets=nvptx-none --without-cuda-driver --enable-gnu-indirect-function --enable-cet --with-tune=generic --with-arch_32=x86-64 --build=x86_64-redhat-linux
Thread model: posix
gcc version 8.5.0 20210514 (Red Hat 8.5.0-22) (GCC) 
configure:4587: $? = 0
configure:4576: gcc -V >&5
gcc: error: unrecognized command line option '-V'
gcc: fatal error: no input files
compilation terminated.
configure:4587: $? = 1
configure:4576: gcc -qversion >&5
gcc: error: unrecognized command line option '-qversion'; did you mean '--version'?
gcc: fatal error: no input files
compilation terminated.
configure:4587: $? = 1
configure:4591: checking whether we are using the GNU C compiler
configure:4619: result: yes
configure:4628: checking whether gcc accepts -g
configure:4689: result: yes
configure:4706: checking for gcc option to accept ISO C89
configure:4783: result: none needed
configure:4915: checking for C++ compiler version
configure:4924: g++ --version >&5
g++ (GCC) 8.5.0 20210514 (Red Hat 8.5.0-22)
Copyright (C) 2018 Free Software Foundation, Inc.
This is free software; see the source for copying conditions.  There is NO
warranty; not even for MERCHANTABILITY or FITNESS FOR A PARTICULAR PURPOSE.

configure:4935: $? = 0
configure:4924: g++ -v >&5
Using built-in specs.
COLLECT_GCC=g++
COLLECT_LTO_WRAPPER=/usr/libexec/gcc/x86_64-redhat-linux/8/lto-wrapper
OFFLOAD_TARGET_NAMES=nvptx-none
OFFLOAD_TARGET_DEFAULT=1
Target: x86_64-redhat-linux
Configured with: ../configure --enable-bootstrap --enable-languages=c,c++,fortran,lto --prefix=/usr --mandir=/usr/share/man --infodir=/usr/share/info --with-bugurl=https://bugs.rockylinux.org/ --enable-shared --enable-threads=posix --enable-checking=release --enable-multilib --with-system-zlib --enable-__cxa_atexit --disable-libunwind-exceptions --enable-gnu-unique-object --enable-linker-build-id --with-gcc-major-version-only --with-linker-hash-style=gnu --enable-plugin --enable-initfini-array --with-isl --disable-libmpx --enable-offload-targets=nvptx-none --without-cuda-driver --enable-gnu-indirect-function --enable-cet --with-tune=generic --with-arch_32=x86-64 --build=x86_64-redhat-linux
Thread model: posix
gcc version 8.5.0 20210514 (Red Hat 8.5.0-22) (GCC) 
configure:4935: $? = 0
configure:4924: g++ -V >&5
g++: error: unrecognized command line option '-V'
g++: fatal error: no input files
compilation terminated.
configure:4935: $? = 1
configure:4924: g++ -qversion >&5
g++: error: unrecognized command line option '-qversion'; did you mean '--version'?
g++: fatal error: no input files
compilation terminated.
configure:4935: $? = 1
configure:4939: checking whether we are using the GNU C++ compiler
configure:4958: g++ -c -g -O2  conftest.cpp >&5
configure:4958: $? = 0
configure:4967: result: yes
configure:4976: checking whether g++ accepts -g
configure:4996: g++ -c -g  conftest.cpp >&5
configure:4996: $? = 0
configure:5037: result: yes
configure:5062: checking dependency style of g++
configure:5173: result: gcc3
configure:5188: checking for grep that handles long lines and -e
configure:5246: result: /usr/bin/grep
configure:5256: checking how to run the C preprocessor
configure:5287: gcc -E  conftest.c
configure:5287: $? = 0
configure:5301: gcc -E  conftest.c
conftest.c:11:10: fatal error: ac_nonexistent.h: No such file or directory
 #include <ac_nonexistent.h>
          ^~~~~~~~~~~~~~~~~~
compilation terminated.
configure:5301: $? = 1
configure: failed program was:
| /* confdefs.h */
| #define PACKAGE_NAME "ld"
| #define PACKAGE_TARNAME "ld"
| #define PACKAGE_VERSION "2.27"
| #define PACKAGE_STRING "ld 2.27"
| #define PACKAGE_BUGREPORT ""
| #define PACKAGE_URL ""
| #define PACKAGE "ld"
| #define VERSION "2.27"
| /* end confdefs.h.  */
| #include <ac_nonexistent.h>
configure:5326: result: gcc -E
configure:5346: gcc -E  conftest.c
configure:5346: $? = 0
configure:5360: gcc -E  conftest.c
conftest.c:11:10: fatal error: ac_nonexistent.h: No such file or directory
 #include <ac_nonexistent.h>
          ^~~~~~~~~~~~~~~~~~
compilation terminated.
configure:5360: $? = 1
configure: failed program was:
| /* confdefs.h */
| #define PACKAGE_NAME "ld"
| #define PACKAGE_TARNAME "ld"
| #define PACKAGE_VERSION "2.27"
| #define PACKAGE_STRING "ld 2.27"
| #define PACKAGE_BUGREPORT ""
| #define PACKAGE_URL ""
| #define PACKAGE "ld"
| #define VERSION "2.27"
| /* end confdefs.h.  */
| #include <ac_nonexistent.h>
configure:5389: checking for egrep
configure:5451: result: /usr/bin/grep -E
configure:5456: checking for ANSI C header files
configure:5476: gcc -c -g -O2  conftest.c >&5
configure:5476: $? = 0
configure:5549: gcc -o conftest -g -O2    conftest.c  >&5
configure:5549: $? = 0
configure:5549: ./conftest
configure:5549: $? = 0
configure:5560: result: yes
configure:5573: checking for sys/types.h
configure:5573: gcc -c -g -O2  conftest.c >&5
configure:5573: $? = 0
configure:5573: result: yes
configure:5573: checking for sys/stat.h
configure:5573: gcc -c -g -O2  conftest.c >&5
configure:5573: $? = 0
configure:5573: result: yes
configure:5573: checking for stdlib.h
configure:5573: gcc -c -g -O2  conftest.c >&5
configure:5573: $? = 0
configure:5573: result: yes
configure:5573: checking for string.h
configure:5573: gcc -c -g -O2  conftest.c >&5
configure:5573: $? = 0
configure:5573: result: yes
configure:5573: checking for memory.h
configure:5573: gcc -c -g -O2  conftest.c >&5
configure:5573: $? = 0
configure:5573: result: yes
configure:5573: checking for strings.h
configure:5573: gcc -c -g -O2  conftest.c >&5
configure:5573: $? = 0
configure:5573: result: yes
configure:5573: checking for inttypes.h
configure:5573: gcc -c -g -O2  conftest.c >&5
configure:5573: $? = 0
configure:5573: result: yes
configure:5573: checking for stdint.h
configure:5573: gcc -c -g -O2  conftest.c >&5
configure:5573: $? = 0
configure:5573: result: yes
configure:5573: checking for unistd.h
configure:5573: gcc -c -g -O2  conftest.c >&5
configure:5573: $? = 0
configure:5573: result: yes
configure:5587: checking minix/config.h usability
configure:5587: gcc -c -g -O2  conftest.c >&5
conftest.c:54:10: fatal error: minix/config.h: No such file or directory
 #include <minix/config.h>
          ^~~~~~~~~~~~~~~~
compilation terminated.
configure:5587: $? = 1
configure: failed program was:
| /* confdefs.h */
| #define PACKAGE_NAME "ld"
| #define PACKAGE_TARNAME "ld"
| #define PACKAGE_VERSION "2.27"
| #define PACKAGE_STRING "ld 2.27"
| #define PACKAGE_BUGREPORT ""
| #define PACKAGE_URL ""
| #define PACKAGE "ld"
| #define VERSION "2.27"
| #define STDC_HEADERS 1
| #define HAVE_SYS_TYPES_H 1
| #define HAVE_SYS_STAT_H 1
| #define HAVE_STDLIB_H 1
| #define HAVE_STRING_H 1
| #define HAVE_MEMORY_H 1
| #define HAVE_STRINGS_H 1
| #define HAVE_INTTYPES_H 1
| #define HAVE_STDINT_H 1
| #define HAVE_UNISTD_H 1
| /* end confdefs.h.  */
| #include <stdio.h>
| #ifdef HAVE_SYS_TYPES_H
| # include <sys/types.h>
| #endif
| #ifdef HAVE_SYS_STAT_H
| # include <sys/stat.h>
| #endif
| #ifdef STDC_HEADERS
| # include <stdlib.h>
| # include <stddef.h>
| #else
| # ifdef HAVE_STDLIB_H
| #  include <stdlib.h>
| # endif
| #endif
| #ifdef HAVE_STRING_H
| # if !defined STDC_HEADERS && defined HAVE_MEMORY_H
| #  include <memory.h>
| # endif
| # include <string.h>
| #endif
| #ifdef HAVE_STRINGS_H
| # include <strings.h>
| #endif
| #ifdef HAVE_INTTYPES_H
| # include <inttypes.h>
| #endif
| #ifdef HAVE_STDINT_H
| # include <stdint.h>
| #endif
| #ifdef HAVE_UNISTD_H
| # include <unistd.h>
| #endif
| #include <minix/config.h>
configure:5587: result: no
configure:5587: checking minix/config.h presence
configure:5587: gcc -E  conftest.c
conftest.c:21:10: fatal error: minix/config.h: No such file or directory
 #include <minix/config.h>
          ^~~~~~~~~~~~~~~~
compilation terminated.
configure:5587: $? = 1
configure: failed program was:
| /* confdefs.h */
| #define PACKAGE_NAME "ld"
| #define PACKAGE_TARNAME "ld"
| #define PACKAGE_VERSION "2.27"
| #define PACKAGE_STRING "ld 2.27"
| #define PACKAGE_BUGREPORT ""
| #define PACKAGE_URL ""
| #define PACKAGE "ld"
| #define VERSION "2.27"
| #define STDC_HEADERS 1
| #define HAVE_SYS_TYPES_H 1
| #define HAVE_SYS_STAT_H 1
| #define HAVE_STDLIB_H 1
| #define HAVE_STRING_H 1
| #define HAVE_MEMORY_H 1
| #define HAVE_STRINGS_H 1
| #define HAVE_INTTYPES_H 1
| #define HAVE_STDINT_H 1
| #define HAVE_UNISTD_H 1
| /* end confdefs.h.  */
| #include <minix/config.h>
configure:5587: result: no
configure:5587: checking for minix/config.h
configure:5587: result: no
configure:5608: checking whether it is safe to define __EXTENSIONS__
configure:5626: gcc -c -g -O2  conftest.c >&5
configure:5626: $? = 0
configure:5633: result: yes
configure:5697: checking how to print strings
configure:5724: result: printf
configure:5745: checking for a sed that does not truncate output
configure:5809: result: /usr/bin/sed
configure:5827: checking for fgrep
configure:5889: result: /usr/bin/grep -F
configure:5924: checking for ld used by gcc
configure:5991: result: ld
configure:5998: checking if the linker (ld) is GNU ld
configure:6013: result: yes
configure:6025: checking for BSD- or MS-compatible name lister (nm)
configure:6074: result: nm
configure:6204: checking the name lister (nm) interface
configure:6211: gcc -c -g -O2  conftest.c >&5
configure:6214: nm "conftest.o"
configure:6217: output
0000000000000000 B some_variable
configure:6224: result: BSD nm
configure:6227: checking whether ln -s works
configure:6231: result: yes
configure:6239: checking the maximum length of command line arguments
configure:6364: result: 1572864
configure:6381: checking whether the shell understands some XSI constructs
configure:6391: result: yes
configure:6395: checking whether the shell understands "+="
configure:6401: result: yes
configure:6436: checking for ld option to reload object files
configure:6443: result: -r
configure:6472: checking for x86_64-pc-linux-gnu-objdump
configure:6499: result: objdump
configure:6571: checking how to recognize dependent libraries
configure:6772: result: pass_all
configure:6792: checking for x86_64-pc-linux-gnu-ar
configure:6819: result: ar
configure:6897: checking for x86_64-pc-linux-gnu-strip
configure:6927: result: no
configure:6937: checking for strip
configure:6953: found /usr/bin/strip
configure:6964: result: strip
configure:6996: checking for x86_64-pc-linux-gnu-ranlib
configure:7023: result: ranlib
configure:7165: checking command to parse nm output from gcc object
configure:7283: gcc -c -g -O2  conftest.c >&5
configure:7286: $? = 0
configure:7290: nm conftest.o \| sed -n -e 's/^.*[ ]\([ABCDGIRSTW][ABCDGIRSTW]*\)[ ][ ]*\([_A-Za-z][_A-Za-z0-9]*\)$/\1 \2 \2/p' \> conftest.nm
configure:7293: $? = 0
configure:7347: gcc -o conftest -g -O2    conftest.c conftstm.o >&5
configure:7350: $? = 0
configure:7388: result: ok
configure:7483: gcc -c -g -O2  conftest.c >&5
configure:7486: $? = 0
configure:8236: checking for dlfcn.h
configure:8236: gcc -c -g -O2  conftest.c >&5
configure:8236: $? = 0
configure:8236: result: yes
configure:8424: checking for objdir
configure:8439: result: .libs
configure:8710: checking if gcc supports -fno-rtti -fno-exceptions
configure:8728: gcc -c -g -O2  -fno-rtti -fno-exceptions conftest.c >&5
cc1: warning: command line option '-fno-rtti' is valid for C++/ObjC++ but not for C
configure:8732: $? = 0
configure:8745: result: no
configure:8765: checking for gcc option to produce PIC
configure:9051: result: -fPIC -DPIC
configure:9063: checking if gcc PIC flag -fPIC -DPIC works
configure:9081: gcc -c -g -O2  -fPIC -DPIC -DPIC conftest.c >&5
configure:9085: $? = 0
configure:9098: result: yes
configure:9122: checking if gcc static flag -static works
configure:9150: result: no
configure:9165: checking if gcc supports -c -o file.o
configure:9186: gcc -c -g -O2  -o out/conftest2.o conftest.c >&5
configure:9190: $? = 0
configure:9212: result: yes
configure:9220: checking if gcc supports -c -o file.o
configure:9267: result: yes
configure:9300: checking whether the gcc linker (ld -m elf_x86_64) supports shared libraries
configure:10371: result: yes
configure:10408: checking whether -lc should be explicitly linked in
configure:10416: gcc -c -g -O2  conftest.c >&5
configure:10419: $? = 0
configure:10434: gcc -shared  -fPIC -DPIC conftest.o  -v -Wl,-soname -Wl,conftest -o conftest 2\>\&1 \| /usr/bin/grep  -lc  \>/dev/null 2\>\&1
configure:10437: $? = 0
configure:10451: result: no
configure:10616: checking dynamic linker characteristics
configure:11067: gcc -o conftest -g -O2    -Wl,-rpath -Wl,/foo conftest.c  >&5
configure:11067: $? = 0
configure:11289: result: GNU/Linux ld.so
configure:11396: checking how to hardcode library paths into programs
configure:11421: result: immediate
configure:11961: checking whether stripping libraries is possible
configure:11966: result: yes
configure:12001: checking if libtool supports shared libraries
configure:12003: result: yes
configure:12006: checking whether to build shared libraries
configure:12027: result: yes
configure:12030: checking whether to build static libraries
configure:12034: result: yes
configure:12057: checking how to run the C++ preprocessor
configure:12084: g++ -E  conftest.cpp
configure:12084: $? = 0
configure:12098: g++ -E  conftest.cpp
conftest.cpp:28:10: fatal error: ac_nonexistent.h: No such file or directory
 #include <ac_nonexistent.h>
          ^~~~~~~~~~~~~~~~~~
compilation terminated.
configure:12098: $? = 1
configure: failed program was:
| /* confdefs.h */
| #define PACKAGE_NAME "ld"
| #define PACKAGE_TARNAME "ld"
| #define PACKAGE_VERSION "2.27"
| #define PACKAGE_STRING "ld 2.27"
| #define PACKAGE_BUGREPORT ""
| #define PACKAGE_URL ""
| #define PACKAGE "ld"
| #define VERSION "2.27"
| #define STDC_HEADERS 1
| #define HAVE_SYS_TYPES_H 1
| #define HAVE_SYS_STAT_H 1
| #define HAVE_STDLIB_H 1
| #define HAVE_STRING_H 1
| #define HAVE_MEMORY_H 1
| #define HAVE_STRINGS_H 1
| #define HAVE_INTTYPES_H 1
| #define HAVE_STDINT_H 1
| #define HAVE_UNISTD_H 1
| #define __EXTENSIONS__ 1
| #define _ALL_SOURCE 1
| #define _GNU_SOURCE 1
| #define _POSIX_PTHREAD_SEMANTICS 1
| #define _TANDEM_SOURCE 1
| #define HAVE_DLFCN_H 1
| #define LT_OBJDIR ".libs/"
| /* end confdefs.h.  */
| #include <ac_nonexistent.h>
configure:12123: result: g++ -E
configure:12143: g++ -E  conftest.cpp
configure:12143: $? = 0
configure:12157: g++ -E  conftest.cpp
conftest.cpp:28:10: fatal error: ac_nonexistent.h: No such file or directory
 #include <ac_nonexistent.h>
          ^~~~~~~~~~~~~~~~~~
compilation terminated.
configure:12157: $? = 1
configure: failed program was:
| /* confdefs.h */
| #define PACKAGE_NAME "ld"
| #define PACKAGE_TARNAME "ld"
| #define PACKAGE_VERSION "2.27"
| #define PACKAGE_STRING "ld 2.27"
| #define PACKAGE_BUGREPORT ""
| #define PACKAGE_URL ""
| #define PACKAGE "ld"
| #define VERSION "2.27"
| #define STDC_HEADERS 1
| #define HAVE_SYS_TYPES_H 1
| #define HAVE_SYS_STAT_H 1
| #define HAVE_STDLIB_H 1
| #define HAVE_STRING_H 1
| #define HAVE_MEMORY_H 1
| #define HAVE_STRINGS_H 1
| #define HAVE_INTTYPES_H 1
| #define HAVE_STDINT_H 1
| #define HAVE_UNISTD_H 1
| #define __EXTENSIONS__ 1
| #define _ALL_SOURCE 1
| #define _GNU_SOURCE 1
| #define _POSIX_PTHREAD_SEMANTICS 1
| #define _TANDEM_SOURCE 1
| #define HAVE_DLFCN_H 1
| #define LT_OBJDIR ".libs/"
| /* end confdefs.h.  */
| #include <ac_nonexistent.h>
configure:12325: checking for ld used by g++
configure:12392: result: ld -m elf_x86_64
configure:12399: checking if the linker (ld -m elf_x86_64) is GNU ld
configure:12414: result: yes
configure:12469: checking whether the g++ linker (ld -m elf_x86_64) supports shared libraries
configure:13401: result: yes
configure:13429: g++ -c -g -O2  conftest.cpp >&5
configure:13432: $? = 0
configure:13614: checking for g++ option to produce PIC
configure:13937: result: -fPIC -DPIC
configure:13946: checking if g++ PIC flag -fPIC -DPIC works
configure:13964: g++ -c -g -O2  -fPIC -DPIC -DPIC conftest.cpp >&5
configure:13968: $? = 0
configure:13981: result: yes
configure:14002: checking if g++ static flag -static works
configure:14030: result: no
configure:14042: checking if g++ supports -c -o file.o
configure:14063: g++ -c -g -O2  -o out/conftest2.o conftest.cpp >&5
configure:14067: $? = 0
configure:14089: result: yes
configure:14094: checking if g++ supports -c -o file.o
configure:14141: result: yes
configure:14171: checking whether the g++ linker (ld -m elf_x86_64) supports shared libraries
configure:14199: result: yes
configure:14342: checking dynamic linker characteristics
configure:14949: result: GNU/Linux ld.so
configure:15002: checking how to hardcode library paths into programs
configure:15027: result: immediate
configure:15098: checking for dlfcn.h
configure:15098: result: yes
configure:15111: checking for windows.h
configure:15111: gcc -c -g -O2  conftest.c >&5
conftest.c:63:10: fatal error: windows.h: No such file or directory
 #include <windows.h>
          ^~~~~~~~~~~
compilation terminated.
configure:15111: $? = 1
configure: failed program was:
| /* confdefs.h */
| #define PACKAGE_NAME "ld"
| #define PACKAGE_TARNAME "ld"
| #define PACKAGE_VERSION "2.27"
| #define PACKAGE_STRING "ld 2.27"
| #define PACKAGE_BUGREPORT ""
| #define PACKAGE_URL ""
| #define PACKAGE "ld"
| #define VERSION "2.27"
| #define STDC_HEADERS 1
| #define HAVE_SYS_TYPES_H 1
| #define HAVE_SYS_STAT_H 1
| #define HAVE_STDLIB_H 1
| #define HAVE_STRING_H 1
| #define HAVE_MEMORY_H 1
| #define HAVE_STRINGS_H 1
| #define HAVE_INTTYPES_H 1
| #define HAVE_STDINT_H 1
| #define HAVE_UNISTD_H 1
| #define __EXTENSIONS__ 1
| #define _ALL_SOURCE 1
| #define _GNU_SOURCE 1
| #define _POSIX_PTHREAD_SEMANTICS 1
| #define _TANDEM_SOURCE 1
| #define HAVE_DLFCN_H 1
| #define LT_OBJDIR ".libs/"
| #define HAVE_DLFCN_H 1
| /* end confdefs.h.  */
| #include <stdio.h>
| #ifdef HAVE_SYS_TYPES_H
| # include <sys/types.h>
| #endif
| #ifdef HAVE_SYS_STAT_H
| # include <sys/stat.h>
| #endif
| #ifdef STDC_HEADERS
| # include <stdlib.h>
| # include <stddef.h>
| #else
| # ifdef HAVE_STDLIB_H
| #  include <stdlib.h>
| # endif
| #endif
| #ifdef HAVE_STRING_H
| # if !defined STDC_HEADERS && defined HAVE_MEMORY_H
| #  include <memory.h>
| # endif
| # include <string.h>
| #endif
| #ifdef HAVE_STRINGS_H
| # include <strings.h>
| #endif
| #ifdef HAVE_INTTYPES_H
| # include <inttypes.h>
| #endif
| #ifdef HAVE_STDINT_H
| # include <stdint.h>
| #endif
| #ifdef HAVE_UNISTD_H
| # include <unistd.h>
| #endif
| 
| #include <windows.h>
configure:15111: result: no
configure:15138: checking for library containing dlopen
configure:15169: gcc -o conftest -g -O2    conftest.c  >&5
/tmp/ccMxgQkI.o: In function `main':
/home/users/ktran20/lab3/tools/gcc-mips/build/binutils-build/ld/conftest.c:40: undefined reference to `dlopen'
collect2: error: ld returned 1 exit status
configure:15169: $? = 1
configure: failed program was:
| /* confdefs.h */
| #define PACKAGE_NAME "ld"
| #define PACKAGE_TARNAME "ld"
| #define PACKAGE_VERSION "2.27"
| #define PACKAGE_STRING "ld 2.27"
| #define PACKAGE_BUGREPORT ""
| #define PACKAGE_URL ""
| #define PACKAGE "ld"
| #define VERSION "2.27"
| #define STDC_HEADERS 1
| #define HAVE_SYS_TYPES_H 1
| #define HAVE_SYS_STAT_H 1
| #define HAVE_STDLIB_H 1
| #define HAVE_STRING_H 1
| #define HAVE_MEMORY_H 1
| #define HAVE_STRINGS_H 1
| #define HAVE_INTTYPES_H 1
| #define HAVE_STDINT_H 1
| #define HAVE_UNISTD_H 1
| #define __EXTENSIONS__ 1
| #define _ALL_SOURCE 1
| #define _GNU_SOURCE 1
| #define _POSIX_PTHREAD_SEMANTICS 1
| #define _TANDEM_SOURCE 1
| #define HAVE_DLFCN_H 1
| #define LT_OBJDIR ".libs/"
| #define HAVE_DLFCN_H 1
| /* end confdefs.h.  */
| 
| /* Override any GCC internal prototype to avoid an error.
|    Use char because int might match the return type of a GCC
|    builtin and then its argument prototype would still apply.  */
| #ifdef __cplusplus
| extern "C"
| #endif
| char dlopen ();
| int
| main ()
| {
| return dlopen ();
|   ;
|   return 0;
| }
configure:15169: gcc -o conftest -g -O2    conftest.c -ldl   >&5
configure:15169: $? = 0
configure:15186: result: -ldl
configure:15217: checking for special C compiler options needed for large files
configure:15262: result: no
configure:15268: checking for _FILE_OFFSET_BITS value needed for large files
configure:15293: gcc -c -g -O2  conftest.c >&5
configure:15293: $? = 0
configure:15325: result: no
configure:15668: checking for LC_MESSAGES
configure:15684: gcc -o conftest -g -O2    conftest.c -ldl  >&5
configure:15684: $? = 0
configure:15692: result: yes
configure:15730: checking whether NLS is requested
configure:15733: result: no
configure:15801: checking whether NLS is requested
configure:15810: result: no
configure:15848: checking for msgfmt
configure:15879: result: /usr/bin/msgfmt
configure:15888: checking for gmsgfmt
configure:15919: result: /usr/bin/msgfmt
configure:15959: checking for xgettext
configure:15990: result: /usr/bin/xgettext
configure:16030: checking for msgmerge
configure:16060: result: /usr/bin/msgmerge
configure:16102: checking for bison
configure:16129: result: /home/users/ktran20/lab3/tools/gcc-mips/build/binutils-2.27/missing bison -y
configure:16145: checking for flex
configure:16172: result: /home/users/ktran20/lab3/tools/gcc-mips/build/binutils-2.27/missing flex
configure:16304: checking whether to enable maintainer-specific portions of Makefiles
configure:16313: result: no
configure:16334: checking how to compare bootstrapped objects
configure:16359: result: cmp --ignore-initial=16 $$f1 $$f2
configure:16377: checking for string.h
configure:16377: result: yes
configure:16377: checking for strings.h
configure:16377: result: yes
configure:16377: checking for stdlib.h
configure:16377: result: yes
configure:16377: checking for unistd.h
configure:16377: result: yes
configure:16377: checking elf-hints.h usability
configure:16377: gcc -c -g -O2  conftest.c >&5
conftest.c:68:10: fatal error: elf-hints.h: No such file or directory
 #include <elf-hints.h>
          ^~~~~~~~~~~~~
compilation terminated.
configure:16377: $? = 1
configure: failed program was:
| /* confdefs.h */
| #define PACKAGE_NAME "ld"
| #define PACKAGE_TARNAME "ld"
| #define PACKAGE_VERSION "2.27"
| #define PACKAGE_STRING "ld 2.27"
| #define PACKAGE_BUGREPORT ""
| #define PACKAGE_URL ""
| #define PACKAGE "ld"
| #define VERSION "2.27"
| #define STDC_HEADERS 1
| #define HAVE_SYS_TYPES_H 1
| #define HAVE_SYS_STAT_H 1
| #define HAVE_STDLIB_H 1
| #define HAVE_STRING_H 1
| #define HAVE_MEMORY_H 1
| #define HAVE_STRINGS_H 1
| #define HAVE_INTTYPES_H 1
| #define HAVE_STDINT_H 1
| #define HAVE_UNISTD_H 1
| #define __EXTENSIONS__ 1
| #define _ALL_SOURCE 1
| #define _GNU_SOURCE 1
| #define _POSIX_PTHREAD_SEMANTICS 1
| #define _TANDEM_SOURCE 1
| #define HAVE_DLFCN_H 1
| #define LT_OBJDIR ".libs/"
| #define HAVE_DLFCN_H 1
| #define GOT_HANDLING_DEFAULT GOT_HANDLING_TARGET_DEFAULT
| #define HAVE_LC_MESSAGES 1
| #define HAVE_STRING_H 1
| #define HAVE_STRINGS_H 1
| #define HAVE_STDLIB_H 1
| #define HAVE_UNISTD_H 1
| /* end confdefs.h.  */
| #include <stdio.h>
| #ifdef HAVE_SYS_TYPES_H
| # include <sys/types.h>
| #endif
| #ifdef HAVE_SYS_STAT_H
| # include <sys/stat.h>
| #endif
| #ifdef STDC_HEADERS
| # include <stdlib.h>
| # include <stddef.h>
| #else
| # ifdef HAVE_STDLIB_H
| #  include <stdlib.h>
| # endif
| #endif
| #ifdef HAVE_STRING_H
| # if !defined STDC_HEADERS && defined HAVE_MEMORY_H
| #  include <memory.h>
| # endif
| # include <string.h>
| #endif
| #ifdef HAVE_STRINGS_H
| # include <strings.h>
| #endif
| #ifdef HAVE_INTTYPES_H
| # include <inttypes.h>
| #endif
| #ifdef HAVE_STDINT_H
| # include <stdint.h>
| #endif
| #ifdef HAVE_UNISTD_H
| # include <unistd.h>
| #endif
| #include <elf-hints.h>
configure:16377: result: no
configure:16377: checking elf-hints.h presence
configure:16377: gcc -E  conftest.c
conftest.c:35:10: fatal error: elf-hints.h: No such file or directory
 #include <elf-hints.h>
          ^~~~~~~~~~~~~
compilation terminated.
configure:16377: $? = 1
configure: failed program was:
| /* confdefs.h */
| #define PACKAGE_NAME "ld"
| #define PACKAGE_TARNAME "ld"
| #define PACKAGE_VERSION "2.27"
| #define PACKAGE_STRING "ld 2.27"
| #define PACKAGE_BUGREPORT ""
| #define PACKAGE_URL ""
| #define PACKAGE "ld"
| #define VERSION "2.27"
| #define STDC_HEADERS 1
| #define HAVE_SYS_TYPES_H 1
| #define HAVE_SYS_STAT_H 1
| #define HAVE_STDLIB_H 1
| #define HAVE_STRING_H 1
| #define HAVE_MEMORY_H 1
| #define HAVE_STRINGS_H 1
| #define HAVE_INTTYPES_H 1
| #define HAVE_STDINT_H 1
| #define HAVE_UNISTD_H 1
| #define __EXTENSIONS__ 1
| #define _ALL_SOURCE 1
| #define _GNU_SOURCE 1
| #define _POSIX_PTHREAD_SEMANTICS 1
| #define _TANDEM_SOURCE 1
| #define HAVE_DLFCN_H 1
| #define LT_OBJDIR ".libs/"
| #define HAVE_DLFCN_H 1
| #define GOT_HANDLING_DEFAULT GOT_HANDLING_TARGET_DEFAULT
| #define HAVE_LC_MESSAGES 1
| #define HAVE_STRING_H 1
| #define HAVE_STRINGS_H 1
| #define HAVE_STDLIB_H 1
| #define HAVE_UNISTD_H 1
| /* end confdefs.h.  */
| #include <elf-hints.h>
configure:16377: result: no
configure:16377: checking for elf-hints.h
configure:16377: result: no
configure:16377: checking limits.h usability
configure:16377: gcc -c -g -O2  conftest.c >&5
configure:16377: $? = 0
configure:16377: result: yes
configure:16377: checking limits.h presence
configure:16377: gcc -E  conftest.c
configure:16377: $? = 0
configure:16377: result: yes
configure:16377: checking for limits.h
configure:16377: result: yes
configure:16377: checking locale.h usability
configure:16377: gcc -c -g -O2  conftest.c >&5
configure:16377: $? = 0
configure:16377: result: yes
configure:16377: checking locale.h presence
configure:16377: gcc -E  conftest.c
configure:16377: $? = 0
configure:16377: result: yes
configure:16377: checking for locale.h
configure:16377: result: yes
configure:16377: checking sys/param.h usability
configure:16377: gcc -c -g -O2  conftest.c >&5
configure:16377: $? = 0
configure:16377: result: yes
configure:16377: checking sys/param.h presence
configure:16377: gcc -E  conftest.c
configure:16377: $? = 0
configure:16377: result: yes
configure:16377: checking for sys/param.h
configure:16377: result: yes
configure:16391: checking fcntl.h usability
configure:16391: gcc -c -g -O2  conftest.c >&5
configure:16391: $? = 0
configure:16391: result: yes
configure:16391: checking fcntl.h presence
configure:16391: gcc -E  conftest.c
configure:16391: $? = 0
configure:16391: result: yes
configure:16391: checking for fcntl.h
configure:16391: result: yes
configure:16391: checking sys/file.h usability
configure:16391: gcc -c -g -O2  conftest.c >&5
configure:16391: $? = 0
configure:16391: result: yes
configure:16391: checking sys/file.h presence
configure:16391: gcc -E  conftest.c
configure:16391: $? = 0
configure:16391: result: yes
configure:16391: checking for sys/file.h
configure:16391: result: yes
configure:16391: checking sys/time.h usability
configure:16391: gcc -c -g -O2  conftest.c >&5
configure:16391: $? = 0
configure:16391: result: yes
configure:16391: checking sys/time.h presence
configure:16391: gcc -E  conftest.c
configure:16391: $? = 0
configure:16391: result: yes
configure:16391: checking for sys/time.h
configure:16391: result: yes
configure:16391: checking for sys/stat.h
configure:16391: result: yes
configure:16402: checking whether string.h and strings.h may both be included
configure:16419: gcc -c -g -O2  conftest.c >&5
configure:16419: $? = 0
configure:16426: result: yes
configure:16437: checking for glob
configure:16437: gcc -o conftest -g -O2    conftest.c -ldl  >&5
configure:16437: $? = 0
configure:16437: result: yes
configure:16437: checking for mkstemp
configure:16437: gcc -o conftest -g -O2    conftest.c -ldl  >&5
configure:16437: $? = 0
configure:16437: result: yes
configure:16437: checking for realpath
configure:16437: gcc -o conftest -g -O2    conftest.c -ldl  >&5
configure:16437: $? = 0
configure:16437: result: yes
configure:16437: checking for sbrk
configure:16437: gcc -o conftest -g -O2    conftest.c -ldl  >&5
configure:16437: $? = 0
configure:16437: result: yes
configure:16437: checking for setlocale
configure:16437: gcc -o conftest -g -O2    conftest.c -ldl  >&5
configure:16437: $? = 0
configure:16437: result: yes
configure:16437: checking for waitpid
configure:16437: gcc -o conftest -g -O2    conftest.c -ldl  >&5
configure:16437: $? = 0
configure:16437: result: yes
configure:16450: checking for open
configure:16450: gcc -o conftest -g -O2    conftest.c -ldl  >&5
configure:16450: $? = 0
configure:16450: result: yes
configure:16450: checking for lseek
configure:16450: gcc -o conftest -g -O2    conftest.c -ldl  >&5
configure:16450: $? = 0
configure:16450: result: yes
configure:16450: checking for close
configure:16450: gcc -o conftest -g -O2    conftest.c -ldl  >&5
configure:16450: $? = 0
configure:16450: result: yes
configure:16463: checking for dirent.h that defines DIR
configure:16482: gcc -c -g -O2  conftest.c >&5
configure:16482: $? = 0
configure:16490: result: yes
configure:16504: checking for library containing opendir
configure:16535: gcc -o conftest -g -O2    conftest.c -ldl  >&5
configure:16535: $? = 0
configure:16552: result: none required
configure:16623: checking for stdlib.h
configure:16623: result: yes
configure:16623: checking for unistd.h
configure:16623: result: yes
configure:16636: checking for getpagesize
configure:16636: gcc -o conftest -g -O2    conftest.c -ldl  >&5
configure:16636: $? = 0
configure:16636: result: yes
configure:16645: checking for working mmap
configure:16782: gcc -o conftest -g -O2    conftest.c -ldl  >&5
configure:16782: $? = 0
configure:16782: ./conftest
configure:16782: $? = 0
configure:16792: result: yes
configure:16802: checking for library containing dlopen
configure:16850: result: -ldl
configure:16884: checking for a known getopt prototype in unistd.h
configure:16900: gcc -c -g -O2  conftest.c >&5
configure:16900: $? = 0
configure:16908: result: yes
configure:16924: checking whether strstr is declared
configure:16924: gcc -c -g -O2  conftest.c >&5
configure:16924: $? = 0
configure:16924: result: yes
configure:16934: checking whether free is declared
configure:16934: gcc -c -g -O2  conftest.c >&5
configure:16934: $? = 0
configure:16934: result: yes
configure:16944: checking whether sbrk is declared
configure:16944: gcc -c -g -O2  conftest.c >&5
configure:16944: $? = 0
configure:16944: result: yes
configure:16954: checking whether getenv is declared
configure:16954: gcc -c -g -O2  conftest.c >&5
configure:16954: $? = 0
configure:16954: result: yes
configure:16964: checking whether environ is declared
configure:16964: gcc -c -g -O2  conftest.c >&5
configure:16964: $? = 0
configure:16964: result: yes
configure:16982: checking whether ANSI C string concatenation works
configure:16998: gcc -c -g -O2  conftest.c >&5
configure:16998: $? = 0
configure:17006: result: yes
configure:17032: checking size of void *
configure:17037: gcc -o conftest -g -O2    conftest.c -ldl -ldl  >&5
configure:17037: $? = 0
configure:17037: ./conftest
configure:17037: $? = 0
configure:17052: result: 8
configure:17296: updating cache ./config.cache
configure:17369: creating ./config.status

## ---------------------- ##
## Running config.status. ##
## ---------------------- ##

This file was extended by ld config.status 2.27, which was
generated by GNU Autoconf 2.64.  Invocation command line was

  CONFIG_FILES    = 
  CONFIG_HEADERS  = 
  CONFIG_LINKS    = 
  CONFIG_COMMANDS = 
  $ ./config.status 

on iron-03

config.status:1275: creating Makefile
config.status:1275: creating po/Makefile.in
config.status:1275: creating config.h
config.status:1493: executing depfiles commands
config.status:1493: executing libtool commands
config.status:1493: executing default-1 commands

## ---------------- ##
## Cache variables. ##
## ---------------- ##

ac_cv_build=x86_64-pc-linux-gnu
ac_cv_c_compiler_gnu=yes
ac_cv_cxx_compiler_gnu=yes
ac_cv_env_CCC_set=
ac_cv_env_CCC_value=
ac_cv_env_CC_set=set
ac_cv_env_CC_value=gcc
ac_cv_env_CFLAGS_set=set
ac_cv_env_CFLAGS_value='-g -O2'
ac_cv_env_CPPFLAGS_set=
ac_cv_env_CPPFLAGS_value=
ac_cv_env_CPP_set=
ac_cv_env_CPP_value=
ac_cv_env_CXXCPP_set=
ac_cv_env_CXXCPP_value=
ac_cv_env_CXXFLAGS_set=set
ac_cv_env_CXXFLAGS_value='-g -O2'
ac_cv_env_CXX_set=set
ac_cv_env_CXX_value=g++
ac_cv_env_LDFLAGS_set=set
ac_cv_env_LDFLAGS_value=' '
ac_cv_env_LIBS_set=
ac_cv_env_LIBS_value=
ac_cv_env_YACC_set=set
ac_cv_env_YACC_value='/home/users/ktran20/lab3/tools/gcc-mips/build/binutils-2.27/missing bison -y'
ac_cv_env_YFLAGS_set=
ac_cv_env_YFLAGS_value=
ac_cv_env_build_alias_set=set
ac_cv_env_build_alias_value=x86_64-pc-linux-gnu
ac_cv_env_host_alias_set=set
ac_cv_env_host_alias_value=x86_64-pc-linux-gnu
ac_cv_env_target_alias_set=set
ac_cv_env_target_alias_value=mips-elf
ac_cv_func_close=yes
ac_cv_func_getpagesize=yes
ac_cv_func_glob=yes
ac_cv_func_lseek=yes
ac_cv_func_mkstemp=yes
ac_cv_func_mmap_fixed_mapped=yes
ac_cv_func_open=yes
ac_cv_func_realpath=yes
ac_cv_func_sbrk=yes
ac_cv_func_setlocale=yes
ac_cv_func_waitpid=yes
ac_cv_have_decl_environ=yes
ac_cv_have_decl_free=yes
ac_cv_have_decl_getenv=yes
ac_cv_have_decl_sbrk=yes
ac_cv_have_decl_strstr=yes
ac_cv_header_dirent_dirent_h=yes
ac_cv_header_dlfcn_h=yes
ac_cv_header_elf_hints_h=no
ac_cv_header_fcntl_h=yes
ac_cv_header_inttypes_h=yes
ac_cv_header_limits_h=yes
ac_cv_header_locale_h=yes
ac_cv_header_memory_h=yes
ac_cv_header_minix_config_h=no
ac_cv_header_stdc=yes
ac_cv_header_stdint_h=yes
ac_cv_header_stdlib_h=yes
ac_cv_header_string_h=yes
ac_cv_header_strings_h=yes
ac_cv_header_sys_file_h=yes
ac_cv_header_sys_param_h=yes
ac_cv_header_sys_stat_h=yes
ac_cv_header_sys_time_h=yes
ac_cv_header_sys_types_h=yes
ac_cv_header_unistd_h=yes
ac_cv_header_windows_h=no
ac_cv_host=x86_64-pc-linux-gnu
ac_cv_objext=o
ac_cv_path_EGREP='/usr/bin/grep -E'
ac_cv_path_FGREP='/usr/bin/grep -F'
ac_cv_path_GMSGFMT=/usr/bin/msgfmt
ac_cv_path_GREP=/usr/bin/grep
ac_cv_path_MSGFMT=/usr/bin/msgfmt
ac_cv_path_MSGMERGE=/usr/bin/msgmerge
ac_cv_path_SED=/usr/bin/sed
ac_cv_path_XGETTEXT=/usr/bin/xgettext
ac_cv_path_mkdir=/usr/bin/mkdir
ac_cv_prog_AR=ar
ac_cv_prog_AWK=gawk
ac_cv_prog_CC=gcc
ac_cv_prog_CPP='gcc -E'
ac_cv_prog_CXXCPP='g++ -E'
ac_cv_prog_LEX='/home/users/ktran20/lab3/tools/gcc-mips/build/binutils-2.27/missing flex'
ac_cv_prog_OBJDUMP=objdump
ac_cv_prog_RANLIB=ranlib
ac_cv_prog_YACC='/home/users/ktran20/lab3/tools/gcc-mips/build/binutils-2.27/missing bison -y'
ac_cv_prog_ac_ct_STRIP=strip
ac_cv_prog_cc_c89=
ac_cv_prog_cc_g=yes
ac_cv_prog_cxx_g=yes
ac_cv_prog_make_make_set=yes
ac_cv_safe_to_define___extensions__=yes
ac_cv_search_dlopen=-ldl
ac_cv_search_opendir='none required'
ac_cv_search_strerror='none required'
ac_cv_sizeof_void_p=8
ac_cv_sys_file_offset_bits=no
ac_cv_sys_largefile_CC=no
ac_cv_target=mips-unknown-elf
am_cv_CC_dependencies_compiler_type=gcc3
am_cv_CXX_dependencies_compiler_type=gcc3
am_cv_val_LC_MESSAGES=yes
gcc_cv_header_string=yes
gcc_cv_prog_cmp_skip='cmp --ignore-initial=16 $$f1 $$f2'
ld_cv_decl_getopt_unistd_h=yes
ld_cv_string_concatenation=yes
lt_cv_archive_cmds_need_lc=no
lt_cv_deplibs_check_method=pass_all
lt_cv_file_magic_cmd='$MAGIC_CMD'
lt_cv_file_magic_test_file=
lt_cv_ld_reload_flag=-r
lt_cv_nm_interface='BSD nm'
lt_cv_objdir=.libs
lt_cv_path_LD=ld
lt_cv_path_LDCXX='ld -m elf_x86_64'
lt_cv_path_NM=nm
lt_cv_prog_compiler_c_o=yes
lt_cv_prog_compiler_c_o_CXX=yes
lt_cv_prog_compiler_pic_works=yes
lt_cv_prog_compiler_pic_works_CXX=yes
lt_cv_prog_compiler_rtti_exceptions=no
lt_cv_prog_compiler_static_works=no
lt_cv_prog_compiler_static_works_CXX=no
lt_cv_prog_gnu_ld=yes
lt_cv_prog_gnu_ldcxx=yes
lt_cv_shlibpath_overrides_runpath=no
lt_cv_sys_global_symbol_pipe='sed -n -e '\''s/^.*[	 ]\([ABCDGIRSTW][ABCDGIRSTW]*\)[	 ][	 ]*\([_A-Za-z][_A-Za-z0-9]*\)$/\1 \2 \2/p'\'''
lt_cv_sys_global_symbol_to_c_name_address='sed -n -e '\''s/^: \([^ ]*\) $/  {\"\1\", (void *) 0},/p'\'' -e '\''s/^[ABCDGIRSTW]* \([^ ]*\) \([^ ]*\)$/  {"\2", (void *) \&\2},/p'\'''
lt_cv_sys_global_symbol_to_c_name_address_lib_prefix='sed -n -e '\''s/^: \([^ ]*\) $/  {\"\1\", (void *) 0},/p'\'' -e '\''s/^[ABCDGIRSTW]* \([^ ]*\) \(lib[^ ]*\)$/  {"\2", (void *) \&\2},/p'\'' -e '\''s/^[ABCDGIRSTW]* \([^ ]*\) \([^ ]*\)$/  {"lib\2", (void *) \&\2},/p'\'''
lt_cv_sys_global_symbol_to_cdecl='sed -n -e '\''s/^T .* \(.*\)$/extern int \1();/p'\'' -e '\''s/^[ABCDGIRSTW]* .* \(.*\)$/extern char \1;/p'\'''
lt_cv_sys_max_cmd_len=1572864

## ----------------- ##
## Output variables. ##
## ----------------- ##

ACLOCAL='${SHELL} /home/users/ktran20/lab3/tools/gcc-mips/build/binutils-2.27/missing --run aclocal-1.11'
AMDEPBACKSLASH='\'
AMDEP_FALSE='#'
AMDEP_TRUE=''
AMTAR='$${TAR-tar}'
AR='ar'
AUTOCONF='${SHELL} /home/users/ktran20/lab3/tools/gcc-mips/build/binutils-2.27/missing --run autoconf'
AUTOHEADER='${SHELL} /home/users/ktran20/lab3/tools/gcc-mips/build/binutils-2.27/missing --run autoheader'
AUTOMAKE='${SHELL} /home/users/ktran20/lab3/tools/gcc-mips/build/binutils-2.27/missing --run automake-1.11'
AWK='gawk'
CATALOGS=''
CATOBJEXT=''
CC='gcc'
CCDEPMODE='depmode=gcc3'
CFLAGS='-g -O2'
CPP='gcc -E'
CPPFLAGS=''
CXX='g++'
CXXCPP='g++ -E'
CXXDEPMODE='depmode=gcc3'
CXXFLAGS='-g -O2'
CYGPATH_W='echo'
DATADIRNAME=''
DEFS='-DHAVE_CONFIG_H'
DEPDIR='.deps'
DSYMUTIL=''
DUMPBIN=''
ECHO_C=''
ECHO_N='-n'
ECHO_T=''
EGREP='/usr/bin/grep -E'
EMUL='elf32ebmip'
EMULATION_LIBPATH='elf32ebmip'
EMULATION_OFILES=' eelf32ebmip.o'
EMUL_EXTRA_OFILES=''
ENABLE_PLUGINS_FALSE='#'
ENABLE_PLUGINS_TRUE=''
EXEEXT=''
FGREP='/usr/bin/grep -F'
GENCAT=''
GENINSRC_NEVER_FALSE=''
GENINSRC_NEVER_TRUE='#'
GMSGFMT='/usr/bin/msgfmt'
GREP='/usr/bin/grep'
HDEFINES=''
HOSTING_CRT0='-dynamic-linker `${CC} --help --verbose 2>&1 | egrep "ld[^ ]*\.so" | sed -e "s,.*-dynamic-linker[ 	][ 	]*\(.*/ld[^ ]*\.so..\).*,\1,"` `${CC} --print-file-name=crt1.o` `${CC} --print-file-name=crti.o` `if [ -f ../gcc/crtbegin.o ]; then echo ../gcc/crtbegin.o; else ${CC} --print-file-name=crtbegin.o; fi`'
HOSTING_LIBS='-L`dirname \`${CC} --print-file-name=libc.so\`` `if [ -f ../gcc/libgcc.a ]; then libgcc=../gcc/libgcc.a; else libgcc=\`${CC} -print-libgcc-file-name\`; fi; if [ -f ../gcc/libgcc_eh.a ]; then libgcc="$$libgcc ../gcc/libgcc_eh.a"; else libgcc_eh=\`${CC} -print-file-name=libgcc_eh.a\`; if [ x"$$libgcc_eh" != xlibgcc_eh.a ]; then libgcc="$$libgcc $$libgcc_eh"; fi; fi; if [ -f ../gcc/libunwind.a ]; then libgcc="$$libgcc ../gcc/libunwind.a"; else libunwind=\`${CC} -print-file-name=libunwind.a\`; if [ x"$$libunwind" != xlibunwind.a ]; then libgcc="$$libgcc $$libunwind"; fi; fi; echo --start-group $$libgcc -lc --end-group` `if [ -f ../gcc/crtend.o ]; then echo ../gcc/crtend.o; else ${CC} --print-file-name=crtend.o; fi` `${CC} --print-file-name=crtn.o`'
HOSTING_SCRT0='-dynamic-linker `${CC} --help --verbose 2>&1 | egrep "ld[^ ]*\.so" | sed -e "s,.*-dynamic-linker[ 	][ 	]*\(.*/ld[^ ]*\.so..\).*,\1,"` `${CC} --print-file-name=Scrt1.o` `${CC} --print-file-name=crti.o` `if [ -f ../gcc/crtbeginS.o ]; then echo ../gcc/crtbeginS.o; else ${CC} --print-file-name=crtbeginS.o; fi`'
HOSTING_SLIBS='-L`dirname \`${CC} --print-file-name=libc.so\`` `if [ -f ../gcc/libgcc.a ]; then libgcc=../gcc/libgcc.a; else libgcc=\`${CC} -print-libgcc-file-name\`; fi; if [ -f ../gcc/libgcc_eh.a ]; then libgcc="$$libgcc ../gcc/libgcc_eh.a"; else libgcc_eh=\`${CC} -print-file-name=libgcc_eh.a\`; if [ x"$$libgcc_eh" != xlibgcc_eh.a ]; then libgcc="$$libgcc $$libgcc_eh"; fi; fi; if [ -f ../gcc/libunwind.a ]; then libgcc="$$libgcc ../gcc/libunwind.a"; else libunwind=\`${CC} -print-file-name=libunwind.a\`; if [ x"$$libunwind" != xlibunwind.a ]; then libgcc="$$libgcc $$libunwind"; fi; fi; echo --start-group $$libgcc -lc --end-group` `if [ -f ../gcc/crtendS.o ]; then echo ../gcc/crtendS.o; else ${CC} --print-file-name=crtendS.o; fi` `${CC} --print-file-name=crtn.o`'
INCINTL=''
INSTALL_DATA='/usr/bin/install -c -m 644'
INSTALL_PROGRAM='/usr/bin/install -c'
INSTALL_SCRIPT='/usr/bin/install -c'
INSTALL_STRIP_PROGRAM='$(install_sh) -c -s'
INSTOBJEXT=''
LD='ld -m elf_x86_64'
LDFLAGS=' '
LEX='/home/users/ktran20/lab3/tools/gcc-mips/build/binutils-2.27/missing flex'
LEXLIB=''
LEX_OUTPUT_ROOT=''
LIBINTL=''
LIBINTL_DEP=''
LIBOBJS=''
LIBS='-ldl -ldl '
LIBTOOL='$(SHELL) $(top_builddir)/libtool'
LIB_PATH=''
LIPO=''
LN_S='ln -s'
LTLIBOBJS=''
MAINT='#'
MAINTAINER_MODE_FALSE=''
MAINTAINER_MODE_TRUE='#'
MAKEINFO='/home/users/ktran20/lab3/tools/gcc-mips/build/binutils-2.27/missing makeinfo --split-size=5000000'
MKDIR_P='/usr/bin/mkdir -p'
MKINSTALLDIRS='$(top_builddir)/../../binutils-2.27/ld/../mkinstalldirs'
MSGFMT='/usr/bin/msgfmt'
MSGMERGE='/usr/bin/msgmerge'
NATIVE_LIB_DIRS='/usr/local/lib /lib /usr/lib'
NM='nm'
NMEDIT=''
NO_WERROR=''
OBJDUMP='objdump'
OBJEXT='o'
OTOOL64=''
OTOOL=''
PACKAGE='ld'
PACKAGE_BUGREPORT=''
PACKAGE_NAME='ld'
PACKAGE_STRING='ld 2.27'
PACKAGE_TARNAME='ld'
PACKAGE_URL=''
PACKAGE_VERSION='2.27'
PATH_SEPARATOR=':'
POSUB=''
RANLIB='ranlib'
SED='/usr/bin/sed'
SET_MAKE=''
SHELL='/bin/sh'
STRINGIFY='astring.sed'
STRIP='strip'
TARGET_SYSTEM_ROOT=''
TARGET_SYSTEM_ROOT_DEFINE='-DTARGET_SYSTEM_ROOT=\"\"'
TESTBFDLIB='../bfd/.libs/libbfd.a'
USE_NLS='no'
VERSION='2.27'
WARN_CFLAGS='-W -Wall -Wstrict-prototypes -Wmissing-prototypes -Wshadow -Wstack-usage=262144'
WARN_WRITE_STRINGS='-Wwrite-strings'
XGETTEXT='/usr/bin/xgettext'
YACC='/home/users/ktran20/lab3/tools/gcc-mips/build/binutils-2.27/missing bison -y'
YFLAGS=''
ac_ct_CC=''
ac_ct_CXX=''
ac_ct_DUMPBIN=''
am__EXEEXT_FALSE=''
am__EXEEXT_TRUE='#'
am__fastdepCC_FALSE='#'
am__fastdepCC_TRUE=''
am__fastdepCXX_FALSE='#'
am__fastdepCXX_TRUE=''
am__include='include'
am__isrc=' -I$(srcdir)'
am__leading_dot='.'
am__nodep='_no'
am__quote=''
am__tar='$${TAR-tar} chof - "$$tardir"'
am__untar='$${TAR-tar} xf -'
bindir='${exec_prefix}/bin'
build='x86_64-pc-linux-gnu'
build_alias='x86_64-pc-linux-gnu'
build_cpu='x86_64'
build_os='linux-gnu'
build_vendor='pc'
datadir='${datarootdir}'
datarootdir='${prefix}/share'
do_compare='cmp --ignore-initial=16 $$f1 $$f2'
docdir='${datarootdir}/doc/${PACKAGE_TARNAME}'
dvidir='${docdir}'
elf_list_options='TRUE'
elf_plt_unwind_list_options='FALSE'
elf_shlib_list_options='TRUE'
enable_initfini_array='yes'
exec_prefix='${prefix}'
host='x86_64-pc-linux-gnu'
host_alias='x86_64-pc-linux-gnu'
host_cpu='x86_64'
host_os='linux-gnu'
host_vendor='pc'
htmldir='${docdir}'
includedir='${prefix}/include'
infodir='${datarootdir}/info'
install_as_default='yes'
install_sh='${SHELL} /home/users/ktran20/lab3/tools/gcc-mips/build/binutils-2.27/install-sh'
installed_linker='ld.bfd'
libdir='${exec_prefix}/lib'
libexecdir='${exec_prefix}/libexec'
localedir='${datarootdir}/locale'
localstatedir='${prefix}/var'
mandir='${datarootdir}/man'
mkdir_p='/usr/bin/mkdir -p'
oldincludedir='/usr/include'
pdfdir='${docdir}'
prefix='/home/users/ktran20/lab3/tools/gcc-mips/mips_tc'
program_transform_name='s&^&mips-elf-&'
psdir='${docdir}'
sbindir='${exec_prefix}/sbin'
sharedstatedir='${prefix}/com'
sysconfdir='${prefix}/etc'
target='mips-unknown-elf'
target_alias='mips-elf'
target_cpu='mips'
target_os='elf'
target_vendor='unknown'
use_sysroot='no'

## ------------------- ##
## File substitutions. ##
## ------------------- ##

TDIRS='tdirs'

## ----------- ##
## confdefs.h. ##
## ----------- ##

/* confdefs.h */
#define PACKAGE_NAME "ld"
#define PACKAGE_TARNAME "ld"
#define PACKAGE_VERSION "2.27"
#define PACKAGE_STRING "ld 2.27"
#define PACKAGE_BUGREPORT ""
#define PACKAGE_URL ""
#define PACKAGE "ld"
#define VERSION "2.27"
#define STDC_HEADERS 1
#define HAVE_SYS_TYPES_H 1
#define HAVE_SYS_STAT_H 1
#define HAVE_STDLIB_H 1
#define HAVE_STRING_H 1
#define HAVE_MEMORY_H 1
#define HAVE_STRINGS_H 1
#define HAVE_INTTYPES_H 1
#define HAVE_STDINT_H 1
#define HAVE_UNISTD_H 1
#define __EXTENSIONS__ 1
#define _ALL_SOURCE 1
#define _GNU_SOURCE 1
#define _POSIX_PTHREAD_SEMANTICS 1
#define _TANDEM_SOURCE 1
#define HAVE_DLFCN_H 1
#define LT_OBJDIR ".libs/"
#define HAVE_DLFCN_H 1
#define GOT_HANDLING_DEFAULT GOT_HANDLING_TARGET_DEFAULT
#define HAVE_LC_MESSAGES 1
#define HAVE_STRING_H 1
#define HAVE_STRINGS_H 1
#define HAVE_STDLIB_H 1
#define HAVE_UNISTD_H 1
#define HAVE_LIMITS_H 1
#define HAVE_LOCALE_H 1
#define HAVE_SYS_PARAM_H 1
#define HAVE_FCNTL_H 1
#define HAVE_SYS_FILE_H 1
#define HAVE_SYS_TIME_H 1
#define HAVE_SYS_STAT_H 1
#define STRING_WITH_STRINGS 1
#define HAVE_GLOB 1
#define HAVE_MKSTEMP 1
#define HAVE_REALPATH 1
#define HAVE_SBRK 1
#define HAVE_SETLOCALE 1
#define HAVE_WAITPID 1
#define HAVE_OPEN 1
#define HAVE_LSEEK 1
#define HAVE_CLOSE 1
#define HAVE_DIRENT_H 1
#define HAVE_STDLIB_H 1
#define HAVE_UNISTD_H 1
#define HAVE_GETPAGESIZE 1
#define HAVE_MMAP 1
#define HAVE_INITFINI_ARRAY 1
#define HAVE_DECL_GETOPT 1
#define HAVE_DECL_STRSTR 1
#define HAVE_DECL_FREE 1
#define HAVE_DECL_SBRK 1
#define HAVE_DECL_GETENV 1
#define HAVE_DECL_ENVIRON 1
#define SIZEOF_VOID_P 8
#define DEFAULT_LD_Z_RELRO 0

configure: exit 0
