This file contains any messages produced by compilers while
running configure, to aid debugging if configure makes a mistake.

It was created by opcodes configure 2.27, which was
generated by GNU Autoconf 2.64.  Invocation command line was

  $ /home/users/ktran20/lab3/tools/gcc-mips/build/binutils-2.27/opcodes/configure --srcdir=../../binutils-2.27/opcodes --cache-file=./config.cache --with-gnu-as --with-gnu-ld --prefix=/home/users/ktran20/lab3/tools/gcc-mips/mips_tc --disable-nls --program-transform-name=s&^&mips-elf-& --disable-option-checking --build=x86_64-pc-linux-gnu --host=x86_64-pc-linux-gnu --target=mips-elf

## --------- ##
## Platform. ##
## --------- ##

hostname = iron-03
uname -m = x86_64
uname -r = 6.8.0-49-generic
uname -s = Linux
uname -v = #49~22.04.1-Ubuntu SMP PREEMPT_DYNAMIC Wed Nov  6 17:42:15 UTC 2

/usr/bin/uname -p = x86_64
/bin/uname -X     = unknown

/bin/arch              = x86_64
/usr/bin/arch -k       = unknown
/usr/convex/getsysinfo = unknown
/usr/bin/hostinfo      = unknown
/bin/machine           = unknown
/usr/bin/oslevel       = unknown
/bin/universe          = unknown

PATH: /usr/share/Modules/bin
PATH: /usr/local/sbin
PATH: /usr/local/bin
PATH: /usr/sbin
PATH: /usr/bin
PATH: /sbin
PATH: /bin


## ----------- ##
## Core tests. ##
## ----------- ##

configure:2186: creating cache ./config.cache
configure:2291: checking build system type
configure:2305: result: x86_64-pc-linux-gnu
configure:2325: checking host system type
configure:2338: result: x86_64-pc-linux-gnu
configure:2358: checking target system type
configure:2371: result: mips-unknown-elf
configure:2405: checking for x86_64-pc-linux-gnu-gcc
configure:2432: result: gcc
configure:2701: checking for C compiler version
configure:2710: gcc --version >&5
gcc (GCC) 8.5.0 20210514 (Red Hat 8.5.0-22)
Copyright (C) 2018 Free Software Foundation, Inc.
This is free software; see the source for copying conditions.  There is NO
warranty; not even for MERCHANTABILITY or FITNESS FOR A PARTICULAR PURPOSE.

configure:2721: $? = 0
configure:2710: gcc -v >&5
Using built-in specs.
COLLECT_GCC=gcc
COLLECT_LTO_WRAPPER=/usr/libexec/gcc/x86_64-redhat-linux/8/lto-wrapper
OFFLOAD_TARGET_NAMES=nvptx-none
OFFLOAD_TARGET_DEFAULT=1
Target: x86_64-redhat-linux
Configured with: ../configure --enable-bootstrap --enable-languages=c,c++,fortran,lto --prefix=/usr --mandir=/usr/share/man --infodir=/usr/share/info --with-bugurl=https://bugs.rockylinux.org/ --enable-shared --enable-threads=posix --enable-checking=release --enable-multilib --with-system-zlib --enable-__cxa_atexit --disable-libunwind-exceptions --enable-gnu-unique-object --enable-linker-build-id --with-gcc-major-version-only --with-linker-hash-style=gnu --enable-plugin --enable-initfini-array --with-isl --disable-libmpx --enable-offload-targets=nvptx-none --without-cuda-driver --enable-gnu-indirect-function --enable-cet --with-tune=generic --with-arch_32=x86-64 --build=x86_64-redhat-linux
Thread model: posix
gcc version 8.5.0 20210514 (Red Hat 8.5.0-22) (GCC) 
configure:2721: $? = 0
configure:2710: gcc -V >&5
gcc: error: unrecognized command line option '-V'
gcc: fatal error: no input files
compilation terminated.
configure:2721: $? = 1
configure:2710: gcc -qversion >&5
gcc: error: unrecognized command line option '-qversion'; did you mean '--version'?
gcc: fatal error: no input files
compilation terminated.
configure:2721: $? = 1
configure:2741: checking for C compiler default output file name
configure:2763: gcc -g -O2    conftest.c  >&5
configure:2767: $? = 0
configure:2804: result: a.out
configure:2820: checking whether the C compiler works
configure:2829: ./a.out
configure:2833: $? = 0
configure:2848: result: yes
configure:2855: checking whether we are cross compiling
configure:2857: result: no
configure:2860: checking for suffix of executables
configure:2867: gcc -o conftest -g -O2    conftest.c  >&5
configure:2871: $? = 0
configure:2893: result: 
configure:2899: checking for suffix of object files
configure:2921: gcc -c -g -O2  conftest.c >&5
configure:2925: $? = 0
configure:2946: result: o
configure:2950: checking whether we are using the GNU C compiler
configure:2969: gcc -c -g -O2  conftest.c >&5
configure:2969: $? = 0
configure:2978: result: yes
configure:2987: checking whether gcc accepts -g
configure:3007: gcc -c -g  conftest.c >&5
configure:3007: $? = 0
configure:3048: result: yes
configure:3065: checking for gcc option to accept ISO C89
configure:3129: gcc  -c -g -O2  conftest.c >&5
configure:3129: $? = 0
configure:3142: result: none needed
configure:3163: checking for library containing strerror
configure:3194: gcc -o conftest -g -O2    conftest.c  >&5
configure:3194: $? = 0
configure:3211: result: none required
configure:3236: checking for a BSD-compatible install
configure:3304: result: /usr/bin/install -c
configure:3315: checking whether build environment is sane
configure:3365: result: yes
configure:3506: checking for a thread-safe mkdir -p
configure:3545: result: /usr/bin/mkdir -p
configure:3558: checking for gawk
configure:3585: result: gawk
configure:3596: checking whether make sets $(MAKE)
configure:3618: result: yes
configure:3648: checking for style of include used by make
configure:3676: result: GNU
configure:3762: checking dependency style of gcc
configure:3873: result: gcc3
configure:3898: checking for x86_64-pc-linux-gnu-gcc
configure:3925: result: gcc
configure:4194: checking for C compiler version
configure:4203: gcc --version >&5
gcc (GCC) 8.5.0 20210514 (Red Hat 8.5.0-22)
Copyright (C) 2018 Free Software Foundation, Inc.
This is free software; see the source for copying conditions.  There is NO
warranty; not even for MERCHANTABILITY or FITNESS FOR A PARTICULAR PURPOSE.

configure:4214: $? = 0
configure:4203: gcc -v >&5
Using built-in specs.
COLLECT_GCC=gcc
COLLECT_LTO_WRAPPER=/usr/libexec/gcc/x86_64-redhat-linux/8/lto-wrapper
OFFLOAD_TARGET_NAMES=nvptx-none
OFFLOAD_TARGET_DEFAULT=1
Target: x86_64-redhat-linux
Configured with: ../configure --enable-bootstrap --enable-languages=c,c++,fortran,lto --prefix=/usr --mandir=/usr/share/man --infodir=/usr/share/info --with-bugurl=https://bugs.rockylinux.org/ --enable-shared --enable-threads=posix --enable-checking=release --enable-multilib --with-system-zlib --enable-__cxa_atexit --disable-libunwind-exceptions --enable-gnu-unique-object --enable-linker-build-id --with-gcc-major-version-only --with-linker-hash-style=gnu --enable-plugin --enable-initfini-array --with-isl --disable-libmpx --enable-offload-targets=nvptx-none --without-cuda-driver --enable-gnu-indirect-function --enable-cet --with-tune=generic --with-arch_32=x86-64 --build=x86_64-redhat-linux
Thread model: posix
gcc version 8.5.0 20210514 (Red Hat 8.5.0-22) (GCC) 
configure:4214: $? = 0
configure:4203: gcc -V >&5
gcc: error: unrecognized command line option '-V'
gcc: fatal error: no input files
compilation terminated.
configure:4214: $? = 1
configure:4203: gcc -qversion >&5
gcc: error: unrecognized command line option '-qversion'; did you mean '--version'?
gcc: fatal error: no input files
compilation terminated.
configure:4214: $? = 1
configure:4218: checking whether we are using the GNU C compiler
configure:4246: result: yes
configure:4255: checking whether gcc accepts -g
configure:4316: result: yes
configure:4333: checking for gcc option to accept ISO C89
configure:4410: result: none needed
configure:4435: checking how to run the C preprocessor
configure:4466: gcc -E  conftest.c
configure:4466: $? = 0
configure:4480: gcc -E  conftest.c
conftest.c:11:10: fatal error: ac_nonexistent.h: No such file or directory
 #include <ac_nonexistent.h>
          ^~~~~~~~~~~~~~~~~~
compilation terminated.
configure:4480: $? = 1
configure: failed program was:
| /* confdefs.h */
| #define PACKAGE_NAME "opcodes"
| #define PACKAGE_TARNAME "opcodes"
| #define PACKAGE_VERSION "2.27"
| #define PACKAGE_STRING "opcodes 2.27"
| #define PACKAGE_BUGREPORT ""
| #define PACKAGE_URL ""
| #define PACKAGE "opcodes"
| #define VERSION "2.27"
| /* end confdefs.h.  */
| #include <ac_nonexistent.h>
configure:4505: result: gcc -E
configure:4525: gcc -E  conftest.c
configure:4525: $? = 0
configure:4539: gcc -E  conftest.c
conftest.c:11:10: fatal error: ac_nonexistent.h: No such file or directory
 #include <ac_nonexistent.h>
          ^~~~~~~~~~~~~~~~~~
compilation terminated.
configure:4539: $? = 1
configure: failed program was:
| /* confdefs.h */
| #define PACKAGE_NAME "opcodes"
| #define PACKAGE_TARNAME "opcodes"
| #define PACKAGE_VERSION "2.27"
| #define PACKAGE_STRING "opcodes 2.27"
| #define PACKAGE_BUGREPORT ""
| #define PACKAGE_URL ""
| #define PACKAGE "opcodes"
| #define VERSION "2.27"
| /* end confdefs.h.  */
| #include <ac_nonexistent.h>
configure:4568: checking for grep that handles long lines and -e
configure:4626: result: /usr/bin/grep
configure:4631: checking for egrep
configure:4693: result: /usr/bin/grep -E
configure:4698: checking for ANSI C header files
configure:4718: gcc -c -g -O2  conftest.c >&5
configure:4718: $? = 0
configure:4791: gcc -o conftest -g -O2    conftest.c  >&5
configure:4791: $? = 0
configure:4791: ./conftest
configure:4791: $? = 0
configure:4802: result: yes
configure:4815: checking for sys/types.h
configure:4815: gcc -c -g -O2  conftest.c >&5
configure:4815: $? = 0
configure:4815: result: yes
configure:4815: checking for sys/stat.h
configure:4815: gcc -c -g -O2  conftest.c >&5
configure:4815: $? = 0
configure:4815: result: yes
configure:4815: checking for stdlib.h
configure:4815: gcc -c -g -O2  conftest.c >&5
configure:4815: $? = 0
configure:4815: result: yes
configure:4815: checking for string.h
configure:4815: gcc -c -g -O2  conftest.c >&5
configure:4815: $? = 0
configure:4815: result: yes
configure:4815: checking for memory.h
configure:4815: gcc -c -g -O2  conftest.c >&5
configure:4815: $? = 0
configure:4815: result: yes
configure:4815: checking for strings.h
configure:4815: gcc -c -g -O2  conftest.c >&5
configure:4815: $? = 0
configure:4815: result: yes
configure:4815: checking for inttypes.h
configure:4815: gcc -c -g -O2  conftest.c >&5
configure:4815: $? = 0
configure:4815: result: yes
configure:4815: checking for stdint.h
configure:4815: gcc -c -g -O2  conftest.c >&5
configure:4815: $? = 0
configure:4815: result: yes
configure:4815: checking for unistd.h
configure:4815: gcc -c -g -O2  conftest.c >&5
configure:4815: $? = 0
configure:4815: result: yes
configure:4829: checking minix/config.h usability
configure:4829: gcc -c -g -O2  conftest.c >&5
conftest.c:54:10: fatal error: minix/config.h: No such file or directory
 #include <minix/config.h>
          ^~~~~~~~~~~~~~~~
compilation terminated.
configure:4829: $? = 1
configure: failed program was:
| /* confdefs.h */
| #define PACKAGE_NAME "opcodes"
| #define PACKAGE_TARNAME "opcodes"
| #define PACKAGE_VERSION "2.27"
| #define PACKAGE_STRING "opcodes 2.27"
| #define PACKAGE_BUGREPORT ""
| #define PACKAGE_URL ""
| #define PACKAGE "opcodes"
| #define VERSION "2.27"
| #define STDC_HEADERS 1
| #define HAVE_SYS_TYPES_H 1
| #define HAVE_SYS_STAT_H 1
| #define HAVE_STDLIB_H 1
| #define HAVE_STRING_H 1
| #define HAVE_MEMORY_H 1
| #define HAVE_STRINGS_H 1
| #define HAVE_INTTYPES_H 1
| #define HAVE_STDINT_H 1
| #define HAVE_UNISTD_H 1
| /* end confdefs.h.  */
| #include <stdio.h>
| #ifdef HAVE_SYS_TYPES_H
| # include <sys/types.h>
| #endif
| #ifdef HAVE_SYS_STAT_H
| # include <sys/stat.h>
| #endif
| #ifdef STDC_HEADERS
| # include <stdlib.h>
| # include <stddef.h>
| #else
| # ifdef HAVE_STDLIB_H
| #  include <stdlib.h>
| # endif
| #endif
| #ifdef HAVE_STRING_H
| # if !defined STDC_HEADERS && defined HAVE_MEMORY_H
| #  include <memory.h>
| # endif
| # include <string.h>
| #endif
| #ifdef HAVE_STRINGS_H
| # include <strings.h>
| #endif
| #ifdef HAVE_INTTYPES_H
| # include <inttypes.h>
| #endif
| #ifdef HAVE_STDINT_H
| # include <stdint.h>
| #endif
| #ifdef HAVE_UNISTD_H
| # include <unistd.h>
| #endif
| #include <minix/config.h>
configure:4829: result: no
configure:4829: checking minix/config.h presence
configure:4829: gcc -E  conftest.c
conftest.c:21:10: fatal error: minix/config.h: No such file or directory
 #include <minix/config.h>
          ^~~~~~~~~~~~~~~~
compilation terminated.
configure:4829: $? = 1
configure: failed program was:
| /* confdefs.h */
| #define PACKAGE_NAME "opcodes"
| #define PACKAGE_TARNAME "opcodes"
| #define PACKAGE_VERSION "2.27"
| #define PACKAGE_STRING "opcodes 2.27"
| #define PACKAGE_BUGREPORT ""
| #define PACKAGE_URL ""
| #define PACKAGE "opcodes"
| #define VERSION "2.27"
| #define STDC_HEADERS 1
| #define HAVE_SYS_TYPES_H 1
| #define HAVE_SYS_STAT_H 1
| #define HAVE_STDLIB_H 1
| #define HAVE_STRING_H 1
| #define HAVE_MEMORY_H 1
| #define HAVE_STRINGS_H 1
| #define HAVE_INTTYPES_H 1
| #define HAVE_STDINT_H 1
| #define HAVE_UNISTD_H 1
| /* end confdefs.h.  */
| #include <minix/config.h>
configure:4829: result: no
configure:4829: checking for minix/config.h
configure:4829: result: no
configure:4850: checking whether it is safe to define __EXTENSIONS__
configure:4868: gcc -c -g -O2  conftest.c >&5
configure:4868: $? = 0
configure:4875: result: yes
configure:4895: checking for x86_64-pc-linux-gnu-ar
configure:4922: result: ar
configure:4987: checking for x86_64-pc-linux-gnu-ranlib
configure:5014: result: ranlib
configure:5155: checking how to print strings
configure:5182: result: printf
configure:5203: checking for a sed that does not truncate output
configure:5267: result: /usr/bin/sed
configure:5285: checking for fgrep
configure:5347: result: /usr/bin/grep -F
configure:5382: checking for ld used by gcc
configure:5449: result: ld
configure:5456: checking if the linker (ld) is GNU ld
configure:5471: result: yes
configure:5483: checking for BSD- or MS-compatible name lister (nm)
configure:5532: result: nm
configure:5662: checking the name lister (nm) interface
configure:5669: gcc -c -g -O2  conftest.c >&5
configure:5672: nm "conftest.o"
configure:5675: output
0000000000000000 B some_variable
configure:5682: result: BSD nm
configure:5685: checking whether ln -s works
configure:5689: result: yes
configure:5697: checking the maximum length of command line arguments
configure:5822: result: 1572864
configure:5839: checking whether the shell understands some XSI constructs
configure:5849: result: yes
configure:5853: checking whether the shell understands "+="
configure:5859: result: yes
configure:5894: checking for ld option to reload object files
configure:5901: result: -r
configure:5930: checking for x86_64-pc-linux-gnu-objdump
configure:5957: result: objdump
configure:6029: checking how to recognize dependent libraries
configure:6230: result: pass_all
configure:6250: checking for x86_64-pc-linux-gnu-ar
configure:6277: result: ar
configure:6355: checking for x86_64-pc-linux-gnu-strip
configure:6385: result: no
configure:6395: checking for strip
configure:6411: found /usr/bin/strip
configure:6422: result: strip
configure:6454: checking for x86_64-pc-linux-gnu-ranlib
configure:6481: result: ranlib
configure:6623: checking command to parse nm output from gcc object
configure:6741: gcc -c -g -O2  conftest.c >&5
configure:6744: $? = 0
configure:6748: nm conftest.o \| sed -n -e 's/^.*[ ]\([ABCDGIRSTW][ABCDGIRSTW]*\)[ ][ ]*\([_A-Za-z][_A-Za-z0-9]*\)$/\1 \2 \2/p' \> conftest.nm
configure:6751: $? = 0
configure:6805: gcc -o conftest -g -O2    conftest.c conftstm.o >&5
configure:6808: $? = 0
configure:6846: result: ok
configure:6941: gcc -c -g -O2  conftest.c >&5
configure:6944: $? = 0
configure:7694: checking for dlfcn.h
configure:7694: gcc -c -g -O2  conftest.c >&5
configure:7694: $? = 0
configure:7694: result: yes
configure:7851: checking for objdir
configure:7866: result: .libs
configure:8137: checking if gcc supports -fno-rtti -fno-exceptions
configure:8155: gcc -c -g -O2  -fno-rtti -fno-exceptions conftest.c >&5
cc1: warning: command line option '-fno-rtti' is valid for C++/ObjC++ but not for C
configure:8159: $? = 0
configure:8172: result: no
configure:8192: checking for gcc option to produce PIC
configure:8478: result: -fPIC -DPIC
configure:8490: checking if gcc PIC flag -fPIC -DPIC works
configure:8508: gcc -c -g -O2  -fPIC -DPIC -DPIC conftest.c >&5
configure:8512: $? = 0
configure:8525: result: yes
configure:8549: checking if gcc static flag -static works
configure:8577: result: no
configure:8592: checking if gcc supports -c -o file.o
configure:8613: gcc -c -g -O2  -o out/conftest2.o conftest.c >&5
configure:8617: $? = 0
configure:8639: result: yes
configure:8647: checking if gcc supports -c -o file.o
configure:8694: result: yes
configure:8727: checking whether the gcc linker (ld -m elf_x86_64) supports shared libraries
configure:9798: result: yes
configure:10043: checking dynamic linker characteristics
configure:10494: gcc -o conftest -g -O2    -Wl,-rpath -Wl,/foo conftest.c  >&5
configure:10494: $? = 0
configure:10716: result: GNU/Linux ld.so
configure:10823: checking how to hardcode library paths into programs
configure:10848: result: immediate
configure:11388: checking whether stripping libraries is possible
configure:11393: result: yes
configure:11428: checking if libtool supports shared libraries
configure:11430: result: yes
configure:11433: checking whether to build shared libraries
configure:11454: result: no
configure:11457: checking whether to build static libraries
configure:11461: result: yes
configure:11633: checking whether gcc supports -Wmissing-field-initializers
configure:11650: gcc -c -Wmissing-field-initializers  conftest.c >&5
configure:11650: $? = 0
configure:11659: result: yes
configure:11685: checking whether to enable maintainer-specific portions of Makefiles
configure:11694: result: no
configure:11722: checking whether to install libbfd
configure:11735: result: no
configure:11781: checking whether NLS is requested
configure:11784: result: no
configure:11852: checking whether NLS is requested
configure:11861: result: no
configure:11899: checking for msgfmt
configure:11930: result: /usr/bin/msgfmt
configure:11939: checking for gmsgfmt
configure:11970: result: /usr/bin/msgfmt
configure:12010: checking for xgettext
configure:12041: result: /usr/bin/xgettext
configure:12081: checking for msgmerge
configure:12111: result: /usr/bin/msgmerge
configure:12193: checking for string.h
configure:12193: result: yes
configure:12193: checking for strings.h
configure:12193: result: yes
configure:12193: checking for stdlib.h
configure:12193: result: yes
configure:12193: checking limits.h usability
configure:12193: gcc -c -g -O2  conftest.c >&5
configure:12193: $? = 0
configure:12193: result: yes
configure:12193: checking limits.h presence
configure:12193: gcc -E  conftest.c
configure:12193: $? = 0
configure:12193: result: yes
configure:12193: checking for limits.h
configure:12193: result: yes
configure:12204: checking whether string.h and strings.h may both be included
configure:12221: gcc -c -g -O2  conftest.c >&5
configure:12221: $? = 0
configure:12228: result: yes
configure:12237: checking whether basename is declared
configure:12237: gcc -c -g -O2  conftest.c >&5
configure:12237: $? = 0
configure:12237: result: yes
configure:12247: checking whether stpcpy is declared
configure:12247: gcc -c -g -O2  conftest.c >&5
configure:12247: $? = 0
configure:12247: result: yes
configure:12261: checking for sigsetjmp
configure:12279: gcc -c -g -O2  conftest.c >&5
configure:12279: $? = 0
configure:12286: result: 
configure:12324: checking linker --as-needed support
configure:12335: result: yes
configure:12426: checking for cos in -lm
configure:12451: gcc -o conftest -g -O2    conftest.c -lm   >&5
conftest.c:43:6: warning: conflicting types for built-in function 'cos' [-Wbuiltin-declaration-mismatch]
 char cos ();
      ^~~
configure:12451: $? = 0
configure:12460: result: yes
configure:12795: updating cache ./config.cache
configure:12860: creating ./config.status

## ---------------------- ##
## Running config.status. ##
## ---------------------- ##

This file was extended by opcodes config.status 2.27, which was
generated by GNU Autoconf 2.64.  Invocation command line was

  CONFIG_FILES    = 
  CONFIG_HEADERS  = 
  CONFIG_LINKS    = 
  CONFIG_COMMANDS = 
  $ ./config.status 

on iron-03

config.status:1130: creating Makefile
config.status:1130: creating po/Makefile.in
config.status:1130: creating config.h
config.status:1343: executing depfiles commands
config.status:1343: executing libtool commands
config.status:1343: executing default-1 commands

## ---------------- ##
## Cache variables. ##
## ---------------- ##

ac_cv_build=x86_64-pc-linux-gnu
ac_cv_c_compiler_gnu=yes
ac_cv_env_CC_set=set
ac_cv_env_CC_value=gcc
ac_cv_env_CFLAGS_set=set
ac_cv_env_CFLAGS_value='-g -O2'
ac_cv_env_CPPFLAGS_set=
ac_cv_env_CPPFLAGS_value=
ac_cv_env_CPP_set=
ac_cv_env_CPP_value=
ac_cv_env_LDFLAGS_set=set
ac_cv_env_LDFLAGS_value=' '
ac_cv_env_LIBS_set=
ac_cv_env_LIBS_value=
ac_cv_env_build_alias_set=set
ac_cv_env_build_alias_value=x86_64-pc-linux-gnu
ac_cv_env_host_alias_set=set
ac_cv_env_host_alias_value=x86_64-pc-linux-gnu
ac_cv_env_target_alias_set=set
ac_cv_env_target_alias_value=mips-elf
ac_cv_have_decl_basename=yes
ac_cv_have_decl_stpcpy=yes
ac_cv_header_dlfcn_h=yes
ac_cv_header_inttypes_h=yes
ac_cv_header_limits_h=yes
ac_cv_header_memory_h=yes
ac_cv_header_minix_config_h=no
ac_cv_header_stdc=yes
ac_cv_header_stdint_h=yes
ac_cv_header_stdlib_h=yes
ac_cv_header_string_h=yes
ac_cv_header_strings_h=yes
ac_cv_header_sys_stat_h=yes
ac_cv_header_sys_types_h=yes
ac_cv_header_unistd_h=yes
ac_cv_host=x86_64-pc-linux-gnu
ac_cv_lib_m_cos=yes
ac_cv_objext=o
ac_cv_path_EGREP='/usr/bin/grep -E'
ac_cv_path_FGREP='/usr/bin/grep -F'
ac_cv_path_GMSGFMT=/usr/bin/msgfmt
ac_cv_path_GREP=/usr/bin/grep
ac_cv_path_MSGFMT=/usr/bin/msgfmt
ac_cv_path_MSGMERGE=/usr/bin/msgmerge
ac_cv_path_SED=/usr/bin/sed
ac_cv_path_XGETTEXT=/usr/bin/xgettext
ac_cv_path_mkdir=/usr/bin/mkdir
ac_cv_prog_AR=ar
ac_cv_prog_AWK=gawk
ac_cv_prog_CC=gcc
ac_cv_prog_CPP='gcc -E'
ac_cv_prog_OBJDUMP=objdump
ac_cv_prog_RANLIB=ranlib
ac_cv_prog_ac_ct_STRIP=strip
ac_cv_prog_cc_c89=
ac_cv_prog_cc_g=yes
ac_cv_prog_make_make_set=yes
ac_cv_safe_to_define___extensions__=yes
ac_cv_search_strerror='none required'
ac_cv_target=mips-unknown-elf
acx_cv_prog_cc_warning__Wmissing_field_initializers=yes
am_cv_CC_dependencies_compiler_type=gcc3
bfd_cv_func_sigsetjmp=yes
bfd_cv_ld_as_needed=yes
gcc_cv_header_string=yes
lt_cv_deplibs_check_method=pass_all
lt_cv_file_magic_cmd='$MAGIC_CMD'
lt_cv_file_magic_test_file=
lt_cv_ld_reload_flag=-r
lt_cv_nm_interface='BSD nm'
lt_cv_objdir=.libs
lt_cv_path_LD=ld
lt_cv_path_NM=nm
lt_cv_prog_compiler_c_o=yes
lt_cv_prog_compiler_pic_works=yes
lt_cv_prog_compiler_rtti_exceptions=no
lt_cv_prog_compiler_static_works=no
lt_cv_prog_gnu_ld=yes
lt_cv_shlibpath_overrides_runpath=no
lt_cv_sys_global_symbol_pipe='sed -n -e '\''s/^.*[	 ]\([ABCDGIRSTW][ABCDGIRSTW]*\)[	 ][	 ]*\([_A-Za-z][_A-Za-z0-9]*\)$/\1 \2 \2/p'\'''
lt_cv_sys_global_symbol_to_c_name_address='sed -n -e '\''s/^: \([^ ]*\) $/  {\"\1\", (void *) 0},/p'\'' -e '\''s/^[ABCDGIRSTW]* \([^ ]*\) \([^ ]*\)$/  {"\2", (void *) \&\2},/p'\'''
lt_cv_sys_global_symbol_to_c_name_address_lib_prefix='sed -n -e '\''s/^: \([^ ]*\) $/  {\"\1\", (void *) 0},/p'\'' -e '\''s/^[ABCDGIRSTW]* \([^ ]*\) \(lib[^ ]*\)$/  {"\2", (void *) \&\2},/p'\'' -e '\''s/^[ABCDGIRSTW]* \([^ ]*\) \([^ ]*\)$/  {"lib\2", (void *) \&\2},/p'\'''
lt_cv_sys_global_symbol_to_cdecl='sed -n -e '\''s/^T .* \(.*\)$/extern int \1();/p'\'' -e '\''s/^[ABCDGIRSTW]* .* \(.*\)$/extern char \1;/p'\'''
lt_cv_sys_max_cmd_len=1572864

## ----------------- ##
## Output variables. ##
## ----------------- ##

ACLOCAL='${SHELL} /home/users/ktran20/lab3/tools/gcc-mips/build/binutils-2.27/missing --run aclocal-1.11'
AMDEPBACKSLASH='\'
AMDEP_FALSE='#'
AMDEP_TRUE=''
AMTAR='$${TAR-tar}'
AR='ar'
AUTOCONF='${SHELL} /home/users/ktran20/lab3/tools/gcc-mips/build/binutils-2.27/missing --run autoconf'
AUTOHEADER='${SHELL} /home/users/ktran20/lab3/tools/gcc-mips/build/binutils-2.27/missing --run autoheader'
AUTOMAKE='${SHELL} /home/users/ktran20/lab3/tools/gcc-mips/build/binutils-2.27/missing --run automake-1.11'
AWK='gawk'
BFD_MACHINES=' mips-dis.lo mips-opc.lo mips16-opc.lo micromips-opc.lo'
BUILD_LIBS='../libiberty/libiberty.a '
BUILD_LIB_DEPS='../libiberty/libiberty.a '
CATALOGS=''
CATOBJEXT=''
CC='gcc'
CCDEPMODE='depmode=gcc3'
CC_FOR_BUILD='gcc'
CFLAGS='-g -O2'
CGEN_MAINT_FALSE=''
CGEN_MAINT_TRUE='#'
CPP='gcc -E'
CPPFLAGS=''
CYGPATH_W='echo'
DATADIRNAME=''
DEFS='-DHAVE_CONFIG_H'
DEPDIR='.deps'
DSYMUTIL=''
DUMPBIN=''
ECHO_C=''
ECHO_N='-n'
ECHO_T=''
EGREP='/usr/bin/grep -E'
EXEEXT=''
EXEEXT_FOR_BUILD='$(EXEEXT)'
FGREP='/usr/bin/grep -F'
GENCAT=''
GMSGFMT='/usr/bin/msgfmt'
GREP='/usr/bin/grep'
HDEFINES=''
INCINTL=''
INSTALL_DATA='/usr/bin/install -c -m 644'
INSTALL_LIBBFD_FALSE=''
INSTALL_LIBBFD_TRUE='#'
INSTALL_PROGRAM='/usr/bin/install -c'
INSTALL_SCRIPT='/usr/bin/install -c'
INSTALL_STRIP_PROGRAM='$(install_sh) -c -s'
INSTOBJEXT=''
LD='ld -m elf_x86_64'
LDFLAGS=' '
LIBINTL=''
LIBINTL_DEP=''
LIBM='-lm'
LIBOBJS=''
LIBS=''
LIBTOOL='$(SHELL) $(top_builddir)/libtool'
LIPO=''
LN_S='ln -s'
LTLIBOBJS=''
MAINT='#'
MAINTAINER_MODE_FALSE=''
MAINTAINER_MODE_TRUE='#'
MAKEINFO='/home/users/ktran20/lab3/tools/gcc-mips/build/binutils-2.27/missing makeinfo --split-size=5000000'
MKDIR_P='/usr/bin/mkdir -p'
MKINSTALLDIRS='$(top_builddir)/../../binutils-2.27/opcodes/../mkinstalldirs'
MSGFMT='/usr/bin/msgfmt'
MSGMERGE='/usr/bin/msgmerge'
NM='nm'
NMEDIT=''
NO_WERROR=''
NO_WMISSING_FIELD_INITIALIZERS='-Wno-missing-field-initializers'
OBJDUMP='objdump'
OBJEXT='o'
OTOOL64=''
OTOOL=''
PACKAGE='opcodes'
PACKAGE_BUGREPORT=''
PACKAGE_NAME='opcodes'
PACKAGE_STRING='opcodes 2.27'
PACKAGE_TARNAME='opcodes'
PACKAGE_URL=''
PACKAGE_VERSION='2.27'
PATH_SEPARATOR=':'
POSUB=''
RANLIB='ranlib'
SED='/usr/bin/sed'
SET_MAKE=''
SHARED_DEPENDENCIES=''
SHARED_LDFLAGS=''
SHARED_LIBADD=''
SHELL='/bin/sh'
STRIP='strip'
USE_NLS='no'
VERSION='2.27'
WARN_CFLAGS='-W -Wall -Wstrict-prototypes -Wmissing-prototypes -Wshadow -Wstack-usage=262144'
WARN_WRITE_STRINGS='-Wwrite-strings'
XGETTEXT='/usr/bin/xgettext'
ac_ct_CC=''
ac_ct_DUMPBIN=''
am__EXEEXT_FALSE=''
am__EXEEXT_TRUE='#'
am__fastdepCC_FALSE='#'
am__fastdepCC_TRUE=''
am__include='include'
am__isrc=' -I$(srcdir)'
am__leading_dot='.'
am__nodep='_no'
am__quote=''
am__tar='$${TAR-tar} chof - "$$tardir"'
am__untar='$${TAR-tar} xf -'
archdefs=' -DARCH_mips'
bfdincludedir='$(exec_prefix)/$(host_noncanonical)/$(target_noncanonical)/include'
bfdlibdir='$(exec_prefix)/$(host_noncanonical)/$(target_noncanonical)/lib'
bindir='${exec_prefix}/bin'
build='x86_64-pc-linux-gnu'
build_alias='x86_64-pc-linux-gnu'
build_cpu='x86_64'
build_os='linux-gnu'
build_vendor='pc'
cgendir='$(srcdir)/../cgen'
datadir='${datarootdir}'
datarootdir='${prefix}/share'
docdir='${datarootdir}/doc/${PACKAGE_TARNAME}'
dvidir='${docdir}'
exec_prefix='${prefix}'
host='x86_64-pc-linux-gnu'
host_alias='x86_64-pc-linux-gnu'
host_cpu='x86_64'
host_noncanonical='x86_64-pc-linux-gnu'
host_os='linux-gnu'
host_vendor='pc'
htmldir='${docdir}'
includedir='${prefix}/include'
infodir='${datarootdir}/info'
install_sh='${SHELL} /home/users/ktran20/lab3/tools/gcc-mips/build/binutils-2.27/install-sh'
libdir='${exec_prefix}/lib'
libexecdir='${exec_prefix}/libexec'
localedir='${datarootdir}/locale'
localstatedir='${prefix}/var'
mandir='${datarootdir}/man'
mkdir_p='/usr/bin/mkdir -p'
oldincludedir='/usr/include'
pdfdir='${docdir}'
prefix='/home/users/ktran20/lab3/tools/gcc-mips/mips_tc'
program_transform_name='s&^&mips-elf-&'
psdir='${docdir}'
sbindir='${exec_prefix}/sbin'
sharedstatedir='${prefix}/com'
sysconfdir='${prefix}/etc'
target='mips-unknown-elf'
target_alias='mips-elf'
target_cpu='mips'
target_noncanonical='mips-elf'
target_os='elf'
target_vendor='unknown'

## ----------- ##
## confdefs.h. ##
## ----------- ##

/* confdefs.h */
#define PACKAGE_NAME "opcodes"
#define PACKAGE_TARNAME "opcodes"
#define PACKAGE_VERSION "2.27"
#define PACKAGE_STRING "opcodes 2.27"
#define PACKAGE_BUGREPORT ""
#define PACKAGE_URL ""
#define PACKAGE "opcodes"
#define VERSION "2.27"
#define STDC_HEADERS 1
#define HAVE_SYS_TYPES_H 1
#define HAVE_SYS_STAT_H 1
#define HAVE_STDLIB_H 1
#define HAVE_STRING_H 1
#define HAVE_MEMORY_H 1
#define HAVE_STRINGS_H 1
#define HAVE_INTTYPES_H 1
#define HAVE_STDINT_H 1
#define HAVE_UNISTD_H 1
#define __EXTENSIONS__ 1
#define _ALL_SOURCE 1
#define _GNU_SOURCE 1
#define _POSIX_PTHREAD_SEMANTICS 1
#define _TANDEM_SOURCE 1
#define HAVE_DLFCN_H 1
#define LT_OBJDIR ".libs/"
#define HAVE_STRING_H 1
#define HAVE_STRINGS_H 1
#define HAVE_STDLIB_H 1
#define HAVE_LIMITS_H 1
#define STRING_WITH_STRINGS 1
#define HAVE_DECL_BASENAME 1
#define HAVE_DECL_STPCPY 1
#define HAVE_SIGSETJMP 1

configure: exit 0
