This file contains any messages produced by compilers while
running configure, to aid debugging if configure makes a mistake.

It was created by gas configure 2.27, which was
generated by GNU Autoconf 2.64.  Invocation command line was

  $ /home/users/ktran20/lab3/tools/gcc-mips/build/binutils-2.27/gas/configure --srcdir=../../binutils-2.27/gas --cache-file=./config.cache --with-gnu-as --with-gnu-ld --prefix=/home/users/ktran20/lab3/tools/gcc-mips/mips_tc --disable-nls --program-transform-name=s&^&mips-elf-& --disable-option-checking --build=x86_64-pc-linux-gnu --host=x86_64-pc-linux-gnu --target=mips-elf

## --------- ##
## Platform. ##
## --------- ##

hostname = iron-03
uname -m = x86_64
uname -r = 6.8.0-49-generic
uname -s = Linux
uname -v = #49~22.04.1-Ubuntu SMP PREEMPT_DYNAMIC Wed Nov  6 17:42:15 UTC 2

/usr/bin/uname -p = x86_64
/bin/uname -X     = unknown

/bin/arch              = x86_64
/usr/bin/arch -k       = unknown
/usr/convex/getsysinfo = unknown
/usr/bin/hostinfo      = unknown
/bin/machine           = unknown
/usr/bin/oslevel       = unknown
/bin/universe          = unknown

PATH: /usr/share/Modules/bin
PATH: /usr/local/sbin
PATH: /usr/local/bin
PATH: /usr/sbin
PATH: /usr/bin
PATH: /sbin
PATH: /bin


## ----------- ##
## Core tests. ##
## ----------- ##

configure:2208: creating cache ./config.cache
configure:2313: checking build system type
configure:2327: result: x86_64-pc-linux-gnu
configure:2347: checking host system type
configure:2360: result: x86_64-pc-linux-gnu
configure:2380: checking target system type
configure:2393: result: mips-unknown-elf
configure:2427: checking for x86_64-pc-linux-gnu-gcc
configure:2454: result: gcc
configure:2723: checking for C compiler version
configure:2732: gcc --version >&5
gcc (GCC) 8.5.0 20210514 (Red Hat 8.5.0-22)
Copyright (C) 2018 Free Software Foundation, Inc.
This is free software; see the source for copying conditions.  There is NO
warranty; not even for MERCHANTABILITY or FITNESS FOR A PARTICULAR PURPOSE.

configure:2743: $? = 0
configure:2732: gcc -v >&5
Using built-in specs.
COLLECT_GCC=gcc
COLLECT_LTO_WRAPPER=/usr/libexec/gcc/x86_64-redhat-linux/8/lto-wrapper
OFFLOAD_TARGET_NAMES=nvptx-none
OFFLOAD_TARGET_DEFAULT=1
Target: x86_64-redhat-linux
Configured with: ../configure --enable-bootstrap --enable-languages=c,c++,fortran,lto --prefix=/usr --mandir=/usr/share/man --infodir=/usr/share/info --with-bugurl=https://bugs.rockylinux.org/ --enable-shared --enable-threads=posix --enable-checking=release --enable-multilib --with-system-zlib --enable-__cxa_atexit --disable-libunwind-exceptions --enable-gnu-unique-object --enable-linker-build-id --with-gcc-major-version-only --with-linker-hash-style=gnu --enable-plugin --enable-initfini-array --with-isl --disable-libmpx --enable-offload-targets=nvptx-none --without-cuda-driver --enable-gnu-indirect-function --enable-cet --with-tune=generic --with-arch_32=x86-64 --build=x86_64-redhat-linux
Thread model: posix
gcc version 8.5.0 20210514 (Red Hat 8.5.0-22) (GCC) 
configure:2743: $? = 0
configure:2732: gcc -V >&5
gcc: error: unrecognized command line option '-V'
gcc: fatal error: no input files
compilation terminated.
configure:2743: $? = 1
configure:2732: gcc -qversion >&5
gcc: error: unrecognized command line option '-qversion'; did you mean '--version'?
gcc: fatal error: no input files
compilation terminated.
configure:2743: $? = 1
configure:2763: checking for C compiler default output file name
configure:2785: gcc -g -O2    conftest.c  >&5
configure:2789: $? = 0
configure:2826: result: a.out
configure:2842: checking whether the C compiler works
configure:2851: ./a.out
configure:2855: $? = 0
configure:2870: result: yes
configure:2877: checking whether we are cross compiling
configure:2879: result: no
configure:2882: checking for suffix of executables
configure:2889: gcc -o conftest -g -O2    conftest.c  >&5
configure:2893: $? = 0
configure:2915: result: 
configure:2921: checking for suffix of object files
configure:2943: gcc -c -g -O2  conftest.c >&5
configure:2947: $? = 0
configure:2968: result: o
configure:2972: checking whether we are using the GNU C compiler
configure:2991: gcc -c -g -O2  conftest.c >&5
configure:2991: $? = 0
configure:3000: result: yes
configure:3009: checking whether gcc accepts -g
configure:3029: gcc -c -g  conftest.c >&5
configure:3029: $? = 0
configure:3070: result: yes
configure:3087: checking for gcc option to accept ISO C89
configure:3151: gcc  -c -g -O2  conftest.c >&5
configure:3151: $? = 0
configure:3164: result: none needed
configure:3185: checking for library containing strerror
configure:3216: gcc -o conftest -g -O2    conftest.c  >&5
configure:3216: $? = 0
configure:3233: result: none required
configure:3258: checking for a BSD-compatible install
configure:3326: result: /usr/bin/install -c
configure:3337: checking whether build environment is sane
configure:3387: result: yes
configure:3528: checking for a thread-safe mkdir -p
configure:3567: result: /usr/bin/mkdir -p
configure:3580: checking for gawk
configure:3607: result: gawk
configure:3618: checking whether make sets $(MAKE)
configure:3640: result: yes
configure:3670: checking for style of include used by make
configure:3698: result: GNU
configure:3784: checking dependency style of gcc
configure:3895: result: gcc3
configure:3920: checking for x86_64-pc-linux-gnu-gcc
configure:3947: result: gcc
configure:4216: checking for C compiler version
configure:4225: gcc --version >&5
gcc (GCC) 8.5.0 20210514 (Red Hat 8.5.0-22)
Copyright (C) 2018 Free Software Foundation, Inc.
This is free software; see the source for copying conditions.  There is NO
warranty; not even for MERCHANTABILITY or FITNESS FOR A PARTICULAR PURPOSE.

configure:4236: $? = 0
configure:4225: gcc -v >&5
Using built-in specs.
COLLECT_GCC=gcc
COLLECT_LTO_WRAPPER=/usr/libexec/gcc/x86_64-redhat-linux/8/lto-wrapper
OFFLOAD_TARGET_NAMES=nvptx-none
OFFLOAD_TARGET_DEFAULT=1
Target: x86_64-redhat-linux
Configured with: ../configure --enable-bootstrap --enable-languages=c,c++,fortran,lto --prefix=/usr --mandir=/usr/share/man --infodir=/usr/share/info --with-bugurl=https://bugs.rockylinux.org/ --enable-shared --enable-threads=posix --enable-checking=release --enable-multilib --with-system-zlib --enable-__cxa_atexit --disable-libunwind-exceptions --enable-gnu-unique-object --enable-linker-build-id --with-gcc-major-version-only --with-linker-hash-style=gnu --enable-plugin --enable-initfini-array --with-isl --disable-libmpx --enable-offload-targets=nvptx-none --without-cuda-driver --enable-gnu-indirect-function --enable-cet --with-tune=generic --with-arch_32=x86-64 --build=x86_64-redhat-linux
Thread model: posix
gcc version 8.5.0 20210514 (Red Hat 8.5.0-22) (GCC) 
configure:4236: $? = 0
configure:4225: gcc -V >&5
gcc: error: unrecognized command line option '-V'
gcc: fatal error: no input files
compilation terminated.
configure:4236: $? = 1
configure:4225: gcc -qversion >&5
gcc: error: unrecognized command line option '-qversion'; did you mean '--version'?
gcc: fatal error: no input files
compilation terminated.
configure:4236: $? = 1
configure:4240: checking whether we are using the GNU C compiler
configure:4268: result: yes
configure:4277: checking whether gcc accepts -g
configure:4338: result: yes
configure:4355: checking for gcc option to accept ISO C89
configure:4432: result: none needed
configure:4457: checking how to run the C preprocessor
configure:4488: gcc -E  conftest.c
configure:4488: $? = 0
configure:4502: gcc -E  conftest.c
conftest.c:11:10: fatal error: ac_nonexistent.h: No such file or directory
 #include <ac_nonexistent.h>
          ^~~~~~~~~~~~~~~~~~
compilation terminated.
configure:4502: $? = 1
configure: failed program was:
| /* confdefs.h */
| #define PACKAGE_NAME "gas"
| #define PACKAGE_TARNAME "gas"
| #define PACKAGE_VERSION "2.27"
| #define PACKAGE_STRING "gas 2.27"
| #define PACKAGE_BUGREPORT ""
| #define PACKAGE_URL ""
| #define PACKAGE "gas"
| #define VERSION "2.27"
| /* end confdefs.h.  */
| #include <ac_nonexistent.h>
configure:4527: result: gcc -E
configure:4547: gcc -E  conftest.c
configure:4547: $? = 0
configure:4561: gcc -E  conftest.c
conftest.c:11:10: fatal error: ac_nonexistent.h: No such file or directory
 #include <ac_nonexistent.h>
          ^~~~~~~~~~~~~~~~~~
compilation terminated.
configure:4561: $? = 1
configure: failed program was:
| /* confdefs.h */
| #define PACKAGE_NAME "gas"
| #define PACKAGE_TARNAME "gas"
| #define PACKAGE_VERSION "2.27"
| #define PACKAGE_STRING "gas 2.27"
| #define PACKAGE_BUGREPORT ""
| #define PACKAGE_URL ""
| #define PACKAGE "gas"
| #define VERSION "2.27"
| /* end confdefs.h.  */
| #include <ac_nonexistent.h>
configure:4590: checking for grep that handles long lines and -e
configure:4648: result: /usr/bin/grep
configure:4653: checking for egrep
configure:4715: result: /usr/bin/grep -E
configure:4720: checking for ANSI C header files
configure:4740: gcc -c -g -O2  conftest.c >&5
configure:4740: $? = 0
configure:4813: gcc -o conftest -g -O2    conftest.c  >&5
configure:4813: $? = 0
configure:4813: ./conftest
configure:4813: $? = 0
configure:4824: result: yes
configure:4837: checking for sys/types.h
configure:4837: gcc -c -g -O2  conftest.c >&5
configure:4837: $? = 0
configure:4837: result: yes
configure:4837: checking for sys/stat.h
configure:4837: gcc -c -g -O2  conftest.c >&5
configure:4837: $? = 0
configure:4837: result: yes
configure:4837: checking for stdlib.h
configure:4837: gcc -c -g -O2  conftest.c >&5
configure:4837: $? = 0
configure:4837: result: yes
configure:4837: checking for string.h
configure:4837: gcc -c -g -O2  conftest.c >&5
configure:4837: $? = 0
configure:4837: result: yes
configure:4837: checking for memory.h
configure:4837: gcc -c -g -O2  conftest.c >&5
configure:4837: $? = 0
configure:4837: result: yes
configure:4837: checking for strings.h
configure:4837: gcc -c -g -O2  conftest.c >&5
configure:4837: $? = 0
configure:4837: result: yes
configure:4837: checking for inttypes.h
configure:4837: gcc -c -g -O2  conftest.c >&5
configure:4837: $? = 0
configure:4837: result: yes
configure:4837: checking for stdint.h
configure:4837: gcc -c -g -O2  conftest.c >&5
configure:4837: $? = 0
configure:4837: result: yes
configure:4837: checking for unistd.h
configure:4837: gcc -c -g -O2  conftest.c >&5
configure:4837: $? = 0
configure:4837: result: yes
configure:4851: checking minix/config.h usability
configure:4851: gcc -c -g -O2  conftest.c >&5
conftest.c:54:10: fatal error: minix/config.h: No such file or directory
 #include <minix/config.h>
          ^~~~~~~~~~~~~~~~
compilation terminated.
configure:4851: $? = 1
configure: failed program was:
| /* confdefs.h */
| #define PACKAGE_NAME "gas"
| #define PACKAGE_TARNAME "gas"
| #define PACKAGE_VERSION "2.27"
| #define PACKAGE_STRING "gas 2.27"
| #define PACKAGE_BUGREPORT ""
| #define PACKAGE_URL ""
| #define PACKAGE "gas"
| #define VERSION "2.27"
| #define STDC_HEADERS 1
| #define HAVE_SYS_TYPES_H 1
| #define HAVE_SYS_STAT_H 1
| #define HAVE_STDLIB_H 1
| #define HAVE_STRING_H 1
| #define HAVE_MEMORY_H 1
| #define HAVE_STRINGS_H 1
| #define HAVE_INTTYPES_H 1
| #define HAVE_STDINT_H 1
| #define HAVE_UNISTD_H 1
| /* end confdefs.h.  */
| #include <stdio.h>
| #ifdef HAVE_SYS_TYPES_H
| # include <sys/types.h>
| #endif
| #ifdef HAVE_SYS_STAT_H
| # include <sys/stat.h>
| #endif
| #ifdef STDC_HEADERS
| # include <stdlib.h>
| # include <stddef.h>
| #else
| # ifdef HAVE_STDLIB_H
| #  include <stdlib.h>
| # endif
| #endif
| #ifdef HAVE_STRING_H
| # if !defined STDC_HEADERS && defined HAVE_MEMORY_H
| #  include <memory.h>
| # endif
| # include <string.h>
| #endif
| #ifdef HAVE_STRINGS_H
| # include <strings.h>
| #endif
| #ifdef HAVE_INTTYPES_H
| # include <inttypes.h>
| #endif
| #ifdef HAVE_STDINT_H
| # include <stdint.h>
| #endif
| #ifdef HAVE_UNISTD_H
| # include <unistd.h>
| #endif
| #include <minix/config.h>
configure:4851: result: no
configure:4851: checking minix/config.h presence
configure:4851: gcc -E  conftest.c
conftest.c:21:10: fatal error: minix/config.h: No such file or directory
 #include <minix/config.h>
          ^~~~~~~~~~~~~~~~
compilation terminated.
configure:4851: $? = 1
configure: failed program was:
| /* confdefs.h */
| #define PACKAGE_NAME "gas"
| #define PACKAGE_TARNAME "gas"
| #define PACKAGE_VERSION "2.27"
| #define PACKAGE_STRING "gas 2.27"
| #define PACKAGE_BUGREPORT ""
| #define PACKAGE_URL ""
| #define PACKAGE "gas"
| #define VERSION "2.27"
| #define STDC_HEADERS 1
| #define HAVE_SYS_TYPES_H 1
| #define HAVE_SYS_STAT_H 1
| #define HAVE_STDLIB_H 1
| #define HAVE_STRING_H 1
| #define HAVE_MEMORY_H 1
| #define HAVE_STRINGS_H 1
| #define HAVE_INTTYPES_H 1
| #define HAVE_STDINT_H 1
| #define HAVE_UNISTD_H 1
| /* end confdefs.h.  */
| #include <minix/config.h>
configure:4851: result: no
configure:4851: checking for minix/config.h
configure:4851: result: no
configure:4872: checking whether it is safe to define __EXTENSIONS__
configure:4890: gcc -c -g -O2  conftest.c >&5
configure:4890: $? = 0
configure:4897: result: yes
configure:4960: checking how to print strings
configure:4987: result: printf
configure:5008: checking for a sed that does not truncate output
configure:5072: result: /usr/bin/sed
configure:5090: checking for fgrep
configure:5152: result: /usr/bin/grep -F
configure:5187: checking for ld used by gcc
configure:5254: result: ld
configure:5261: checking if the linker (ld) is GNU ld
configure:5276: result: yes
configure:5288: checking for BSD- or MS-compatible name lister (nm)
configure:5337: result: nm
configure:5467: checking the name lister (nm) interface
configure:5474: gcc -c -g -O2  conftest.c >&5
configure:5477: nm "conftest.o"
configure:5480: output
0000000000000000 B some_variable
configure:5487: result: BSD nm
configure:5490: checking whether ln -s works
configure:5494: result: yes
configure:5502: checking the maximum length of command line arguments
configure:5627: result: 1572864
configure:5644: checking whether the shell understands some XSI constructs
configure:5654: result: yes
configure:5658: checking whether the shell understands "+="
configure:5664: result: yes
configure:5699: checking for ld option to reload object files
configure:5706: result: -r
configure:5735: checking for x86_64-pc-linux-gnu-objdump
configure:5762: result: objdump
configure:5834: checking how to recognize dependent libraries
configure:6035: result: pass_all
configure:6055: checking for x86_64-pc-linux-gnu-ar
configure:6082: result: ar
configure:6160: checking for x86_64-pc-linux-gnu-strip
configure:6190: result: no
configure:6200: checking for strip
configure:6216: found /usr/bin/strip
configure:6227: result: strip
configure:6259: checking for x86_64-pc-linux-gnu-ranlib
configure:6286: result: ranlib
configure:6428: checking command to parse nm output from gcc object
configure:6546: gcc -c -g -O2  conftest.c >&5
configure:6549: $? = 0
configure:6553: nm conftest.o \| sed -n -e 's/^.*[ ]\([ABCDGIRSTW][ABCDGIRSTW]*\)[ ][ ]*\([_A-Za-z][_A-Za-z0-9]*\)$/\1 \2 \2/p' \> conftest.nm
configure:6556: $? = 0
configure:6610: gcc -o conftest -g -O2    conftest.c conftstm.o >&5
configure:6613: $? = 0
configure:6651: result: ok
configure:6746: gcc -c -g -O2  conftest.c >&5
configure:6749: $? = 0
configure:7499: checking for dlfcn.h
configure:7499: gcc -c -g -O2  conftest.c >&5
configure:7499: $? = 0
configure:7499: result: yes
configure:7686: checking for objdir
configure:7701: result: .libs
configure:7972: checking if gcc supports -fno-rtti -fno-exceptions
configure:7990: gcc -c -g -O2  -fno-rtti -fno-exceptions conftest.c >&5
cc1: warning: command line option '-fno-rtti' is valid for C++/ObjC++ but not for C
configure:7994: $? = 0
configure:8007: result: no
configure:8027: checking for gcc option to produce PIC
configure:8313: result: -fPIC -DPIC
configure:8325: checking if gcc PIC flag -fPIC -DPIC works
configure:8343: gcc -c -g -O2  -fPIC -DPIC -DPIC conftest.c >&5
configure:8347: $? = 0
configure:8360: result: yes
configure:8384: checking if gcc static flag -static works
configure:8412: result: no
configure:8427: checking if gcc supports -c -o file.o
configure:8448: gcc -c -g -O2  -o out/conftest2.o conftest.c >&5
configure:8452: $? = 0
configure:8474: result: yes
configure:8482: checking if gcc supports -c -o file.o
configure:8529: result: yes
configure:8562: checking whether the gcc linker (ld -m elf_x86_64) supports shared libraries
configure:9633: result: yes
configure:9670: checking whether -lc should be explicitly linked in
configure:9678: gcc -c -g -O2  conftest.c >&5
configure:9681: $? = 0
configure:9696: gcc -shared  -fPIC -DPIC conftest.o  -v -Wl,-soname -Wl,conftest -o conftest 2\>\&1 \| /usr/bin/grep  -lc  \>/dev/null 2\>\&1
configure:9699: $? = 0
configure:9713: result: no
configure:9878: checking dynamic linker characteristics
configure:10329: gcc -o conftest -g -O2    -Wl,-rpath -Wl,/foo conftest.c  >&5
configure:10329: $? = 0
configure:10551: result: GNU/Linux ld.so
configure:10658: checking how to hardcode library paths into programs
configure:10683: result: immediate
configure:11223: checking whether stripping libraries is possible
configure:11228: result: yes
configure:11263: checking if libtool supports shared libraries
configure:11265: result: yes
configure:11268: checking whether to build shared libraries
configure:11289: result: yes
configure:11292: checking whether to build static libraries
configure:11296: result: yes
configure:11344: checking for dlfcn.h
configure:11344: result: yes
configure:11357: checking for windows.h
configure:11357: gcc -c -g -O2  conftest.c >&5
conftest.c:63:10: fatal error: windows.h: No such file or directory
 #include <windows.h>
          ^~~~~~~~~~~
compilation terminated.
configure:11357: $? = 1
configure: failed program was:
| /* confdefs.h */
| #define PACKAGE_NAME "gas"
| #define PACKAGE_TARNAME "gas"
| #define PACKAGE_VERSION "2.27"
| #define PACKAGE_STRING "gas 2.27"
| #define PACKAGE_BUGREPORT ""
| #define PACKAGE_URL ""
| #define PACKAGE "gas"
| #define VERSION "2.27"
| #define STDC_HEADERS 1
| #define HAVE_SYS_TYPES_H 1
| #define HAVE_SYS_STAT_H 1
| #define HAVE_STDLIB_H 1
| #define HAVE_STRING_H 1
| #define HAVE_MEMORY_H 1
| #define HAVE_STRINGS_H 1
| #define HAVE_INTTYPES_H 1
| #define HAVE_STDINT_H 1
| #define HAVE_UNISTD_H 1
| #define __EXTENSIONS__ 1
| #define _ALL_SOURCE 1
| #define _GNU_SOURCE 1
| #define _POSIX_PTHREAD_SEMANTICS 1
| #define _TANDEM_SOURCE 1
| #define HAVE_DLFCN_H 1
| #define LT_OBJDIR ".libs/"
| #define HAVE_DLFCN_H 1
| /* end confdefs.h.  */
| #include <stdio.h>
| #ifdef HAVE_SYS_TYPES_H
| # include <sys/types.h>
| #endif
| #ifdef HAVE_SYS_STAT_H
| # include <sys/stat.h>
| #endif
| #ifdef STDC_HEADERS
| # include <stdlib.h>
| # include <stddef.h>
| #else
| # ifdef HAVE_STDLIB_H
| #  include <stdlib.h>
| # endif
| #endif
| #ifdef HAVE_STRING_H
| # if !defined STDC_HEADERS && defined HAVE_MEMORY_H
| #  include <memory.h>
| # endif
| # include <string.h>
| #endif
| #ifdef HAVE_STRINGS_H
| # include <strings.h>
| #endif
| #ifdef HAVE_INTTYPES_H
| # include <inttypes.h>
| #endif
| #ifdef HAVE_STDINT_H
| # include <stdint.h>
| #endif
| #ifdef HAVE_UNISTD_H
| # include <unistd.h>
| #endif
| 
| #include <windows.h>
configure:11357: result: no
configure:11384: checking for library containing dlopen
configure:11415: gcc -o conftest -g -O2    conftest.c  >&5
/tmp/ccASdzLL.o: In function `main':
/home/users/ktran20/lab3/tools/gcc-mips/build/binutils-build/gas/conftest.c:40: undefined reference to `dlopen'
collect2: error: ld returned 1 exit status
configure:11415: $? = 1
configure: failed program was:
| /* confdefs.h */
| #define PACKAGE_NAME "gas"
| #define PACKAGE_TARNAME "gas"
| #define PACKAGE_VERSION "2.27"
| #define PACKAGE_STRING "gas 2.27"
| #define PACKAGE_BUGREPORT ""
| #define PACKAGE_URL ""
| #define PACKAGE "gas"
| #define VERSION "2.27"
| #define STDC_HEADERS 1
| #define HAVE_SYS_TYPES_H 1
| #define HAVE_SYS_STAT_H 1
| #define HAVE_STDLIB_H 1
| #define HAVE_STRING_H 1
| #define HAVE_MEMORY_H 1
| #define HAVE_STRINGS_H 1
| #define HAVE_INTTYPES_H 1
| #define HAVE_STDINT_H 1
| #define HAVE_UNISTD_H 1
| #define __EXTENSIONS__ 1
| #define _ALL_SOURCE 1
| #define _GNU_SOURCE 1
| #define _POSIX_PTHREAD_SEMANTICS 1
| #define _TANDEM_SOURCE 1
| #define HAVE_DLFCN_H 1
| #define LT_OBJDIR ".libs/"
| #define HAVE_DLFCN_H 1
| /* end confdefs.h.  */
| 
| /* Override any GCC internal prototype to avoid an error.
|    Use char because int might match the return type of a GCC
|    builtin and then its argument prototype would still apply.  */
| #ifdef __cplusplus
| extern "C"
| #endif
| char dlopen ();
| int
| main ()
| {
| return dlopen ();
|   ;
|   return 0;
| }
configure:11415: gcc -o conftest -g -O2    conftest.c -ldl   >&5
configure:11415: $? = 0
configure:11432: result: -ldl
configure:11463: checking for special C compiler options needed for large files
configure:11508: result: no
configure:11514: checking for _FILE_OFFSET_BITS value needed for large files
configure:11539: gcc -c -g -O2  conftest.c >&5
configure:11539: $? = 0
configure:11571: result: no
configure:11865: checking whether byte ordering is bigendian
configure:11880: gcc -c -g -O2  conftest.c >&5
conftest.c:31:9: error: unknown type name 'not'
         not a universal capable compiler
         ^~~
conftest.c:31:15: error: expected '=', ',', ';', 'asm' or '__attribute__' before 'universal'
         not a universal capable compiler
               ^~~~~~~~~
conftest.c:31:15: error: unknown type name 'universal'
configure:11880: $? = 1
configure: failed program was:
| /* confdefs.h */
| #define PACKAGE_NAME "gas"
| #define PACKAGE_TARNAME "gas"
| #define PACKAGE_VERSION "2.27"
| #define PACKAGE_STRING "gas 2.27"
| #define PACKAGE_BUGREPORT ""
| #define PACKAGE_URL ""
| #define PACKAGE "gas"
| #define VERSION "2.27"
| #define STDC_HEADERS 1
| #define HAVE_SYS_TYPES_H 1
| #define HAVE_SYS_STAT_H 1
| #define HAVE_STDLIB_H 1
| #define HAVE_STRING_H 1
| #define HAVE_MEMORY_H 1
| #define HAVE_STRINGS_H 1
| #define HAVE_INTTYPES_H 1
| #define HAVE_STDINT_H 1
| #define HAVE_UNISTD_H 1
| #define __EXTENSIONS__ 1
| #define _ALL_SOURCE 1
| #define _GNU_SOURCE 1
| #define _POSIX_PTHREAD_SEMANTICS 1
| #define _TANDEM_SOURCE 1
| #define HAVE_DLFCN_H 1
| #define LT_OBJDIR ".libs/"
| #define HAVE_DLFCN_H 1
| #define ENABLE_CHECKING 1
| /* end confdefs.h.  */
| #ifndef __APPLE_CC__
| 	       not a universal capable compiler
| 	     #endif
| 	     typedef int dummy;
| 
configure:11925: gcc -c -g -O2  conftest.c >&5
configure:11925: $? = 0
configure:11943: gcc -c -g -O2  conftest.c >&5
conftest.c: In function 'main':
conftest.c:37:4: error: unknown type name 'not'; did you mean 'ino_t'?
    not big endian
    ^~~
    ino_t
conftest.c:37:12: error: expected '=', ',', ';', 'asm' or '__attribute__' before 'endian'
    not big endian
            ^~~~~~
configure:11943: $? = 1
configure: failed program was:
| /* confdefs.h */
| #define PACKAGE_NAME "gas"
| #define PACKAGE_TARNAME "gas"
| #define PACKAGE_VERSION "2.27"
| #define PACKAGE_STRING "gas 2.27"
| #define PACKAGE_BUGREPORT ""
| #define PACKAGE_URL ""
| #define PACKAGE "gas"
| #define VERSION "2.27"
| #define STDC_HEADERS 1
| #define HAVE_SYS_TYPES_H 1
| #define HAVE_SYS_STAT_H 1
| #define HAVE_STDLIB_H 1
| #define HAVE_STRING_H 1
| #define HAVE_MEMORY_H 1
| #define HAVE_STRINGS_H 1
| #define HAVE_INTTYPES_H 1
| #define HAVE_STDINT_H 1
| #define HAVE_UNISTD_H 1
| #define __EXTENSIONS__ 1
| #define _ALL_SOURCE 1
| #define _GNU_SOURCE 1
| #define _POSIX_PTHREAD_SEMANTICS 1
| #define _TANDEM_SOURCE 1
| #define HAVE_DLFCN_H 1
| #define LT_OBJDIR ".libs/"
| #define HAVE_DLFCN_H 1
| #define ENABLE_CHECKING 1
| /* end confdefs.h.  */
| #include <sys/types.h>
| 		#include <sys/param.h>
| 
| int
| main ()
| {
| #if BYTE_ORDER != BIG_ENDIAN
| 		 not big endian
| 		#endif
| 
|   ;
|   return 0;
| }
configure:12071: result: no
configure:12891: checking for bison
configure:12918: result: /home/users/ktran20/lab3/tools/gcc-mips/build/binutils-2.27/missing bison -y
configure:12934: checking for flex
configure:12961: result: /home/users/ktran20/lab3/tools/gcc-mips/build/binutils-2.27/missing flex
configure:13106: checking whether NLS is requested
configure:13109: result: no
configure:13177: checking whether NLS is requested
configure:13186: result: no
configure:13224: checking for msgfmt
configure:13255: result: /usr/bin/msgfmt
configure:13264: checking for gmsgfmt
configure:13295: result: /usr/bin/msgfmt
configure:13335: checking for xgettext
configure:13366: result: /usr/bin/xgettext
configure:13406: checking for msgmerge
configure:13436: result: /usr/bin/msgmerge
configure:13473: checking whether to enable maintainer-specific portions of Makefiles
configure:13482: result: no
configure:13508: checking for string.h
configure:13508: result: yes
configure:13508: checking for stdlib.h
configure:13508: result: yes
configure:13508: checking for memory.h
configure:13508: result: yes
configure:13508: checking for strings.h
configure:13508: result: yes
configure:13508: checking for unistd.h
configure:13508: result: yes
configure:13508: checking errno.h usability
configure:13508: gcc -c -g -O2  conftest.c >&5
configure:13508: $? = 0
configure:13508: result: yes
configure:13508: checking errno.h presence
configure:13508: gcc -E  conftest.c
configure:13508: $? = 0
configure:13508: result: yes
configure:13508: checking for errno.h
configure:13508: result: yes
configure:13508: checking for sys/types.h
configure:13508: result: yes
configure:13508: checking limits.h usability
configure:13508: gcc -c -g -O2  conftest.c >&5
configure:13508: $? = 0
configure:13508: result: yes
configure:13508: checking limits.h presence
configure:13508: gcc -E  conftest.c
configure:13508: $? = 0
configure:13508: result: yes
configure:13508: checking for limits.h
configure:13508: result: yes
configure:13508: checking locale.h usability
configure:13508: gcc -c -g -O2  conftest.c >&5
configure:13508: $? = 0
configure:13508: result: yes
configure:13508: checking locale.h presence
configure:13508: gcc -E  conftest.c
configure:13508: $? = 0
configure:13508: result: yes
configure:13508: checking for locale.h
configure:13508: result: yes
configure:13508: checking time.h usability
configure:13508: gcc -c -g -O2  conftest.c >&5
configure:13508: $? = 0
configure:13508: result: yes
configure:13508: checking time.h presence
configure:13508: gcc -E  conftest.c
configure:13508: $? = 0
configure:13508: result: yes
configure:13508: checking for time.h
configure:13508: result: yes
configure:13508: checking for sys/stat.h
configure:13508: result: yes
configure:13519: checking whether string.h and strings.h may both be included
configure:13536: gcc -c -g -O2  conftest.c >&5
configure:13536: $? = 0
configure:13543: result: yes
configure:13554: checking whether compiling a cross-assembler
configure:13564: result: yes
configure:13569: checking for working alloca.h
configure:13586: gcc -o conftest -g -O2    conftest.c -ldl  >&5
configure:13586: $? = 0
configure:13594: result: yes
configure:13602: checking for alloca
configure:13639: gcc -o conftest -g -O2    conftest.c -ldl  >&5
configure:13639: $? = 0
configure:13647: result: yes
configure:13757: checking for inline
configure:13773: gcc -c -g -O2  conftest.c >&5
configure:13773: $? = 0
configure:13781: result: inline
configure:13804: checking for unlink
configure:13804: gcc -o conftest -g -O2    conftest.c -ldl  >&5
configure:13804: $? = 0
configure:13804: result: yes
configure:13817: checking for sbrk
configure:13817: gcc -o conftest -g -O2    conftest.c -ldl  >&5
configure:13817: $? = 0
configure:13817: result: yes
configure:13817: checking for setlocale
configure:13817: gcc -o conftest -g -O2    conftest.c -ldl  >&5
configure:13817: $? = 0
configure:13817: result: yes
configure:13829: checking for LC_MESSAGES
configure:13845: gcc -o conftest -g -O2    conftest.c -ldl  >&5
configure:13845: $? = 0
configure:13853: result: yes
configure:14004: checking for working assert macro
configure:14029: gcc -o conftest -g -O2    conftest.c -ldl  >&5
In file included from conftest.c:64:
conftest.c: In function 'main':
conftest.c:73:10: warning: implicit declaration of function 'strcmp' [-Wimplicit-function-declaration]
 assert (!strcmp(s, "foo bar baz quux"));
          ^~~~~~
configure:14029: $? = 0
configure:14037: result: yes
configure:14069: checking whether declaration is required for errno
configure:14093: gcc -o conftest -g -O2    conftest.c -ldl  >&5
configure:14093: $? = 0
configure:14101: result: no
configure:14110: checking for a known getopt prototype in unistd.h
configure:14126: gcc -c -g -O2  conftest.c >&5
configure:14126: $? = 0
configure:14134: result: yes
configure:14143: checking whether declaration is required for environ
configure:14163: gcc -o conftest -g -O2    conftest.c -ldl  >&5
configure:14163: $? = 0
configure:14171: result: no
configure:14180: checking whether declaration is required for ffs
configure:14200: gcc -o conftest -g -O2    conftest.c -ldl  >&5
configure:14200: $? = 0
configure:14208: result: no
configure:14217: checking whether declaration is required for free
configure:14237: gcc -o conftest -g -O2    conftest.c -ldl  >&5
configure:14237: $? = 0
configure:14245: result: no
configure:14254: checking whether declaration is required for malloc
configure:14274: gcc -o conftest -g -O2    conftest.c -ldl  >&5
configure:14274: $? = 0
configure:14282: result: no
configure:14291: checking whether declaration is required for sbrk
configure:14311: gcc -o conftest -g -O2    conftest.c -ldl  >&5
configure:14311: $? = 0
configure:14319: result: no
configure:14328: checking whether declaration is required for strstr
configure:14348: gcc -o conftest -g -O2    conftest.c -ldl  >&5
configure:14348: $? = 0
configure:14356: result: no
configure:14365: checking whether free is declared
configure:14365: gcc -c -g -O2  conftest.c >&5
configure:14365: $? = 0
configure:14365: result: yes
configure:14375: checking whether getenv is declared
configure:14375: gcc -c -g -O2  conftest.c >&5
configure:14375: $? = 0
configure:14375: result: yes
configure:14385: checking whether malloc is declared
configure:14385: gcc -c -g -O2  conftest.c >&5
configure:14385: $? = 0
configure:14385: result: yes
configure:14395: checking whether mempcpy is declared
configure:14395: gcc -c -g -O2  conftest.c >&5
configure:14395: $? = 0
configure:14395: result: yes
configure:14405: checking whether realloc is declared
configure:14405: gcc -c -g -O2  conftest.c >&5
configure:14405: $? = 0
configure:14405: result: yes
configure:14415: checking whether stpcpy is declared
configure:14415: gcc -c -g -O2  conftest.c >&5
configure:14415: $? = 0
configure:14415: result: yes
configure:14425: checking whether strstr is declared
configure:14425: gcc -c -g -O2  conftest.c >&5
configure:14425: $? = 0
configure:14425: result: yes
configure:14435: checking whether vsnprintf is declared
configure:14435: gcc -c -g -O2  conftest.c >&5
configure:14435: $? = 0
configure:14435: result: yes
configure:14445: checking whether asprintf is declared
configure:14445: gcc -c -g -O2  conftest.c >&5
configure:14445: $? = 0
configure:14445: result: yes
configure:14487: checking for struct tm.tm_gmtoff in time.h
configure:14505: gcc -c -g -O2  conftest.c >&5
In file included from /usr/include/time.h:25,
                 from conftest.c:76:
/usr/include/features.h:184:3: warning: #warning "_BSD_SOURCE and _SVID_SOURCE are deprecated, use _DEFAULT_SOURCE" [-Wcpp]
 # warning "_BSD_SOURCE and _SVID_SOURCE are deprecated, use _DEFAULT_SOURCE"
   ^~~~~~~
configure:14505: $? = 0
configure:14519: result: yes
configure:14525: checking for struct stat.st_mtim.tv_sec in sys/stat.h
configure:14543: gcc -c -g -O2  conftest.c >&5
In file included from /usr/include/sys/stat.h:25,
                 from conftest.c:77:
/usr/include/features.h:184:3: warning: #warning "_BSD_SOURCE and _SVID_SOURCE are deprecated, use _DEFAULT_SOURCE" [-Wcpp]
 # warning "_BSD_SOURCE and _SVID_SOURCE are deprecated, use _DEFAULT_SOURCE"
   ^~~~~~~
configure:14543: $? = 0
configure:14557: result: yes
configure:14560: checking for struct stat.st_mtim.tv_nsec in sys/stat.h
configure:14578: gcc -c -g -O2  conftest.c >&5
In file included from /usr/include/sys/stat.h:25,
                 from conftest.c:78:
/usr/include/features.h:184:3: warning: #warning "_BSD_SOURCE and _SVID_SOURCE are deprecated, use _DEFAULT_SOURCE" [-Wcpp]
 # warning "_BSD_SOURCE and _SVID_SOURCE are deprecated, use _DEFAULT_SOURCE"
   ^~~~~~~
configure:14578: $? = 0
configure:14592: result: yes
configure:14675: updating cache ./config.cache
configure:14737: creating ./config.status

## ---------------------- ##
## Running config.status. ##
## ---------------------- ##

This file was extended by gas config.status 2.27, which was
generated by GNU Autoconf 2.64.  Invocation command line was

  CONFIG_FILES    = 
  CONFIG_HEADERS  = 
  CONFIG_LINKS    = 
  CONFIG_COMMANDS = 
  $ ./config.status 

on iron-03

config.status:1178: creating .gdbinit
config.status:1178: creating Makefile
config.status:1178: creating doc/Makefile
config.status:1178: creating po/Makefile.in
config.status:1178: creating config.h
config.status:1391: executing depfiles commands
config.status:1391: executing libtool commands
config.status:1391: executing default-1 commands
config.status:1391: executing default commands

## ---------------- ##
## Cache variables. ##
## ---------------- ##

ac_cv_build=x86_64-pc-linux-gnu
ac_cv_c_bigendian=no
ac_cv_c_compiler_gnu=yes
ac_cv_c_inline=inline
ac_cv_env_CC_set=set
ac_cv_env_CC_value=gcc
ac_cv_env_CFLAGS_set=set
ac_cv_env_CFLAGS_value='-g -O2'
ac_cv_env_CPPFLAGS_set=
ac_cv_env_CPPFLAGS_value=
ac_cv_env_CPP_set=
ac_cv_env_CPP_value=
ac_cv_env_LDFLAGS_set=set
ac_cv_env_LDFLAGS_value=' '
ac_cv_env_LIBS_set=
ac_cv_env_LIBS_value=
ac_cv_env_YACC_set=set
ac_cv_env_YACC_value='/home/users/ktran20/lab3/tools/gcc-mips/build/binutils-2.27/missing bison -y'
ac_cv_env_YFLAGS_set=
ac_cv_env_YFLAGS_value=
ac_cv_env_build_alias_set=set
ac_cv_env_build_alias_value=x86_64-pc-linux-gnu
ac_cv_env_host_alias_set=set
ac_cv_env_host_alias_value=x86_64-pc-linux-gnu
ac_cv_env_target_alias_set=set
ac_cv_env_target_alias_value=mips-elf
ac_cv_func_alloca_works=yes
ac_cv_func_sbrk=yes
ac_cv_func_setlocale=yes
ac_cv_func_unlink=yes
ac_cv_have_decl_asprintf=yes
ac_cv_have_decl_free=yes
ac_cv_have_decl_getenv=yes
ac_cv_have_decl_malloc=yes
ac_cv_have_decl_mempcpy=yes
ac_cv_have_decl_realloc=yes
ac_cv_have_decl_stpcpy=yes
ac_cv_have_decl_strstr=yes
ac_cv_have_decl_vsnprintf=yes
ac_cv_header_dlfcn_h=yes
ac_cv_header_errno_h=yes
ac_cv_header_inttypes_h=yes
ac_cv_header_limits_h=yes
ac_cv_header_locale_h=yes
ac_cv_header_memory_h=yes
ac_cv_header_minix_config_h=no
ac_cv_header_stdc=yes
ac_cv_header_stdint_h=yes
ac_cv_header_stdlib_h=yes
ac_cv_header_string_h=yes
ac_cv_header_strings_h=yes
ac_cv_header_sys_stat_h=yes
ac_cv_header_sys_types_h=yes
ac_cv_header_time_h=yes
ac_cv_header_unistd_h=yes
ac_cv_header_windows_h=no
ac_cv_host=x86_64-pc-linux-gnu
ac_cv_objext=o
ac_cv_path_EGREP='/usr/bin/grep -E'
ac_cv_path_FGREP='/usr/bin/grep -F'
ac_cv_path_GMSGFMT=/usr/bin/msgfmt
ac_cv_path_GREP=/usr/bin/grep
ac_cv_path_MSGFMT=/usr/bin/msgfmt
ac_cv_path_MSGMERGE=/usr/bin/msgmerge
ac_cv_path_SED=/usr/bin/sed
ac_cv_path_XGETTEXT=/usr/bin/xgettext
ac_cv_path_mkdir=/usr/bin/mkdir
ac_cv_prog_AR=ar
ac_cv_prog_AWK=gawk
ac_cv_prog_CC=gcc
ac_cv_prog_CPP='gcc -E'
ac_cv_prog_LEX='/home/users/ktran20/lab3/tools/gcc-mips/build/binutils-2.27/missing flex'
ac_cv_prog_OBJDUMP=objdump
ac_cv_prog_RANLIB=ranlib
ac_cv_prog_YACC='/home/users/ktran20/lab3/tools/gcc-mips/build/binutils-2.27/missing bison -y'
ac_cv_prog_ac_ct_STRIP=strip
ac_cv_prog_cc_c89=
ac_cv_prog_cc_g=yes
ac_cv_prog_make_make_set=yes
ac_cv_safe_to_define___extensions__=yes
ac_cv_search_dlopen=-ldl
ac_cv_search_strerror='none required'
ac_cv_sys_file_offset_bits=no
ac_cv_sys_largefile_CC=no
ac_cv_target=mips-unknown-elf
ac_cv_working_alloca_h=yes
am_cv_CC_dependencies_compiler_type=gcc3
am_cv_val_LC_MESSAGES=yes
gas_cv_assert_ok=yes
gas_cv_decl_getopt_unistd_h=yes
gas_cv_decl_needed_environ=no
gas_cv_decl_needed_errno=no
gas_cv_decl_needed_ffs=no
gas_cv_decl_needed_free=no
gas_cv_decl_needed_malloc=no
gas_cv_decl_needed_sbrk=no
gas_cv_decl_needed_strstr=no
gas_cv_have_sys_stat_type_member_st_mtim_tv_nsec=yes
gas_cv_have_sys_stat_type_member_st_mtim_tv_sec=yes
gas_cv_have_time_type_member_tm_gmtoff=yes
gcc_cv_header_string=yes
lt_cv_archive_cmds_need_lc=no
lt_cv_deplibs_check_method=pass_all
lt_cv_file_magic_cmd='$MAGIC_CMD'
lt_cv_file_magic_test_file=
lt_cv_ld_reload_flag=-r
lt_cv_nm_interface='BSD nm'
lt_cv_objdir=.libs
lt_cv_path_LD=ld
lt_cv_path_NM=nm
lt_cv_prog_compiler_c_o=yes
lt_cv_prog_compiler_pic_works=yes
lt_cv_prog_compiler_rtti_exceptions=no
lt_cv_prog_compiler_static_works=no
lt_cv_prog_gnu_ld=yes
lt_cv_shlibpath_overrides_runpath=no
lt_cv_sys_global_symbol_pipe='sed -n -e '\''s/^.*[	 ]\([ABCDGIRSTW][ABCDGIRSTW]*\)[	 ][	 ]*\([_A-Za-z][_A-Za-z0-9]*\)$/\1 \2 \2/p'\'''
lt_cv_sys_global_symbol_to_c_name_address='sed -n -e '\''s/^: \([^ ]*\) $/  {\"\1\", (void *) 0},/p'\'' -e '\''s/^[ABCDGIRSTW]* \([^ ]*\) \([^ ]*\)$/  {"\2", (void *) \&\2},/p'\'''
lt_cv_sys_global_symbol_to_c_name_address_lib_prefix='sed -n -e '\''s/^: \([^ ]*\) $/  {\"\1\", (void *) 0},/p'\'' -e '\''s/^[ABCDGIRSTW]* \([^ ]*\) \(lib[^ ]*\)$/  {"\2", (void *) \&\2},/p'\'' -e '\''s/^[ABCDGIRSTW]* \([^ ]*\) \([^ ]*\)$/  {"lib\2", (void *) \&\2},/p'\'''
lt_cv_sys_global_symbol_to_cdecl='sed -n -e '\''s/^T .* \(.*\)$/extern int \1();/p'\'' -e '\''s/^[ABCDGIRSTW]* .* \(.*\)$/extern char \1;/p'\'''
lt_cv_sys_max_cmd_len=1572864

## ----------------- ##
## Output variables. ##
## ----------------- ##

ACLOCAL='${SHELL} /home/users/ktran20/lab3/tools/gcc-mips/build/binutils-2.27/missing --run aclocal-1.11'
ALLOCA=''
AMDEPBACKSLASH='\'
AMDEP_FALSE='#'
AMDEP_TRUE=''
AMTAR='$${TAR-tar}'
AR='ar'
AUTOCONF='${SHELL} /home/users/ktran20/lab3/tools/gcc-mips/build/binutils-2.27/missing --run autoconf'
AUTOHEADER='${SHELL} /home/users/ktran20/lab3/tools/gcc-mips/build/binutils-2.27/missing --run autoheader'
AUTOMAKE='${SHELL} /home/users/ktran20/lab3/tools/gcc-mips/build/binutils-2.27/missing --run automake-1.11'
AWK='gawk'
CATALOGS=''
CATOBJEXT=''
CC='gcc'
CCDEPMODE='depmode=gcc3'
CFLAGS='-g -O2'
CPP='gcc -E'
CPPFLAGS=''
CYGPATH_W='echo'
DATADIRNAME=''
DEFS='-DHAVE_CONFIG_H'
DEPDIR='.deps'
DSYMUTIL=''
DUMPBIN=''
ECHO_C=''
ECHO_N='-n'
ECHO_T=''
EGREP='/usr/bin/grep -E'
EXEEXT=''
FGREP='/usr/bin/grep -F'
GDBINIT='.gdbinit'
GENCAT=''
GENINSRC_NEVER_FALSE=''
GENINSRC_NEVER_TRUE='#'
GMSGFMT='/usr/bin/msgfmt'
GREP='/usr/bin/grep'
INCINTL=''
INSTALL_DATA='/usr/bin/install -c -m 644'
INSTALL_PROGRAM='/usr/bin/install -c'
INSTALL_SCRIPT='/usr/bin/install -c'
INSTALL_STRIP_PROGRAM='$(install_sh) -c -s'
INSTOBJEXT=''
LD='ld -m elf_x86_64'
LDFLAGS=' '
LEX='/home/users/ktran20/lab3/tools/gcc-mips/build/binutils-2.27/missing flex'
LEXLIB=''
LEX_OUTPUT_ROOT=''
LIBINTL=''
LIBINTL_DEP=''
LIBM=''
LIBOBJS=''
LIBS='-ldl '
LIBTOOL='$(SHELL) $(top_builddir)/libtool'
LIPO=''
LN_S='ln -s'
LTLIBOBJS=''
MAINT='#'
MAINTAINER_MODE_FALSE=''
MAINTAINER_MODE_TRUE='#'
MAKEINFO='/home/users/ktran20/lab3/tools/gcc-mips/build/binutils-2.27/missing makeinfo --split-size=5000000'
MKDIR_P='/usr/bin/mkdir -p'
MKINSTALLDIRS='$(top_builddir)/../../binutils-2.27/gas/../mkinstalldirs'
MSGFMT='/usr/bin/msgfmt'
MSGMERGE='/usr/bin/msgmerge'
NM='nm'
NMEDIT=''
NO_WERROR=''
OBJDUMP='objdump'
OBJEXT='o'
OPCODES_LIB='../opcodes/libopcodes.la'
OTOOL64=''
OTOOL=''
PACKAGE='gas'
PACKAGE_BUGREPORT=''
PACKAGE_NAME='gas'
PACKAGE_STRING='gas 2.27'
PACKAGE_TARNAME='gas'
PACKAGE_URL=''
PACKAGE_VERSION='2.27'
PATH_SEPARATOR=':'
POSUB=''
RANLIB='ranlib'
SED='/usr/bin/sed'
SET_MAKE=''
SHELL='/bin/sh'
STRIP='strip'
USE_NLS='no'
VERSION='2.27'
WARN_CFLAGS='-W -Wall -Wstrict-prototypes -Wmissing-prototypes -Wshadow -Wstack-usage=262144'
WARN_WRITE_STRINGS='-Wwrite-strings'
XGETTEXT='/usr/bin/xgettext'
YACC='/home/users/ktran20/lab3/tools/gcc-mips/build/binutils-2.27/missing bison -y'
YFLAGS=''
ac_ct_CC=''
ac_ct_DUMPBIN=''
am__EXEEXT_FALSE=''
am__EXEEXT_TRUE='#'
am__fastdepCC_FALSE='#'
am__fastdepCC_TRUE=''
am__include='include'
am__isrc=' -I$(srcdir)'
am__leading_dot='.'
am__nodep='_no'
am__quote=''
am__tar='$${TAR-tar} chof - "$$tardir"'
am__untar='$${TAR-tar} xf -'
atof='ieee'
bindir='${exec_prefix}/bin'
build='x86_64-pc-linux-gnu'
build_alias='x86_64-pc-linux-gnu'
build_cpu='x86_64'
build_os='linux-gnu'
build_vendor='pc'
cgen_cpu_prefix=''
datadir='${datarootdir}'
datarootdir='${prefix}/share'
docdir='${datarootdir}/doc/${PACKAGE_TARNAME}'
dvidir='${docdir}'
exec_prefix='${prefix}'
extra_objects=' itbl-parse.o itbl-lex-wrapper.o itbl-ops.o  e-mipself.o'
host='x86_64-pc-linux-gnu'
host_alias='x86_64-pc-linux-gnu'
host_cpu='x86_64'
host_os='linux-gnu'
host_vendor='pc'
htmldir='${docdir}'
includedir='${prefix}/include'
infodir='${datarootdir}/info'
install_sh='${SHELL} /home/users/ktran20/lab3/tools/gcc-mips/build/binutils-2.27/install-sh'
install_tooldir='install-exec-tooldir'
libdir='${exec_prefix}/lib'
libexecdir='${exec_prefix}/libexec'
localedir='${datarootdir}/locale'
localstatedir='${prefix}/var'
mandir='${datarootdir}/man'
mkdir_p='/usr/bin/mkdir -p'
obj_format='elf'
oldincludedir='/usr/include'
pdfdir='${docdir}'
prefix='/home/users/ktran20/lab3/tools/gcc-mips/mips_tc'
program_transform_name='s&^&mips-elf-&'
psdir='${docdir}'
sbindir='${exec_prefix}/sbin'
sharedstatedir='${prefix}/com'
sysconfdir='${prefix}/etc'
target='mips-unknown-elf'
target_alias='mips-elf'
target_cpu='mips'
target_cpu_type='mips'
target_os='elf'
target_vendor='unknown'
te_file='generic'
zlibdir='-L$(top_builddir)/../zlib'
zlibinc='-I$(top_srcdir)/../zlib'

## ----------- ##
## confdefs.h. ##
## ----------- ##

/* confdefs.h */
#define PACKAGE_NAME "gas"
#define PACKAGE_TARNAME "gas"
#define PACKAGE_VERSION "2.27"
#define PACKAGE_STRING "gas 2.27"
#define PACKAGE_BUGREPORT ""
#define PACKAGE_URL ""
#define PACKAGE "gas"
#define VERSION "2.27"
#define STDC_HEADERS 1
#define HAVE_SYS_TYPES_H 1
#define HAVE_SYS_STAT_H 1
#define HAVE_STDLIB_H 1
#define HAVE_STRING_H 1
#define HAVE_MEMORY_H 1
#define HAVE_STRINGS_H 1
#define HAVE_INTTYPES_H 1
#define HAVE_STDINT_H 1
#define HAVE_UNISTD_H 1
#define __EXTENSIONS__ 1
#define _ALL_SOURCE 1
#define _GNU_SOURCE 1
#define _POSIX_PTHREAD_SEMANTICS 1
#define _TANDEM_SOURCE 1
#define HAVE_DLFCN_H 1
#define LT_OBJDIR ".libs/"
#define HAVE_DLFCN_H 1
#define ENABLE_CHECKING 1
#define TARGET_BYTES_BIG_ENDIAN 1
#define MIPS_CPU_STRING_DEFAULT "from-abi"
#define USE_E_MIPS_ABI_O32 1
#define MIPS_DEFAULT_64BIT 0
#define MIPS_DEFAULT_ABI NO_ABI
#define DEFAULT_GENERATE_X86_RELAX_RELOCATIONS 1
#define DEFAULT_GENERATE_ELF_STT_COMMON 0
#define USE_EMULATIONS 1
#define EMULATIONS  &mipsbelf, &mipslelf, &mipself,
#define DEFAULT_EMULATION "mipsbelf"
#define TARGET_ALIAS "mips-elf"
#define TARGET_CANONICAL "mips-unknown-elf"
#define TARGET_CPU "mips"
#define TARGET_VENDOR "unknown"
#define TARGET_OS "elf"
#define HAVE_STRING_H 1
#define HAVE_STDLIB_H 1
#define HAVE_MEMORY_H 1
#define HAVE_STRINGS_H 1
#define HAVE_UNISTD_H 1
#define HAVE_ERRNO_H 1
#define HAVE_SYS_TYPES_H 1
#define HAVE_LIMITS_H 1
#define HAVE_LOCALE_H 1
#define HAVE_TIME_H 1
#define HAVE_SYS_STAT_H 1
#define STRING_WITH_STRINGS 1
#define CROSS_COMPILE 1
#define HAVE_ALLOCA_H 1
#define HAVE_ALLOCA 1
#define HAVE_UNLINK 1
#define HAVE_SBRK 1
#define HAVE_SETLOCALE 1
#define HAVE_LC_MESSAGES 1
#define HAVE_DECL_GETOPT 1
#define HAVE_DECL_FREE 1
#define HAVE_DECL_GETENV 1
#define HAVE_DECL_MALLOC 1
#define HAVE_DECL_MEMPCPY 1
#define HAVE_DECL_REALLOC 1
#define HAVE_DECL_STPCPY 1
#define HAVE_DECL_STRSTR 1
#define HAVE_DECL_VSNPRINTF 1
#define HAVE_DECL_ASPRINTF 1
#define HAVE_TM_GMTOFF 1
#define HAVE_ST_MTIM_TV_SEC 1
#define HAVE_ST_MTIM_TV_NSEC 1

configure: exit 0
