This file contains any messages produced by compilers while
running configure, to aid debugging if configure makes a mistake.

It was created by binutils configure 2.27, which was
generated by GNU Autoconf 2.64.  Invocation command line was

  $ /home/users/ktran20/lab3/tools/gcc-mips/build/binutils-2.27/binutils/configure --srcdir=../../binutils-2.27/binutils --cache-file=./config.cache --with-gnu-as --with-gnu-ld --prefix=/home/users/ktran20/lab3/tools/gcc-mips/mips_tc --disable-nls --program-transform-name=s&^&mips-elf-& --disable-option-checking --build=x86_64-pc-linux-gnu --host=x86_64-pc-linux-gnu --target=mips-elf

## --------- ##
## Platform. ##
## --------- ##

hostname = iron-03
uname -m = x86_64
uname -r = 6.8.0-49-generic
uname -s = Linux
uname -v = #49~22.04.1-Ubuntu SMP PREEMPT_DYNAMIC Wed Nov  6 17:42:15 UTC 2

/usr/bin/uname -p = x86_64
/bin/uname -X     = unknown

/bin/arch              = x86_64
/usr/bin/arch -k       = unknown
/usr/convex/getsysinfo = unknown
/usr/bin/hostinfo      = unknown
/bin/machine           = unknown
/usr/bin/oslevel       = unknown
/bin/universe          = unknown

PATH: /usr/share/Modules/bin
PATH: /usr/local/sbin
PATH: /usr/local/bin
PATH: /usr/sbin
PATH: /usr/bin
PATH: /sbin
PATH: /bin


## ----------- ##
## Core tests. ##
## ----------- ##

configure:2448: creating cache ./config.cache
configure:2553: checking build system type
configure:2567: result: x86_64-pc-linux-gnu
configure:2587: checking host system type
configure:2600: result: x86_64-pc-linux-gnu
configure:2620: checking target system type
configure:2633: result: mips-unknown-elf
configure:2667: checking for x86_64-pc-linux-gnu-gcc
configure:2694: result: gcc
configure:2963: checking for C compiler version
configure:2972: gcc --version >&5
gcc (GCC) 8.5.0 20210514 (Red Hat 8.5.0-22)
Copyright (C) 2018 Free Software Foundation, Inc.
This is free software; see the source for copying conditions.  There is NO
warranty; not even for MERCHANTABILITY or FITNESS FOR A PARTICULAR PURPOSE.

configure:2983: $? = 0
configure:2972: gcc -v >&5
Using built-in specs.
COLLECT_GCC=gcc
COLLECT_LTO_WRAPPER=/usr/libexec/gcc/x86_64-redhat-linux/8/lto-wrapper
OFFLOAD_TARGET_NAMES=nvptx-none
OFFLOAD_TARGET_DEFAULT=1
Target: x86_64-redhat-linux
Configured with: ../configure --enable-bootstrap --enable-languages=c,c++,fortran,lto --prefix=/usr --mandir=/usr/share/man --infodir=/usr/share/info --with-bugurl=https://bugs.rockylinux.org/ --enable-shared --enable-threads=posix --enable-checking=release --enable-multilib --with-system-zlib --enable-__cxa_atexit --disable-libunwind-exceptions --enable-gnu-unique-object --enable-linker-build-id --with-gcc-major-version-only --with-linker-hash-style=gnu --enable-plugin --enable-initfini-array --with-isl --disable-libmpx --enable-offload-targets=nvptx-none --without-cuda-driver --enable-gnu-indirect-function --enable-cet --with-tune=generic --with-arch_32=x86-64 --build=x86_64-redhat-linux
Thread model: posix
gcc version 8.5.0 20210514 (Red Hat 8.5.0-22) (GCC) 
configure:2983: $? = 0
configure:2972: gcc -V >&5
gcc: error: unrecognized command line option '-V'
gcc: fatal error: no input files
compilation terminated.
configure:2983: $? = 1
configure:2972: gcc -qversion >&5
gcc: error: unrecognized command line option '-qversion'; did you mean '--version'?
gcc: fatal error: no input files
compilation terminated.
configure:2983: $? = 1
configure:3003: checking for C compiler default output file name
configure:3025: gcc -g -O2    conftest.c  >&5
configure:3029: $? = 0
configure:3066: result: a.out
configure:3082: checking whether the C compiler works
configure:3091: ./a.out
configure:3095: $? = 0
configure:3110: result: yes
configure:3117: checking whether we are cross compiling
configure:3119: result: no
configure:3122: checking for suffix of executables
configure:3129: gcc -o conftest -g -O2    conftest.c  >&5
configure:3133: $? = 0
configure:3155: result: 
configure:3161: checking for suffix of object files
configure:3183: gcc -c -g -O2  conftest.c >&5
configure:3187: $? = 0
configure:3208: result: o
configure:3212: checking whether we are using the GNU C compiler
configure:3231: gcc -c -g -O2  conftest.c >&5
configure:3231: $? = 0
configure:3240: result: yes
configure:3249: checking whether gcc accepts -g
configure:3269: gcc -c -g  conftest.c >&5
configure:3269: $? = 0
configure:3310: result: yes
configure:3327: checking for gcc option to accept ISO C89
configure:3391: gcc  -c -g -O2  conftest.c >&5
configure:3391: $? = 0
configure:3404: result: none needed
configure:3425: checking for library containing strerror
configure:3456: gcc -o conftest -g -O2    conftest.c  >&5
configure:3456: $? = 0
configure:3473: result: none required
configure:3498: checking for a BSD-compatible install
configure:3566: result: /usr/bin/install -c
configure:3577: checking whether build environment is sane
configure:3627: result: yes
configure:3768: checking for a thread-safe mkdir -p
configure:3807: result: /usr/bin/mkdir -p
configure:3820: checking for gawk
configure:3847: result: gawk
configure:3858: checking whether make sets $(MAKE)
configure:3880: result: yes
configure:3910: checking for style of include used by make
configure:3938: result: GNU
configure:4024: checking dependency style of gcc
configure:4135: result: gcc3
configure:4160: checking for x86_64-pc-linux-gnu-gcc
configure:4187: result: gcc
configure:4456: checking for C compiler version
configure:4465: gcc --version >&5
gcc (GCC) 8.5.0 20210514 (Red Hat 8.5.0-22)
Copyright (C) 2018 Free Software Foundation, Inc.
This is free software; see the source for copying conditions.  There is NO
warranty; not even for MERCHANTABILITY or FITNESS FOR A PARTICULAR PURPOSE.

configure:4476: $? = 0
configure:4465: gcc -v >&5
Using built-in specs.
COLLECT_GCC=gcc
COLLECT_LTO_WRAPPER=/usr/libexec/gcc/x86_64-redhat-linux/8/lto-wrapper
OFFLOAD_TARGET_NAMES=nvptx-none
OFFLOAD_TARGET_DEFAULT=1
Target: x86_64-redhat-linux
Configured with: ../configure --enable-bootstrap --enable-languages=c,c++,fortran,lto --prefix=/usr --mandir=/usr/share/man --infodir=/usr/share/info --with-bugurl=https://bugs.rockylinux.org/ --enable-shared --enable-threads=posix --enable-checking=release --enable-multilib --with-system-zlib --enable-__cxa_atexit --disable-libunwind-exceptions --enable-gnu-unique-object --enable-linker-build-id --with-gcc-major-version-only --with-linker-hash-style=gnu --enable-plugin --enable-initfini-array --with-isl --disable-libmpx --enable-offload-targets=nvptx-none --without-cuda-driver --enable-gnu-indirect-function --enable-cet --with-tune=generic --with-arch_32=x86-64 --build=x86_64-redhat-linux
Thread model: posix
gcc version 8.5.0 20210514 (Red Hat 8.5.0-22) (GCC) 
configure:4476: $? = 0
configure:4465: gcc -V >&5
gcc: error: unrecognized command line option '-V'
gcc: fatal error: no input files
compilation terminated.
configure:4476: $? = 1
configure:4465: gcc -qversion >&5
gcc: error: unrecognized command line option '-qversion'; did you mean '--version'?
gcc: fatal error: no input files
compilation terminated.
configure:4476: $? = 1
configure:4480: checking whether we are using the GNU C compiler
configure:4508: result: yes
configure:4517: checking whether gcc accepts -g
configure:4578: result: yes
configure:4595: checking for gcc option to accept ISO C89
configure:4672: result: none needed
configure:4697: checking how to run the C preprocessor
configure:4728: gcc -E  conftest.c
configure:4728: $? = 0
configure:4742: gcc -E  conftest.c
conftest.c:11:10: fatal error: ac_nonexistent.h: No such file or directory
 #include <ac_nonexistent.h>
          ^~~~~~~~~~~~~~~~~~
compilation terminated.
configure:4742: $? = 1
configure: failed program was:
| /* confdefs.h */
| #define PACKAGE_NAME "binutils"
| #define PACKAGE_TARNAME "binutils"
| #define PACKAGE_VERSION "2.27"
| #define PACKAGE_STRING "binutils 2.27"
| #define PACKAGE_BUGREPORT ""
| #define PACKAGE_URL ""
| #define PACKAGE "binutils"
| #define VERSION "2.27"
| /* end confdefs.h.  */
| #include <ac_nonexistent.h>
configure:4767: result: gcc -E
configure:4787: gcc -E  conftest.c
configure:4787: $? = 0
configure:4801: gcc -E  conftest.c
conftest.c:11:10: fatal error: ac_nonexistent.h: No such file or directory
 #include <ac_nonexistent.h>
          ^~~~~~~~~~~~~~~~~~
compilation terminated.
configure:4801: $? = 1
configure: failed program was:
| /* confdefs.h */
| #define PACKAGE_NAME "binutils"
| #define PACKAGE_TARNAME "binutils"
| #define PACKAGE_VERSION "2.27"
| #define PACKAGE_STRING "binutils 2.27"
| #define PACKAGE_BUGREPORT ""
| #define PACKAGE_URL ""
| #define PACKAGE "binutils"
| #define VERSION "2.27"
| /* end confdefs.h.  */
| #include <ac_nonexistent.h>
configure:4830: checking for grep that handles long lines and -e
configure:4888: result: /usr/bin/grep
configure:4893: checking for egrep
configure:4955: result: /usr/bin/grep -E
configure:4960: checking for ANSI C header files
configure:4980: gcc -c -g -O2  conftest.c >&5
configure:4980: $? = 0
configure:5053: gcc -o conftest -g -O2    conftest.c  >&5
configure:5053: $? = 0
configure:5053: ./conftest
configure:5053: $? = 0
configure:5064: result: yes
configure:5077: checking for sys/types.h
configure:5077: gcc -c -g -O2  conftest.c >&5
configure:5077: $? = 0
configure:5077: result: yes
configure:5077: checking for sys/stat.h
configure:5077: gcc -c -g -O2  conftest.c >&5
configure:5077: $? = 0
configure:5077: result: yes
configure:5077: checking for stdlib.h
configure:5077: gcc -c -g -O2  conftest.c >&5
configure:5077: $? = 0
configure:5077: result: yes
configure:5077: checking for string.h
configure:5077: gcc -c -g -O2  conftest.c >&5
configure:5077: $? = 0
configure:5077: result: yes
configure:5077: checking for memory.h
configure:5077: gcc -c -g -O2  conftest.c >&5
configure:5077: $? = 0
configure:5077: result: yes
configure:5077: checking for strings.h
configure:5077: gcc -c -g -O2  conftest.c >&5
configure:5077: $? = 0
configure:5077: result: yes
configure:5077: checking for inttypes.h
configure:5077: gcc -c -g -O2  conftest.c >&5
configure:5077: $? = 0
configure:5077: result: yes
configure:5077: checking for stdint.h
configure:5077: gcc -c -g -O2  conftest.c >&5
configure:5077: $? = 0
configure:5077: result: yes
configure:5077: checking for unistd.h
configure:5077: gcc -c -g -O2  conftest.c >&5
configure:5077: $? = 0
configure:5077: result: yes
configure:5091: checking minix/config.h usability
configure:5091: gcc -c -g -O2  conftest.c >&5
conftest.c:54:10: fatal error: minix/config.h: No such file or directory
 #include <minix/config.h>
          ^~~~~~~~~~~~~~~~
compilation terminated.
configure:5091: $? = 1
configure: failed program was:
| /* confdefs.h */
| #define PACKAGE_NAME "binutils"
| #define PACKAGE_TARNAME "binutils"
| #define PACKAGE_VERSION "2.27"
| #define PACKAGE_STRING "binutils 2.27"
| #define PACKAGE_BUGREPORT ""
| #define PACKAGE_URL ""
| #define PACKAGE "binutils"
| #define VERSION "2.27"
| #define STDC_HEADERS 1
| #define HAVE_SYS_TYPES_H 1
| #define HAVE_SYS_STAT_H 1
| #define HAVE_STDLIB_H 1
| #define HAVE_STRING_H 1
| #define HAVE_MEMORY_H 1
| #define HAVE_STRINGS_H 1
| #define HAVE_INTTYPES_H 1
| #define HAVE_STDINT_H 1
| #define HAVE_UNISTD_H 1
| /* end confdefs.h.  */
| #include <stdio.h>
| #ifdef HAVE_SYS_TYPES_H
| # include <sys/types.h>
| #endif
| #ifdef HAVE_SYS_STAT_H
| # include <sys/stat.h>
| #endif
| #ifdef STDC_HEADERS
| # include <stdlib.h>
| # include <stddef.h>
| #else
| # ifdef HAVE_STDLIB_H
| #  include <stdlib.h>
| # endif
| #endif
| #ifdef HAVE_STRING_H
| # if !defined STDC_HEADERS && defined HAVE_MEMORY_H
| #  include <memory.h>
| # endif
| # include <string.h>
| #endif
| #ifdef HAVE_STRINGS_H
| # include <strings.h>
| #endif
| #ifdef HAVE_INTTYPES_H
| # include <inttypes.h>
| #endif
| #ifdef HAVE_STDINT_H
| # include <stdint.h>
| #endif
| #ifdef HAVE_UNISTD_H
| # include <unistd.h>
| #endif
| #include <minix/config.h>
configure:5091: result: no
configure:5091: checking minix/config.h presence
configure:5091: gcc -E  conftest.c
conftest.c:21:10: fatal error: minix/config.h: No such file or directory
 #include <minix/config.h>
          ^~~~~~~~~~~~~~~~
compilation terminated.
configure:5091: $? = 1
configure: failed program was:
| /* confdefs.h */
| #define PACKAGE_NAME "binutils"
| #define PACKAGE_TARNAME "binutils"
| #define PACKAGE_VERSION "2.27"
| #define PACKAGE_STRING "binutils 2.27"
| #define PACKAGE_BUGREPORT ""
| #define PACKAGE_URL ""
| #define PACKAGE "binutils"
| #define VERSION "2.27"
| #define STDC_HEADERS 1
| #define HAVE_SYS_TYPES_H 1
| #define HAVE_SYS_STAT_H 1
| #define HAVE_STDLIB_H 1
| #define HAVE_STRING_H 1
| #define HAVE_MEMORY_H 1
| #define HAVE_STRINGS_H 1
| #define HAVE_INTTYPES_H 1
| #define HAVE_STDINT_H 1
| #define HAVE_UNISTD_H 1
| /* end confdefs.h.  */
| #include <minix/config.h>
configure:5091: result: no
configure:5091: checking for minix/config.h
configure:5091: result: no
configure:5112: checking whether it is safe to define __EXTENSIONS__
configure:5130: gcc -c -g -O2  conftest.c >&5
configure:5130: $? = 0
configure:5137: result: yes
configure:5200: checking how to print strings
configure:5227: result: printf
configure:5248: checking for a sed that does not truncate output
configure:5312: result: /usr/bin/sed
configure:5330: checking for fgrep
configure:5392: result: /usr/bin/grep -F
configure:5427: checking for ld used by gcc
configure:5494: result: ld
configure:5501: checking if the linker (ld) is GNU ld
configure:5516: result: yes
configure:5528: checking for BSD- or MS-compatible name lister (nm)
configure:5577: result: nm
configure:5707: checking the name lister (nm) interface
configure:5714: gcc -c -g -O2  conftest.c >&5
configure:5717: nm "conftest.o"
configure:5720: output
0000000000000000 B some_variable
configure:5727: result: BSD nm
configure:5730: checking whether ln -s works
configure:5734: result: yes
configure:5742: checking the maximum length of command line arguments
configure:5867: result: 1572864
configure:5884: checking whether the shell understands some XSI constructs
configure:5894: result: yes
configure:5898: checking whether the shell understands "+="
configure:5904: result: yes
configure:5939: checking for ld option to reload object files
configure:5946: result: -r
configure:5975: checking for x86_64-pc-linux-gnu-objdump
configure:6002: result: objdump
configure:6074: checking how to recognize dependent libraries
configure:6275: result: pass_all
configure:6295: checking for x86_64-pc-linux-gnu-ar
configure:6322: result: ar
configure:6400: checking for x86_64-pc-linux-gnu-strip
configure:6430: result: no
configure:6440: checking for strip
configure:6456: found /usr/bin/strip
configure:6467: result: strip
configure:6499: checking for x86_64-pc-linux-gnu-ranlib
configure:6526: result: ranlib
configure:6668: checking command to parse nm output from gcc object
configure:6786: gcc -c -g -O2  conftest.c >&5
configure:6789: $? = 0
configure:6793: nm conftest.o \| sed -n -e 's/^.*[ ]\([ABCDGIRSTW][ABCDGIRSTW]*\)[ ][ ]*\([_A-Za-z][_A-Za-z0-9]*\)$/\1 \2 \2/p' \> conftest.nm
configure:6796: $? = 0
configure:6850: gcc -o conftest -g -O2    conftest.c conftstm.o >&5
configure:6853: $? = 0
configure:6891: result: ok
configure:6986: gcc -c -g -O2  conftest.c >&5
configure:6989: $? = 0
configure:7739: checking for dlfcn.h
configure:7739: gcc -c -g -O2  conftest.c >&5
configure:7739: $? = 0
configure:7739: result: yes
configure:7926: checking for objdir
configure:7941: result: .libs
configure:8212: checking if gcc supports -fno-rtti -fno-exceptions
configure:8230: gcc -c -g -O2  -fno-rtti -fno-exceptions conftest.c >&5
cc1: warning: command line option '-fno-rtti' is valid for C++/ObjC++ but not for C
configure:8234: $? = 0
configure:8247: result: no
configure:8267: checking for gcc option to produce PIC
configure:8553: result: -fPIC -DPIC
configure:8565: checking if gcc PIC flag -fPIC -DPIC works
configure:8583: gcc -c -g -O2  -fPIC -DPIC -DPIC conftest.c >&5
configure:8587: $? = 0
configure:8600: result: yes
configure:8624: checking if gcc static flag -static works
configure:8652: result: no
configure:8667: checking if gcc supports -c -o file.o
configure:8688: gcc -c -g -O2  -o out/conftest2.o conftest.c >&5
configure:8692: $? = 0
configure:8714: result: yes
configure:8722: checking if gcc supports -c -o file.o
configure:8769: result: yes
configure:8802: checking whether the gcc linker (ld -m elf_x86_64) supports shared libraries
configure:9873: result: yes
configure:9910: checking whether -lc should be explicitly linked in
configure:9918: gcc -c -g -O2  conftest.c >&5
configure:9921: $? = 0
configure:9936: gcc -shared  -fPIC -DPIC conftest.o  -v -Wl,-soname -Wl,conftest -o conftest 2\>\&1 \| /usr/bin/grep  -lc  \>/dev/null 2\>\&1
configure:9939: $? = 0
configure:9953: result: no
configure:10118: checking dynamic linker characteristics
configure:10569: gcc -o conftest -g -O2    -Wl,-rpath -Wl,/foo conftest.c  >&5
configure:10569: $? = 0
configure:10791: result: GNU/Linux ld.so
configure:10898: checking how to hardcode library paths into programs
configure:10923: result: immediate
configure:11463: checking whether stripping libraries is possible
configure:11468: result: yes
configure:11503: checking if libtool supports shared libraries
configure:11505: result: yes
configure:11508: checking whether to build shared libraries
configure:11529: result: yes
configure:11532: checking whether to build static libraries
configure:11536: result: yes
configure:11584: checking for dlfcn.h
configure:11584: result: yes
configure:11597: checking for windows.h
configure:11597: gcc -c -g -O2  conftest.c >&5
conftest.c:63:10: fatal error: windows.h: No such file or directory
 #include <windows.h>
          ^~~~~~~~~~~
compilation terminated.
configure:11597: $? = 1
configure: failed program was:
| /* confdefs.h */
| #define PACKAGE_NAME "binutils"
| #define PACKAGE_TARNAME "binutils"
| #define PACKAGE_VERSION "2.27"
| #define PACKAGE_STRING "binutils 2.27"
| #define PACKAGE_BUGREPORT ""
| #define PACKAGE_URL ""
| #define PACKAGE "binutils"
| #define VERSION "2.27"
| #define STDC_HEADERS 1
| #define HAVE_SYS_TYPES_H 1
| #define HAVE_SYS_STAT_H 1
| #define HAVE_STDLIB_H 1
| #define HAVE_STRING_H 1
| #define HAVE_MEMORY_H 1
| #define HAVE_STRINGS_H 1
| #define HAVE_INTTYPES_H 1
| #define HAVE_STDINT_H 1
| #define HAVE_UNISTD_H 1
| #define __EXTENSIONS__ 1
| #define _ALL_SOURCE 1
| #define _GNU_SOURCE 1
| #define _POSIX_PTHREAD_SEMANTICS 1
| #define _TANDEM_SOURCE 1
| #define HAVE_DLFCN_H 1
| #define LT_OBJDIR ".libs/"
| #define HAVE_DLFCN_H 1
| /* end confdefs.h.  */
| #include <stdio.h>
| #ifdef HAVE_SYS_TYPES_H
| # include <sys/types.h>
| #endif
| #ifdef HAVE_SYS_STAT_H
| # include <sys/stat.h>
| #endif
| #ifdef STDC_HEADERS
| # include <stdlib.h>
| # include <stddef.h>
| #else
| # ifdef HAVE_STDLIB_H
| #  include <stdlib.h>
| # endif
| #endif
| #ifdef HAVE_STRING_H
| # if !defined STDC_HEADERS && defined HAVE_MEMORY_H
| #  include <memory.h>
| # endif
| # include <string.h>
| #endif
| #ifdef HAVE_STRINGS_H
| # include <strings.h>
| #endif
| #ifdef HAVE_INTTYPES_H
| # include <inttypes.h>
| #endif
| #ifdef HAVE_STDINT_H
| # include <stdint.h>
| #endif
| #ifdef HAVE_UNISTD_H
| # include <unistd.h>
| #endif
| 
| #include <windows.h>
configure:11597: result: no
configure:11624: checking for library containing dlopen
configure:11655: gcc -o conftest -g -O2    conftest.c  >&5
/tmp/ccqAip5F.o: In function `main':
/home/users/ktran20/lab3/tools/gcc-mips/build/binutils-build/binutils/conftest.c:40: undefined reference to `dlopen'
collect2: error: ld returned 1 exit status
configure:11655: $? = 1
configure: failed program was:
| /* confdefs.h */
| #define PACKAGE_NAME "binutils"
| #define PACKAGE_TARNAME "binutils"
| #define PACKAGE_VERSION "2.27"
| #define PACKAGE_STRING "binutils 2.27"
| #define PACKAGE_BUGREPORT ""
| #define PACKAGE_URL ""
| #define PACKAGE "binutils"
| #define VERSION "2.27"
| #define STDC_HEADERS 1
| #define HAVE_SYS_TYPES_H 1
| #define HAVE_SYS_STAT_H 1
| #define HAVE_STDLIB_H 1
| #define HAVE_STRING_H 1
| #define HAVE_MEMORY_H 1
| #define HAVE_STRINGS_H 1
| #define HAVE_INTTYPES_H 1
| #define HAVE_STDINT_H 1
| #define HAVE_UNISTD_H 1
| #define __EXTENSIONS__ 1
| #define _ALL_SOURCE 1
| #define _GNU_SOURCE 1
| #define _POSIX_PTHREAD_SEMANTICS 1
| #define _TANDEM_SOURCE 1
| #define HAVE_DLFCN_H 1
| #define LT_OBJDIR ".libs/"
| #define HAVE_DLFCN_H 1
| /* end confdefs.h.  */
| 
| /* Override any GCC internal prototype to avoid an error.
|    Use char because int might match the return type of a GCC
|    builtin and then its argument prototype would still apply.  */
| #ifdef __cplusplus
| extern "C"
| #endif
| char dlopen ();
| int
| main ()
| {
| return dlopen ();
|   ;
|   return 0;
| }
configure:11655: gcc -o conftest -g -O2    conftest.c -ldl   >&5
configure:11655: $? = 0
configure:11672: result: -ldl
configure:11703: checking for special C compiler options needed for large files
configure:11748: result: no
configure:11754: checking for _FILE_OFFSET_BITS value needed for large files
configure:11779: gcc -c -g -O2  conftest.c >&5
configure:11779: $? = 0
configure:11811: result: no
configure:12070: checking for bison
configure:12097: result: /home/users/ktran20/lab3/tools/gcc-mips/build/binutils-2.27/missing bison -y
configure:12113: checking for flex
configure:12140: result: /home/users/ktran20/lab3/tools/gcc-mips/build/binutils-2.27/missing flex
configure:12285: checking whether NLS is requested
configure:12288: result: no
configure:12356: checking whether NLS is requested
configure:12365: result: no
configure:12403: checking for msgfmt
configure:12434: result: /usr/bin/msgfmt
configure:12443: checking for gmsgfmt
configure:12474: result: /usr/bin/msgfmt
configure:12514: checking for xgettext
configure:12545: result: /usr/bin/xgettext
configure:12585: checking for msgmerge
configure:12615: result: /usr/bin/msgmerge
configure:12652: checking whether to enable maintainer-specific portions of Makefiles
configure:12661: result: no
configure:12706: checking for x86_64-pc-linux-gnu-ranlib
configure:12733: result: ranlib
configure:12846: checking size of long
configure:12851: gcc -o conftest -g -O2    conftest.c -ldl  >&5
configure:12851: $? = 0
configure:12851: ./conftest
configure:12851: $? = 0
configure:12866: result: 8
configure:12876: checking for long long
configure:12876: gcc -c -g -O2  conftest.c >&5
configure:12876: $? = 0
configure:12876: gcc -c -g -O2  conftest.c >&5
conftest.c: In function 'main':
conftest.c:69:24: error: expected expression before ')' token
 if (sizeof ((long long)))
                        ^
configure:12876: $? = 1
configure: failed program was:
| /* confdefs.h */
| #define PACKAGE_NAME "binutils"
| #define PACKAGE_TARNAME "binutils"
| #define PACKAGE_VERSION "2.27"
| #define PACKAGE_STRING "binutils 2.27"
| #define PACKAGE_BUGREPORT ""
| #define PACKAGE_URL ""
| #define PACKAGE "binutils"
| #define VERSION "2.27"
| #define STDC_HEADERS 1
| #define HAVE_SYS_TYPES_H 1
| #define HAVE_SYS_STAT_H 1
| #define HAVE_STDLIB_H 1
| #define HAVE_STRING_H 1
| #define HAVE_MEMORY_H 1
| #define HAVE_STRINGS_H 1
| #define HAVE_INTTYPES_H 1
| #define HAVE_STDINT_H 1
| #define HAVE_UNISTD_H 1
| #define __EXTENSIONS__ 1
| #define _ALL_SOURCE 1
| #define _GNU_SOURCE 1
| #define _POSIX_PTHREAD_SEMANTICS 1
| #define _TANDEM_SOURCE 1
| #define HAVE_DLFCN_H 1
| #define LT_OBJDIR ".libs/"
| #define HAVE_DLFCN_H 1
| #define DEFAULT_AR_DETERMINISTIC 0
| #define DEFAULT_STRINGS_ALL 1
| #define EXECUTABLE_SUFFIX ""
| #define SIZEOF_LONG 8
| /* end confdefs.h.  */
| #include <stdio.h>
| #ifdef HAVE_SYS_TYPES_H
| # include <sys/types.h>
| #endif
| #ifdef HAVE_SYS_STAT_H
| # include <sys/stat.h>
| #endif
| #ifdef STDC_HEADERS
| # include <stdlib.h>
| # include <stddef.h>
| #else
| # ifdef HAVE_STDLIB_H
| #  include <stdlib.h>
| # endif
| #endif
| #ifdef HAVE_STRING_H
| # if !defined STDC_HEADERS && defined HAVE_MEMORY_H
| #  include <memory.h>
| # endif
| # include <string.h>
| #endif
| #ifdef HAVE_STRINGS_H
| # include <strings.h>
| #endif
| #ifdef HAVE_INTTYPES_H
| # include <inttypes.h>
| #endif
| #ifdef HAVE_STDINT_H
| # include <stdint.h>
| #endif
| #ifdef HAVE_UNISTD_H
| # include <unistd.h>
| #endif
| int
| main ()
| {
| if (sizeof ((long long)))
| 	    return 0;
|   ;
|   return 0;
| }
configure:12876: result: yes
configure:12887: checking size of long long
configure:12892: gcc -o conftest -g -O2    conftest.c -ldl  >&5
configure:12892: $? = 0
configure:12892: ./conftest
configure:12892: $? = 0
configure:12907: result: 8
configure:12923: checking for string.h
configure:12923: result: yes
configure:12923: checking for strings.h
configure:12923: result: yes
configure:12923: checking for stdlib.h
configure:12923: result: yes
configure:12923: checking for unistd.h
configure:12923: result: yes
configure:12923: checking fcntl.h usability
configure:12923: gcc -c -g -O2  conftest.c >&5
configure:12923: $? = 0
configure:12923: result: yes
configure:12923: checking fcntl.h presence
configure:12923: gcc -E  conftest.c
configure:12923: $? = 0
configure:12923: result: yes
configure:12923: checking for fcntl.h
configure:12923: result: yes
configure:12923: checking sys/file.h usability
configure:12923: gcc -c -g -O2  conftest.c >&5
configure:12923: $? = 0
configure:12923: result: yes
configure:12923: checking sys/file.h presence
configure:12923: gcc -E  conftest.c
configure:12923: $? = 0
configure:12923: result: yes
configure:12923: checking for sys/file.h
configure:12923: result: yes
configure:12923: checking limits.h usability
configure:12923: gcc -c -g -O2  conftest.c >&5
configure:12923: $? = 0
configure:12923: result: yes
configure:12923: checking limits.h presence
configure:12923: gcc -E  conftest.c
configure:12923: $? = 0
configure:12923: result: yes
configure:12923: checking for limits.h
configure:12923: result: yes
configure:12923: checking locale.h usability
configure:12923: gcc -c -g -O2  conftest.c >&5
configure:12923: $? = 0
configure:12923: result: yes
configure:12923: checking locale.h presence
configure:12923: gcc -E  conftest.c
configure:12923: $? = 0
configure:12923: result: yes
configure:12923: checking for locale.h
configure:12923: result: yes
configure:12923: checking sys/param.h usability
configure:12923: gcc -c -g -O2  conftest.c >&5
configure:12923: $? = 0
configure:12923: result: yes
configure:12923: checking sys/param.h presence
configure:12923: gcc -E  conftest.c
configure:12923: $? = 0
configure:12923: result: yes
configure:12923: checking for sys/param.h
configure:12923: result: yes
configure:12923: checking wchar.h usability
configure:12923: gcc -c -g -O2  conftest.c >&5
configure:12923: $? = 0
configure:12923: result: yes
configure:12923: checking wchar.h presence
configure:12923: gcc -E  conftest.c
configure:12923: $? = 0
configure:12923: result: yes
configure:12923: checking for wchar.h
configure:12923: result: yes
configure:12934: checking for sys/wait.h that is POSIX.1 compatible
configure:12960: gcc -c -g -O2  conftest.c >&5
configure:12960: $? = 0
configure:12967: result: yes
configure:12975: checking whether string.h and strings.h may both be included
configure:12992: gcc -c -g -O2  conftest.c >&5
configure:12992: $? = 0
configure:12999: result: yes
configure:13009: checking for working alloca.h
configure:13026: gcc -o conftest -g -O2    conftest.c -ldl  >&5
configure:13026: $? = 0
configure:13034: result: yes
configure:13042: checking for alloca
configure:13079: gcc -o conftest -g -O2    conftest.c -ldl  >&5
configure:13079: $? = 0
configure:13087: result: yes
configure:13200: checking for sbrk
configure:13200: gcc -o conftest -g -O2    conftest.c -ldl  >&5
configure:13200: $? = 0
configure:13200: result: yes
configure:13200: checking for utimes
configure:13200: gcc -o conftest -g -O2    conftest.c -ldl  >&5
configure:13200: $? = 0
configure:13200: result: yes
configure:13200: checking for setmode
configure:13200: gcc -o conftest -g -O2    conftest.c -ldl  >&5
/tmp/cc9SdWZ8.o: In function `main':
/home/users/ktran20/lab3/tools/gcc-mips/build/binutils-build/binutils/conftest.c:85: undefined reference to `setmode'
collect2: error: ld returned 1 exit status
configure:13200: $? = 1
configure: failed program was:
| /* confdefs.h */
| #define PACKAGE_NAME "binutils"
| #define PACKAGE_TARNAME "binutils"
| #define PACKAGE_VERSION "2.27"
| #define PACKAGE_STRING "binutils 2.27"
| #define PACKAGE_BUGREPORT ""
| #define PACKAGE_URL ""
| #define PACKAGE "binutils"
| #define VERSION "2.27"
| #define STDC_HEADERS 1
| #define HAVE_SYS_TYPES_H 1
| #define HAVE_SYS_STAT_H 1
| #define HAVE_STDLIB_H 1
| #define HAVE_STRING_H 1
| #define HAVE_MEMORY_H 1
| #define HAVE_STRINGS_H 1
| #define HAVE_INTTYPES_H 1
| #define HAVE_STDINT_H 1
| #define HAVE_UNISTD_H 1
| #define __EXTENSIONS__ 1
| #define _ALL_SOURCE 1
| #define _GNU_SOURCE 1
| #define _POSIX_PTHREAD_SEMANTICS 1
| #define _TANDEM_SOURCE 1
| #define HAVE_DLFCN_H 1
| #define LT_OBJDIR ".libs/"
| #define HAVE_DLFCN_H 1
| #define DEFAULT_AR_DETERMINISTIC 0
| #define DEFAULT_STRINGS_ALL 1
| #define EXECUTABLE_SUFFIX ""
| #define SIZEOF_LONG 8
| #define HAVE_LONG_LONG 1
| #define SIZEOF_LONG_LONG 8
| #define HAVE_STRING_H 1
| #define HAVE_STRINGS_H 1
| #define HAVE_STDLIB_H 1
| #define HAVE_UNISTD_H 1
| #define HAVE_FCNTL_H 1
| #define HAVE_SYS_FILE_H 1
| #define HAVE_LIMITS_H 1
| #define HAVE_LOCALE_H 1
| #define HAVE_SYS_PARAM_H 1
| #define HAVE_WCHAR_H 1
| #define HAVE_SYS_WAIT_H 1
| #define STRING_WITH_STRINGS 1
| #define HAVE_ALLOCA_H 1
| #define HAVE_ALLOCA 1
| #define HAVE_SBRK 1
| #define HAVE_UTIMES 1
| /* end confdefs.h.  */
| /* Define setmode to an innocuous variant, in case <limits.h> declares setmode.
|    For example, HP-UX 11i <limits.h> declares gettimeofday.  */
| #define setmode innocuous_setmode
| 
| /* System header to define __stub macros and hopefully few prototypes,
|     which can conflict with char setmode (); below.
|     Prefer <limits.h> to <assert.h> if __STDC__ is defined, since
|     <limits.h> exists even on freestanding compilers.  */
| 
| #ifdef __STDC__
| # include <limits.h>
| #else
| # include <assert.h>
| #endif
| 
| #undef setmode
| 
| /* Override any GCC internal prototype to avoid an error.
|    Use char because int might match the return type of a GCC
|    builtin and then its argument prototype would still apply.  */
| #ifdef __cplusplus
| extern "C"
| #endif
| char setmode ();
| /* The GNU C library defines this for functions which it implements
|     to always fail with ENOSYS.  Some functions are actually named
|     something starting with __ and the normal name is an alias.  */
| #if defined __stub_setmode || defined __stub___setmode
| choke me
| #endif
| 
| int
| main ()
| {
| return setmode ();
|   ;
|   return 0;
| }
configure:13200: result: no
configure:13200: checking for getc_unlocked
configure:13200: gcc -o conftest -g -O2    conftest.c -ldl  >&5
configure:13200: $? = 0
configure:13200: result: yes
configure:13200: checking for strcoll
configure:13200: gcc -o conftest -g -O2    conftest.c -ldl  >&5
configure:13200: $? = 0
configure:13200: result: yes
configure:13200: checking for setlocale
configure:13200: gcc -o conftest -g -O2    conftest.c -ldl  >&5
configure:13200: $? = 0
configure:13200: result: yes
configure:13210: checking for mkstemp
configure:13210: gcc -o conftest -g -O2    conftest.c -ldl  >&5
configure:13210: $? = 0
configure:13210: result: yes
configure:13217: checking for mkdtemp
configure:13217: gcc -o conftest -g -O2    conftest.c -ldl  >&5
configure:13217: $? = 0
configure:13217: result: yes
configure:13224: checking for mbstate_t
configure:13237: gcc -c -g -O2  conftest.c >&5
configure:13237: $? = 0
configure:13243: result: yes
configure:13252: checking for library containing frexp
configure:13283: gcc -o conftest -g -O2    conftest.c -ldl  >&5
conftest.c:64:6: warning: conflicting types for built-in function 'frexp' [-Wbuiltin-declaration-mismatch]
 char frexp ();
      ^~~~~
configure:13283: $? = 0
configure:13300: result: none required
configure:13310: checking for LC_MESSAGES
configure:13326: gcc -o conftest -g -O2    conftest.c -ldl  >&5
configure:13326: $? = 0
configure:13334: result: yes
configure:13343: checking for time_t in time.h
configure:13359: gcc -c -g -O2  conftest.c >&5
configure:13359: $? = 0
configure:13367: result: yes
configure:13375: checking for time_t in sys/types.h
configure:13391: gcc -c -g -O2  conftest.c >&5
configure:13391: $? = 0
configure:13399: result: yes
configure:13407: checking for a known getopt prototype in unistd.h
configure:13423: gcc -c -g -O2  conftest.c >&5
configure:13423: $? = 0
configure:13431: result: yes
configure:13441: checking for utime.h
configure:13461: gcc -c -g -O2  conftest.c >&5
configure:13461: $? = 0
configure:13469: result: yes
configure:13477: checking whether environ is declared
configure:13477: gcc -c -g -O2  conftest.c >&5
configure:13477: $? = 0
configure:13477: result: yes
configure:13487: checking whether fprintf is declared
configure:13487: gcc -c -g -O2  conftest.c >&5
configure:13487: $? = 0
configure:13487: result: yes
configure:13497: checking whether getc_unlocked is declared
configure:13497: gcc -c -g -O2  conftest.c >&5
configure:13497: $? = 0
configure:13497: result: yes
configure:13507: checking whether getenv is declared
configure:13507: gcc -c -g -O2  conftest.c >&5
configure:13507: $? = 0
configure:13507: result: yes
configure:13517: checking whether sbrk is declared
configure:13517: gcc -c -g -O2  conftest.c >&5
configure:13517: $? = 0
configure:13517: result: yes
configure:13527: checking whether snprintf is declared
configure:13527: gcc -c -g -O2  conftest.c >&5
configure:13527: $? = 0
configure:13527: result: yes
configure:13537: checking whether stpcpy is declared
configure:13537: gcc -c -g -O2  conftest.c >&5
configure:13537: $? = 0
configure:13537: result: yes
configure:13547: checking whether strnlen is declared
configure:13547: gcc -c -g -O2  conftest.c >&5
configure:13547: $? = 0
configure:13547: result: yes
configure:13557: checking whether strstr is declared
configure:13557: gcc -c -g -O2  conftest.c >&5
configure:13557: $? = 0
configure:13557: result: yes
configure:13567: checking whether vsnprintf is declared
configure:13567: gcc -c -g -O2  conftest.c >&5
configure:13567: $? = 0
configure:13567: result: yes
configure:13624: checking iconv.h usability
configure:13624: gcc -c -g -O2  conftest.c >&5
configure:13624: $? = 0
configure:13624: result: yes
configure:13624: checking iconv.h presence
configure:13624: gcc -E  conftest.c
configure:13624: $? = 0
configure:13624: result: yes
configure:13624: checking for iconv.h
configure:13624: result: yes
configure:13670: checking for ld used by GCC
configure:13733: result: ld -m elf_x86_64
configure:13740: checking if the linker (ld -m elf_x86_64) is GNU ld
GNU ld version 2.30-123.el8
configure:13752: result: yes
configure:13758: checking for shared library run path origin
configure:13771: result: done
configure:14176: checking for iconv
configure:14200: gcc -o conftest -g -O2     conftest.c -ldl  >&5
configure:14200: $? = 0
configure:14274: result: yes
configure:14317: checking for iconv declaration
configure:14346: gcc -c -g -O2  conftest.c >&5
configure:14346: $? = 0
configure:14357: result: install-shextern size_t iconv (iconv_t cd, char * *inbuf, size_t *inbytesleft, char * *outbuf, size_t *outbytesleft);
configure:14718: updating cache ./config.cache
configure:14779: creating ./config.status

## ---------------------- ##
## Running config.status. ##
## ---------------------- ##

This file was extended by binutils config.status 2.27, which was
generated by GNU Autoconf 2.64.  Invocation command line was

  CONFIG_FILES    = 
  CONFIG_HEADERS  = 
  CONFIG_LINKS    = 
  CONFIG_COMMANDS = 
  $ ./config.status 

on iron-03

config.status:1180: creating Makefile
config.status:1180: creating doc/Makefile
config.status:1180: creating po/Makefile.in
config.status:1180: creating config.h
config.status:1393: executing depfiles commands
config.status:1393: executing libtool commands
config.status:1393: executing default-1 commands

## ---------------- ##
## Cache variables. ##
## ---------------- ##

ac_cv_build=x86_64-pc-linux-gnu
ac_cv_c_compiler_gnu=yes
ac_cv_env_CC_set=set
ac_cv_env_CC_value=gcc
ac_cv_env_CFLAGS_set=set
ac_cv_env_CFLAGS_value='-g -O2'
ac_cv_env_CPPFLAGS_set=
ac_cv_env_CPPFLAGS_value=
ac_cv_env_CPP_set=
ac_cv_env_CPP_value=
ac_cv_env_LDFLAGS_set=set
ac_cv_env_LDFLAGS_value=' '
ac_cv_env_LIBS_set=
ac_cv_env_LIBS_value=
ac_cv_env_YACC_set=set
ac_cv_env_YACC_value='/home/users/ktran20/lab3/tools/gcc-mips/build/binutils-2.27/missing bison -y'
ac_cv_env_YFLAGS_set=
ac_cv_env_YFLAGS_value=
ac_cv_env_build_alias_set=set
ac_cv_env_build_alias_value=x86_64-pc-linux-gnu
ac_cv_env_host_alias_set=set
ac_cv_env_host_alias_value=x86_64-pc-linux-gnu
ac_cv_env_target_alias_set=set
ac_cv_env_target_alias_value=mips-elf
ac_cv_func_alloca_works=yes
ac_cv_func_getc_unlocked=yes
ac_cv_func_mkdtemp=yes
ac_cv_func_mkstemp=yes
ac_cv_func_sbrk=yes
ac_cv_func_setlocale=yes
ac_cv_func_setmode=no
ac_cv_func_strcoll=yes
ac_cv_func_utimes=yes
ac_cv_have_decl_environ=yes
ac_cv_have_decl_fprintf=yes
ac_cv_have_decl_getc_unlocked=yes
ac_cv_have_decl_getenv=yes
ac_cv_have_decl_sbrk=yes
ac_cv_have_decl_snprintf=yes
ac_cv_have_decl_stpcpy=yes
ac_cv_have_decl_strnlen=yes
ac_cv_have_decl_strstr=yes
ac_cv_have_decl_vsnprintf=yes
ac_cv_header_dlfcn_h=yes
ac_cv_header_fcntl_h=yes
ac_cv_header_iconv_h=yes
ac_cv_header_inttypes_h=yes
ac_cv_header_limits_h=yes
ac_cv_header_locale_h=yes
ac_cv_header_memory_h=yes
ac_cv_header_minix_config_h=no
ac_cv_header_stdc=yes
ac_cv_header_stdint_h=yes
ac_cv_header_stdlib_h=yes
ac_cv_header_string_h=yes
ac_cv_header_strings_h=yes
ac_cv_header_sys_file_h=yes
ac_cv_header_sys_param_h=yes
ac_cv_header_sys_stat_h=yes
ac_cv_header_sys_types_h=yes
ac_cv_header_sys_wait_h=yes
ac_cv_header_unistd_h=yes
ac_cv_header_wchar_h=yes
ac_cv_header_windows_h=no
ac_cv_host=x86_64-pc-linux-gnu
ac_cv_objext=o
ac_cv_path_EGREP='/usr/bin/grep -E'
ac_cv_path_FGREP='/usr/bin/grep -F'
ac_cv_path_GMSGFMT=/usr/bin/msgfmt
ac_cv_path_GREP=/usr/bin/grep
ac_cv_path_MSGFMT=/usr/bin/msgfmt
ac_cv_path_MSGMERGE=/usr/bin/msgmerge
ac_cv_path_SED=/usr/bin/sed
ac_cv_path_XGETTEXT=/usr/bin/xgettext
ac_cv_path_mkdir=/usr/bin/mkdir
ac_cv_prog_AR=ar
ac_cv_prog_AWK=gawk
ac_cv_prog_CC=gcc
ac_cv_prog_CPP='gcc -E'
ac_cv_prog_LEX='/home/users/ktran20/lab3/tools/gcc-mips/build/binutils-2.27/missing flex'
ac_cv_prog_OBJDUMP=objdump
ac_cv_prog_RANLIB=ranlib
ac_cv_prog_YACC='/home/users/ktran20/lab3/tools/gcc-mips/build/binutils-2.27/missing bison -y'
ac_cv_prog_ac_ct_STRIP=strip
ac_cv_prog_cc_c89=
ac_cv_prog_cc_g=yes
ac_cv_prog_make_make_set=yes
ac_cv_safe_to_define___extensions__=yes
ac_cv_search_dlopen=-ldl
ac_cv_search_frexp='none required'
ac_cv_search_strerror='none required'
ac_cv_sizeof_long=8
ac_cv_sizeof_long_long=8
ac_cv_sys_file_offset_bits=no
ac_cv_sys_largefile_CC=no
ac_cv_target=mips-unknown-elf
ac_cv_type_long_long=yes
ac_cv_working_alloca_h=yes
acl_cv_hardcode_direct=no
acl_cv_hardcode_libdir_flag_spec='${wl}-rpath ${wl}$libdir'
acl_cv_hardcode_libdir_separator=
acl_cv_hardcode_minus_L=no
acl_cv_libext=a
acl_cv_path_LD='ld -m elf_x86_64'
acl_cv_prog_gnu_ld=yes
acl_cv_rpath=done
acl_cv_shlibext=so
acl_cv_wl=-Wl,
am_cv_CC_dependencies_compiler_type=gcc3
am_cv_func_iconv=yes
am_cv_lib_iconv=no
am_cv_proto_iconv='extern size_t iconv (iconv_t cd, char * *inbuf, size_t *inbytesleft, char * *outbuf, size_t *outbytesleft);'
am_cv_proto_iconv_arg1=
am_cv_val_LC_MESSAGES=yes
bu_cv_decl_getopt_unistd_h=yes
bu_cv_decl_time_t_time_h=yes
bu_cv_decl_time_t_types_h=yes
bu_cv_header_utime_h=yes
gcc_cv_header_string=yes
lt_cv_archive_cmds_need_lc=no
lt_cv_deplibs_check_method=pass_all
lt_cv_file_magic_cmd='$MAGIC_CMD'
lt_cv_file_magic_test_file=
lt_cv_ld_reload_flag=-r
lt_cv_nm_interface='BSD nm'
lt_cv_objdir=.libs
lt_cv_path_LD=ld
lt_cv_path_NM=nm
lt_cv_prog_compiler_c_o=yes
lt_cv_prog_compiler_pic_works=yes
lt_cv_prog_compiler_rtti_exceptions=no
lt_cv_prog_compiler_static_works=no
lt_cv_prog_gnu_ld=yes
lt_cv_shlibpath_overrides_runpath=no
lt_cv_sys_global_symbol_pipe='sed -n -e '\''s/^.*[	 ]\([ABCDGIRSTW][ABCDGIRSTW]*\)[	 ][	 ]*\([_A-Za-z][_A-Za-z0-9]*\)$/\1 \2 \2/p'\'''
lt_cv_sys_global_symbol_to_c_name_address='sed -n -e '\''s/^: \([^ ]*\) $/  {\"\1\", (void *) 0},/p'\'' -e '\''s/^[ABCDGIRSTW]* \([^ ]*\) \([^ ]*\)$/  {"\2", (void *) \&\2},/p'\'''
lt_cv_sys_global_symbol_to_c_name_address_lib_prefix='sed -n -e '\''s/^: \([^ ]*\) $/  {\"\1\", (void *) 0},/p'\'' -e '\''s/^[ABCDGIRSTW]* \([^ ]*\) \(lib[^ ]*\)$/  {"\2", (void *) \&\2},/p'\'' -e '\''s/^[ABCDGIRSTW]* \([^ ]*\) \([^ ]*\)$/  {"lib\2", (void *) \&\2},/p'\'''
lt_cv_sys_global_symbol_to_cdecl='sed -n -e '\''s/^T .* \(.*\)$/extern int \1();/p'\'' -e '\''s/^[ABCDGIRSTW]* .* \(.*\)$/extern char \1;/p'\'''
lt_cv_sys_max_cmd_len=1572864

## ----------------- ##
## Output variables. ##
## ----------------- ##

ACLOCAL='${SHELL} /home/users/ktran20/lab3/tools/gcc-mips/build/binutils-2.27/missing --run aclocal-1.11'
ALLOCA=''
AMDEPBACKSLASH='\'
AMDEP_FALSE='#'
AMDEP_TRUE=''
AMTAR='$${TAR-tar}'
AR='ar'
AUTOCONF='${SHELL} /home/users/ktran20/lab3/tools/gcc-mips/build/binutils-2.27/missing --run autoconf'
AUTOHEADER='${SHELL} /home/users/ktran20/lab3/tools/gcc-mips/build/binutils-2.27/missing --run autoheader'
AUTOMAKE='${SHELL} /home/users/ktran20/lab3/tools/gcc-mips/build/binutils-2.27/missing --run automake-1.11'
AWK='gawk'
BUILD_DLLTOOL=''
BUILD_DLLWRAP=''
BUILD_INSTALL_MISC=''
BUILD_MISC=''
BUILD_NLMCONV=''
BUILD_SRCONV=''
BUILD_WINDMC=''
BUILD_WINDRES=''
CATALOGS=''
CATOBJEXT=''
CC='gcc'
CCDEPMODE='depmode=gcc3'
CC_FOR_BUILD='gcc'
CFLAGS='-g -O2'
CPP='gcc -E'
CPPFLAGS=''
CYGPATH_W='echo'
DATADIRNAME=''
DEFS='-DHAVE_CONFIG_H'
DEMANGLER_NAME='c++filt'
DEPDIR='.deps'
DLLTOOL_DEFS=' '
DSYMUTIL=''
DUMPBIN=''
ECHO_C=''
ECHO_N='-n'
ECHO_T=''
EGREP='/usr/bin/grep -E'
EMULATION='vanilla'
EMULATION_VECTOR='bin_vanilla_emulation'
EXEEXT=''
EXEEXT_FOR_BUILD='$(EXEEXT)'
FGREP='/usr/bin/grep -F'
GENCAT=''
GENINSRC_NEVER_FALSE=''
GENINSRC_NEVER_TRUE='#'
GMSGFMT='/usr/bin/msgfmt'
GREP='/usr/bin/grep'
HDEFINES=''
INCINTL=''
INSTALL_DATA='/usr/bin/install -c -m 644'
INSTALL_PROGRAM='/usr/bin/install -c'
INSTALL_SCRIPT='/usr/bin/install -c'
INSTALL_STRIP_PROGRAM='$(install_sh) -c -s'
INSTOBJEXT=''
LD='ld -m elf_x86_64'
LDFLAGS=' '
LEX='/home/users/ktran20/lab3/tools/gcc-mips/build/binutils-2.27/missing flex'
LEXLIB=''
LEX_OUTPUT_ROOT=''
LIBICONV=''
LIBINTL=''
LIBINTL_DEP=''
LIBOBJS=''
LIBS='-ldl '
LIBTOOL='$(SHELL) $(top_builddir)/libtool'
LIPO=''
LN_S='ln -s'
LTLIBICONV=''
LTLIBOBJS=''
MAINT='#'
MAINTAINER_MODE_FALSE=''
MAINTAINER_MODE_TRUE='#'
MAKEINFO='/home/users/ktran20/lab3/tools/gcc-mips/build/binutils-2.27/missing makeinfo --split-size=5000000'
MKDIR_P='/usr/bin/mkdir -p'
MKINSTALLDIRS='$(top_builddir)/../../binutils-2.27/binutils/../mkinstalldirs'
MSGFMT='/usr/bin/msgfmt'
MSGMERGE='/usr/bin/msgmerge'
NLMCONV_DEFS=''
NM='nm'
NMEDIT=''
NO_WERROR=''
OBJDUMP='objdump'
OBJDUMP_DEFS=' -DOBJDUMP_PRIVATE_VECTORS=""'
OBJDUMP_PRIVATE_OFILES=''
OBJEXT='o'
OTOOL64=''
OTOOL=''
PACKAGE='binutils'
PACKAGE_BUGREPORT=''
PACKAGE_NAME='binutils'
PACKAGE_STRING='binutils 2.27'
PACKAGE_TARNAME='binutils'
PACKAGE_URL=''
PACKAGE_VERSION='2.27'
PATH_SEPARATOR=':'
POSUB=''
RANLIB='ranlib'
SED='/usr/bin/sed'
SET_MAKE=''
SHELL='/bin/sh'
STRIP='strip'
USE_NLS='no'
VERSION='2.27'
WARN_CFLAGS='-W -Wall -Wstrict-prototypes -Wmissing-prototypes -Wshadow -Wstack-usage=262144'
WARN_WRITE_STRINGS='-Wwrite-strings'
XGETTEXT='/usr/bin/xgettext'
YACC='/home/users/ktran20/lab3/tools/gcc-mips/build/binutils-2.27/missing bison -y'
YFLAGS=''
ac_ct_CC=''
ac_ct_DUMPBIN=''
am__EXEEXT_FALSE=''
am__EXEEXT_TRUE='#'
am__fastdepCC_FALSE='#'
am__fastdepCC_TRUE=''
am__include='include'
am__isrc=' -I$(srcdir)'
am__leading_dot='.'
am__nodep='_no'
am__quote=''
am__tar='$${TAR-tar} chof - "$$tardir"'
am__untar='$${TAR-tar} xf -'
bindir='${exec_prefix}/bin'
build='x86_64-pc-linux-gnu'
build_alias='x86_64-pc-linux-gnu'
build_cpu='x86_64'
build_os='linux-gnu'
build_vendor='pc'
datadir='${datarootdir}'
datarootdir='${prefix}/share'
docdir='${datarootdir}/doc/${PACKAGE_TARNAME}'
dvidir='${docdir}'
exec_prefix='${prefix}'
host='x86_64-pc-linux-gnu'
host_alias='x86_64-pc-linux-gnu'
host_cpu='x86_64'
host_os='linux-gnu'
host_vendor='pc'
htmldir='${docdir}'
includedir='${prefix}/include'
infodir='${datarootdir}/info'
install_sh='${SHELL} /home/users/ktran20/lab3/tools/gcc-mips/build/binutils-2.27/install-sh'
libdir='${exec_prefix}/lib'
libexecdir='${exec_prefix}/libexec'
localedir='${datarootdir}/locale'
localstatedir='${prefix}/var'
mandir='${datarootdir}/man'
mkdir_p='/usr/bin/mkdir -p'
oldincludedir='/usr/include'
pdfdir='${docdir}'
prefix='/home/users/ktran20/lab3/tools/gcc-mips/mips_tc'
program_transform_name='s&^&mips-elf-&'
psdir='${docdir}'
sbindir='${exec_prefix}/sbin'
sharedstatedir='${prefix}/com'
sysconfdir='${prefix}/etc'
target='mips-unknown-elf'
target_alias='mips-elf'
target_cpu='mips'
target_os='elf'
target_vendor='unknown'
zlibdir='-L$(top_builddir)/../zlib'
zlibinc='-I$(top_srcdir)/../zlib'

## ----------- ##
## confdefs.h. ##
## ----------- ##

/* confdefs.h */
#define PACKAGE_NAME "binutils"
#define PACKAGE_TARNAME "binutils"
#define PACKAGE_VERSION "2.27"
#define PACKAGE_STRING "binutils 2.27"
#define PACKAGE_BUGREPORT ""
#define PACKAGE_URL ""
#define PACKAGE "binutils"
#define VERSION "2.27"
#define STDC_HEADERS 1
#define HAVE_SYS_TYPES_H 1
#define HAVE_SYS_STAT_H 1
#define HAVE_STDLIB_H 1
#define HAVE_STRING_H 1
#define HAVE_MEMORY_H 1
#define HAVE_STRINGS_H 1
#define HAVE_INTTYPES_H 1
#define HAVE_STDINT_H 1
#define HAVE_UNISTD_H 1
#define __EXTENSIONS__ 1
#define _ALL_SOURCE 1
#define _GNU_SOURCE 1
#define _POSIX_PTHREAD_SEMANTICS 1
#define _TANDEM_SOURCE 1
#define HAVE_DLFCN_H 1
#define LT_OBJDIR ".libs/"
#define HAVE_DLFCN_H 1
#define DEFAULT_AR_DETERMINISTIC 0
#define DEFAULT_STRINGS_ALL 1
#define EXECUTABLE_SUFFIX ""
#define SIZEOF_LONG 8
#define HAVE_LONG_LONG 1
#define SIZEOF_LONG_LONG 8
#define HAVE_STRING_H 1
#define HAVE_STRINGS_H 1
#define HAVE_STDLIB_H 1
#define HAVE_UNISTD_H 1
#define HAVE_FCNTL_H 1
#define HAVE_SYS_FILE_H 1
#define HAVE_LIMITS_H 1
#define HAVE_LOCALE_H 1
#define HAVE_SYS_PARAM_H 1
#define HAVE_WCHAR_H 1
#define HAVE_SYS_WAIT_H 1
#define STRING_WITH_STRINGS 1
#define HAVE_ALLOCA_H 1
#define HAVE_ALLOCA 1
#define HAVE_SBRK 1
#define HAVE_UTIMES 1
#define HAVE_GETC_UNLOCKED 1
#define HAVE_STRCOLL 1
#define HAVE_SETLOCALE 1
#define HAVE_MKSTEMP 1
#define HAVE_MKDTEMP 1
#define HAVE_MBSTATE_T 1
#define HAVE_LC_MESSAGES 1
#define HAVE_TIME_T_IN_TIME_H 1
#define HAVE_TIME_T_IN_TYPES_H 1
#define HAVE_DECL_GETOPT 1
#define HAVE_GOOD_UTIME_H 1
#define HAVE_DECL_ENVIRON 1
#define HAVE_DECL_FPRINTF 1
#define HAVE_DECL_GETC_UNLOCKED 1
#define HAVE_DECL_GETENV 1
#define HAVE_DECL_SBRK 1
#define HAVE_DECL_SNPRINTF 1
#define HAVE_DECL_STPCPY 1
#define HAVE_DECL_STRNLEN 1
#define HAVE_DECL_STRSTR 1
#define HAVE_DECL_VSNPRINTF 1
#define HAVE_ICONV 1
#define ICONV_CONST 
#define TARGET "mips-unknown-elf"
#define TARGET_PREPENDS_UNDERSCORE 0

configure: exit 0
